TRACE::2019-12-05.10:31:23::SCWBifWriter::Found the complete platform C:/Users/nc1220/xilinx_workspace/dvd_firmware/default/export/default/default.xpfm
TRACE::2019-12-05.10:31:23::SCWBifWriter::hardware databse : system_wrapper_3
TRACE::2019-12-05.10:31:23::SCWBifWriter::bitstream found in the design
TRACE::2019-12-05.10:31:23::SCWBifWriter::Found a baremetal domain, proc: ps7_cortexa9_0
TRACE::2019-12-05.10:31:23::SCWBifWriter::proc type : 
TRACE::2019-12-05.10:31:23::SCWBifWriter::proc[0] : ps7_cortexa9_0
TRACE::2019-12-05.10:31:24::SCWBifWriter::Device type is : zynq
TRACE::2019-12-05.10:31:24::SCWBifWriter::Writing BIF to file : C:/Users/nc1220/xilinx_workspace/dvd_firmware/dvd_firmware_system/Debug/system.bif
TRACE::2019-12-05.10:31:24::SCWBifWriter::Writing the Zynq Baremetal bif 
TRACE::2019-12-05.15:36:11::SCWBifWriter::Found the complete platform C:/Users/nc1220/xilinx_workspace/dvd_firmware/default/export/default/default.xpfm
TRACE::2019-12-05.15:36:11::SCWBifWriter::hardware databse : system_wrapper_4
TRACE::2019-12-05.15:36:11::SCWBifWriter::bitstream found in the design
TRACE::2019-12-05.15:36:11::SCWBifWriter::Found a baremetal domain, proc: ps7_cortexa9_0
TRACE::2019-12-05.15:36:11::SCWBifWriter::proc type : 
TRACE::2019-12-05.15:36:11::SCWBifWriter::proc[0] : ps7_cortexa9_0
TRACE::2019-12-05.15:36:11::SCWBifWriter::Device type is : zynq
TRACE::2019-12-05.15:36:11::SCWBifWriter::Writing BIF to file : C:/Users/nc1220/xilinx_workspace/dvd_firmware/dvd_firmware_system/Debug/system.bif
TRACE::2019-12-05.15:36:11::SCWBifWriter::Writing the Zynq Baremetal bif 
TRACE::2019-12-05.16:11:26::SCWBifWriter::Found the complete platform C:/Users/nc1220/xilinx_workspace/dvd_firmware/default/export/default/default.xpfm
TRACE::2019-12-05.16:11:26::SCWBifWriter::hardware databse : system_wrapper_4
TRACE::2019-12-05.16:11:26::SCWBifWriter::bitstream found in the design
TRACE::2019-12-05.16:11:26::SCWBifWriter::Found a baremetal domain, proc: ps7_cortexa9_0
TRACE::2019-12-05.16:11:26::SCWBifWriter::proc type : 
TRACE::2019-12-05.16:11:26::SCWBifWriter::proc[0] : ps7_cortexa9_0
TRACE::2019-12-05.16:11:26::SCWBifWriter::Device type is : zynq
TRACE::2019-12-05.16:11:26::SCWBifWriter::Writing BIF to file : C:/Users/nc1220/xilinx_workspace/dvd_firmware/dvd_firmware_system/Debug/system.bif
TRACE::2019-12-05.16:11:26::SCWBifWriter::Writing the Zynq Baremetal bif 
TRACE::2019-12-12.10:15:16::SCWBifWriter::Found the complete platform C:/Users/nc1220/xilinx_workspace/dvd_firmware/default/export/default/default.xpfm
TRACE::2019-12-12.10:15:17::SCWBifWriter::hardware databse : system_wrapper
TRACE::2019-12-12.10:15:17::SCWBifWriter::bitstream found in the design
TRACE::2019-12-12.10:15:17::SCWBifWriter::Found a baremetal domain, proc: ps7_cortexa9_0
TRACE::2019-12-12.10:15:17::SCWBifWriter::proc type : 
TRACE::2019-12-12.10:15:17::SCWBifWriter::proc[0] : ps7_cortexa9_0
TRACE::2019-12-12.10:15:17::SCWBifWriter::Device type is : zynq
TRACE::2019-12-12.10:15:17::SCWBifWriter::Writing BIF to file : C:/Users/nc1220/xilinx_workspace/dvd_firmware/dvd_firmware_system/Debug/system.bif
TRACE::2019-12-12.10:15:17::SCWBifWriter::Writing the Zynq Baremetal bif 
TRACE::2019-12-12.10:16:26::SCWBifWriter::Found the complete platform C:/Users/nc1220/xilinx_workspace/dvd_firmware/default/export/default/default.xpfm
TRACE::2019-12-12.10:16:26::SCWBifWriter::hardware databse : system_wrapper
TRACE::2019-12-12.10:16:26::SCWBifWriter::bitstream found in the design
TRACE::2019-12-12.10:16:26::SCWBifWriter::Found a baremetal domain, proc: ps7_cortexa9_0
TRACE::2019-12-12.10:16:26::SCWBifWriter::proc type : 
TRACE::2019-12-12.10:16:26::SCWBifWriter::proc[0] : ps7_cortexa9_0
TRACE::2019-12-12.10:16:26::SCWBifWriter::Device type is : zynq
TRACE::2019-12-12.10:16:26::SCWBifWriter::Writing BIF to file : C:/Users/nc1220/xilinx_workspace/dvd_firmware/dvd_firmware_system/Debug/system.bif
TRACE::2019-12-12.10:16:26::SCWBifWriter::Writing the Zynq Baremetal bif 
TRACE::2019-12-12.10:17:31::SCWBifWriter::Found the complete platform C:/Users/nc1220/xilinx_workspace/dvd_firmware/default/export/default/default.xpfm
TRACE::2019-12-12.10:17:32::SCWBifWriter::hardware databse : system_wrapper
TRACE::2019-12-12.10:17:32::SCWBifWriter::bitstream found in the design
TRACE::2019-12-12.10:17:32::SCWBifWriter::Found a baremetal domain, proc: ps7_cortexa9_0
TRACE::2019-12-12.10:17:32::SCWBifWriter::proc type : 
TRACE::2019-12-12.10:17:32::SCWBifWriter::proc[0] : ps7_cortexa9_0
TRACE::2019-12-12.10:17:32::SCWBifWriter::Device type is : zynq
TRACE::2019-12-12.10:17:32::SCWBifWriter::Writing BIF to file : C:/Users/nc1220/xilinx_workspace/dvd_firmware/dvd_firmware_system/Debug/system.bif
TRACE::2019-12-12.10:17:32::SCWBifWriter::Writing the Zynq Baremetal bif 
TRACE::2019-12-12.10:18:28::SCWBifWriter::Found the complete platform C:/Users/nc1220/xilinx_workspace/dvd_firmware/default/export/default/default.xpfm
TRACE::2019-12-12.10:18:29::SCWBifWriter::hardware databse : system_wrapper
TRACE::2019-12-12.10:18:29::SCWBifWriter::bitstream found in the design
TRACE::2019-12-12.10:18:29::SCWBifWriter::Found a baremetal domain, proc: ps7_cortexa9_0
TRACE::2019-12-12.10:18:29::SCWBifWriter::proc type : 
TRACE::2019-12-12.10:18:29::SCWBifWriter::proc[0] : ps7_cortexa9_0
TRACE::2019-12-12.10:18:29::SCWBifWriter::Device type is : zynq
TRACE::2019-12-12.10:18:29::SCWBifWriter::Writing BIF to file : C:/Users/nc1220/xilinx_workspace/dvd_firmware/dvd_firmware_system/Debug/system.bif
TRACE::2019-12-12.10:18:29::SCWBifWriter::Writing the Zynq Baremetal bif 
TRACE::2019-12-12.10:21:03::SCWBifWriter::Found the complete platform C:/Users/nc1220/xilinx_workspace/dvd_firmware/default/export/default/default.xpfm
TRACE::2019-12-12.10:21:04::SCWBifWriter::hardware databse : system_wrapper_1
TRACE::2019-12-12.10:21:04::SCWBifWriter::bitstream found in the design
TRACE::2019-12-12.10:21:04::SCWBifWriter::Found a baremetal domain, proc: ps7_cortexa9_0
TRACE::2019-12-12.10:21:04::SCWBifWriter::proc type : 
TRACE::2019-12-12.10:21:04::SCWBifWriter::proc[0] : ps7_cortexa9_0
TRACE::2019-12-12.10:21:04::SCWBifWriter::Device type is : zynq
TRACE::2019-12-12.10:21:04::SCWBifWriter::Writing BIF to file : C:/Users/nc1220/xilinx_workspace/dvd_firmware/dvd_firmware_system/Debug/system.bif
TRACE::2019-12-12.10:21:04::SCWBifWriter::Writing the Zynq Baremetal bif 
TRACE::2019-12-12.10:26:34::SCWBifWriter::Found the complete platform C:/Users/nc1220/xilinx_workspace/dvd_firmware/default/export/default/default.xpfm
TRACE::2019-12-12.10:26:34::SCWBifWriter::hardware databse : system_wrapper_1
TRACE::2019-12-12.10:26:34::SCWBifWriter::bitstream found in the design
TRACE::2019-12-12.10:26:34::SCWBifWriter::Found a baremetal domain, proc: ps7_cortexa9_0
TRACE::2019-12-12.10:26:35::SCWBifWriter::proc type : 
TRACE::2019-12-12.10:26:35::SCWBifWriter::proc[0] : ps7_cortexa9_0
TRACE::2019-12-12.10:26:35::SCWBifWriter::Device type is : zynq
TRACE::2019-12-12.10:26:35::SCWBifWriter::Writing BIF to file : C:/Users/nc1220/xilinx_workspace/dvd_firmware/dvd_firmware_system/Debug/system.bif
TRACE::2019-12-12.10:26:35::SCWBifWriter::Writing the Zynq Baremetal bif 
TRACE::2019-12-12.10:27:44::SCWBifWriter::Found the complete platform C:/Users/nc1220/xilinx_workspace/dvd_firmware/default/export/default/default.xpfm
TRACE::2019-12-12.10:27:44::SCWBifWriter::hardware databse : system_wrapper_1
TRACE::2019-12-12.10:27:44::SCWBifWriter::bitstream found in the design
TRACE::2019-12-12.10:27:44::SCWBifWriter::Found a baremetal domain, proc: ps7_cortexa9_0
TRACE::2019-12-12.10:27:44::SCWBifWriter::proc type : 
TRACE::2019-12-12.10:27:44::SCWBifWriter::proc[0] : ps7_cortexa9_0
TRACE::2019-12-12.10:27:44::SCWBifWriter::Device type is : zynq
TRACE::2019-12-12.10:27:44::SCWBifWriter::Writing BIF to file : C:/Users/nc1220/xilinx_workspace/dvd_firmware/dvd_firmware_system/Debug/system.bif
TRACE::2019-12-12.10:27:44::SCWBifWriter::Writing the Zynq Baremetal bif 
TRACE::2019-12-12.10:37:03::SCWBifWriter::Found the complete platform C:/Users/nc1220/xilinx_workspace/dvd_firmware/default/export/default/default.xpfm
TRACE::2019-12-12.10:37:03::SCWBifWriter::hardware databse : system_wrapper
TRACE::2019-12-12.10:37:03::SCWBifWriter::bitstream found in the design
TRACE::2019-12-12.10:37:03::SCWBifWriter::Found a baremetal domain, proc: ps7_cortexa9_0
TRACE::2019-12-12.10:37:03::SCWBifWriter::proc type : 
TRACE::2019-12-12.10:37:03::SCWBifWriter::proc[0] : ps7_cortexa9_0
TRACE::2019-12-12.10:37:03::SCWBifWriter::Device type is : zynq
TRACE::2019-12-12.10:37:03::SCWBifWriter::Writing BIF to file : C:/Users/nc1220/xilinx_workspace/dvd_firmware/dvd_firmware_system/Debug/system.bif
TRACE::2019-12-12.10:37:03::SCWBifWriter::Writing the Zynq Baremetal bif 
TRACE::2019-12-12.10:42:38::SCWBifWriter::Found the complete platform C:/Users/nc1220/xilinx_workspace/dvd_firmware/default/export/default/default.xpfm
TRACE::2019-12-12.10:42:38::SCWBifWriter::hardware databse : system_wrapper_1
TRACE::2019-12-12.10:42:38::SCWBifWriter::bitstream found in the design
TRACE::2019-12-12.10:42:38::SCWBifWriter::Found a baremetal domain, proc: ps7_cortexa9_0
TRACE::2019-12-12.10:42:38::SCWBifWriter::proc type : 
TRACE::2019-12-12.10:42:38::SCWBifWriter::proc[0] : ps7_cortexa9_0
TRACE::2019-12-12.10:42:38::SCWBifWriter::Device type is : zynq
TRACE::2019-12-12.10:42:38::SCWBifWriter::Writing BIF to file : C:/Users/nc1220/xilinx_workspace/dvd_firmware/dvd_firmware_system/Debug/system.bif
TRACE::2019-12-12.10:42:38::SCWBifWriter::Writing the Zynq Baremetal bif 
TRACE::2019-12-12.10:44:33::SCWBifWriter::Found the complete platform C:/Users/nc1220/xilinx_workspace/dvd_firmware/default/export/default/default.xpfm
TRACE::2019-12-12.10:44:33::SCWBifWriter::hardware databse : system_wrapper_3
TRACE::2019-12-12.10:44:33::SCWBifWriter::bitstream found in the design
TRACE::2019-12-12.10:44:33::SCWBifWriter::Found a baremetal domain, proc: ps7_cortexa9_0
TRACE::2019-12-12.10:44:33::SCWBifWriter::proc type : 
TRACE::2019-12-12.10:44:33::SCWBifWriter::proc[0] : ps7_cortexa9_0
TRACE::2019-12-12.10:44:33::SCWBifWriter::Device type is : zynq
TRACE::2019-12-12.10:44:33::SCWBifWriter::Writing BIF to file : C:/Users/nc1220/xilinx_workspace/dvd_firmware/dvd_firmware_system/Debug/system.bif
TRACE::2019-12-12.10:44:33::SCWBifWriter::Writing the Zynq Baremetal bif 
TRACE::2019-12-12.10:50:31::SCWBifWriter::Found the complete platform C:/Users/nc1220/xilinx_workspace/dvd_firmware/default/export/default/default.xpfm
TRACE::2019-12-12.10:50:32::SCWBifWriter::hardware databse : system_wrapper_5
TRACE::2019-12-12.10:50:32::SCWBifWriter::bitstream found in the design
TRACE::2019-12-12.10:50:32::SCWBifWriter::Found a baremetal domain, proc: ps7_cortexa9_0
TRACE::2019-12-12.10:50:32::SCWBifWriter::proc type : 
TRACE::2019-12-12.10:50:32::SCWBifWriter::proc[0] : ps7_cortexa9_0
TRACE::2019-12-12.10:50:32::SCWBifWriter::Device type is : zynq
TRACE::2019-12-12.10:50:32::SCWBifWriter::Writing BIF to file : C:/Users/nc1220/xilinx_workspace/dvd_firmware/dvd_firmware_system/Debug/system.bif
TRACE::2019-12-12.10:50:32::SCWBifWriter::Writing the Zynq Baremetal bif 
TRACE::2019-12-12.10:52:10::SCWBifWriter::Found the complete platform C:/Users/nc1220/xilinx_workspace/dvd_firmware/default/export/default/default.xpfm
TRACE::2019-12-12.10:52:10::SCWBifWriter::hardware databse : system_wrapper_6
TRACE::2019-12-12.10:52:10::SCWBifWriter::bitstream found in the design
TRACE::2019-12-12.10:52:10::SCWBifWriter::Found a baremetal domain, proc: ps7_cortexa9_0
TRACE::2019-12-12.10:52:10::SCWBifWriter::proc type : 
TRACE::2019-12-12.10:52:10::SCWBifWriter::proc[0] : ps7_cortexa9_0
TRACE::2019-12-12.10:52:10::SCWBifWriter::Device type is : zynq
TRACE::2019-12-12.10:52:10::SCWBifWriter::Writing BIF to file : C:/Users/nc1220/xilinx_workspace/dvd_firmware/dvd_firmware_system/Debug/system.bif
TRACE::2019-12-12.10:52:10::SCWBifWriter::Writing the Zynq Baremetal bif 
TRACE::2019-12-12.10:54:19::SCWBifWriter::Found the complete platform C:/Users/nc1220/xilinx_workspace/dvd_firmware/default/export/default/default.xpfm
TRACE::2019-12-12.10:54:20::SCWBifWriter::hardware databse : system_wrapper_10
TRACE::2019-12-12.10:54:20::SCWBifWriter::bitstream found in the design
TRACE::2019-12-12.10:54:20::SCWBifWriter::Found a baremetal domain, proc: ps7_cortexa9_0
TRACE::2019-12-12.10:54:20::SCWBifWriter::proc type : 
TRACE::2019-12-12.10:54:20::SCWBifWriter::proc[0] : ps7_cortexa9_0
TRACE::2019-12-12.10:54:20::SCWBifWriter::Device type is : zynq
TRACE::2019-12-12.10:54:20::SCWBifWriter::Writing BIF to file : C:/Users/nc1220/xilinx_workspace/dvd_firmware/dvd_firmware_system/Debug/system.bif
TRACE::2019-12-12.10:54:20::SCWBifWriter::Writing the Zynq Baremetal bif 
TRACE::2019-12-13.13:52:29::SCWBifWriter::Found the complete platform C:/Users/nc1220/xilinx_workspace/dvd_firmware/def/export/def/def.xpfm
TRACE::2019-12-13.13:52:30::SCWBifWriter::hardware databse : system_wrapper
TRACE::2019-12-13.13:52:30::SCWBifWriter::bitstream found in the design
TRACE::2019-12-13.13:52:30::SCWBifWriter::Found a baremetal domain, proc: ps7_cortexa9_0
TRACE::2019-12-13.13:52:30::SCWBifWriter::proc type : 
TRACE::2019-12-13.13:52:30::SCWBifWriter::proc[0] : ps7_cortexa9_0
TRACE::2019-12-13.13:52:30::SCWBifWriter::Device type is : zynq
TRACE::2019-12-13.13:52:30::SCWBifWriter::Writing BIF to file : C:/Users/nc1220/xilinx_workspace/dvd_firmware/dvd_firmware_system/Debug/system.bif
TRACE::2019-12-13.13:52:30::SCWBifWriter::Writing the Zynq Baremetal bif 
TRACE::2019-12-13.14:04:40::SCWBifWriter::Found the complete platform C:/Users/nc1220/xilinx_workspace/dvd_firmware/def/export/def/def.xpfm
TRACE::2019-12-13.14:04:40::SCWBifWriter::hardware databse : system_wrapper_1
TRACE::2019-12-13.14:04:40::SCWBifWriter::bitstream found in the design
TRACE::2019-12-13.14:04:40::SCWBifWriter::Found a baremetal domain, proc: ps7_cortexa9_0
TRACE::2019-12-13.14:04:40::SCWBifWriter::proc type : 
TRACE::2019-12-13.14:04:40::SCWBifWriter::proc[0] : ps7_cortexa9_0
TRACE::2019-12-13.14:04:40::SCWBifWriter::Device type is : zynq
TRACE::2019-12-13.14:04:40::SCWBifWriter::Writing BIF to file : C:/Users/nc1220/xilinx_workspace/dvd_firmware/dvd_firmware_system/Debug/system.bif
TRACE::2019-12-13.14:04:40::SCWBifWriter::Writing the Zynq Baremetal bif 
TRACE::2020-02-04.11:12:55::SCWBifWriter::Found the complete platform C:/Users/nc1220/xilinx_workspace/dvd_firmware/def/export/def/def.xpfm
TRACE::2020-02-04.11:12:55::SCWBifWriter::hardware databse : system_wrapper_1
TRACE::2020-02-04.11:12:55::SCWBifWriter::bitstream found in the design
TRACE::2020-02-04.11:12:55::SCWBifWriter::Found a baremetal domain, proc: ps7_cortexa9_0
TRACE::2020-02-04.11:12:55::SCWBifWriter::proc type : 
TRACE::2020-02-04.11:12:55::SCWBifWriter::proc[0] : ps7_cortexa9_0
TRACE::2020-02-04.11:12:55::SCWBifWriter::Device type is : zynq
TRACE::2020-02-04.11:12:55::SCWBifWriter::Writing BIF to file : C:/Users/nc1220/xilinx_workspace/dvd_firmware/dvd_firmware_system/Debug/system.bif
TRACE::2020-02-04.11:12:55::SCWBifWriter::Writing the Zynq Baremetal bif 
TRACE::2020-02-18.11:29:31::SCWBifWriter::Found the complete platform C:/Users/nc1220/xilinx_workspace/dvd_firmware/dvd_firmware.sdk/def/export/def/def.xpfm
TRACE::2020-02-18.11:29:31::SCWBifWriter::hardware databse : system_wrapper_2
TRACE::2020-02-18.11:29:31::SCWBifWriter::bitstream found in the design
TRACE::2020-02-18.11:29:32::SCWBifWriter::Found a baremetal domain, proc: ps7_cortexa9_0
TRACE::2020-02-18.11:29:32::SCWBifWriter::proc type : 
TRACE::2020-02-18.11:29:32::SCWBifWriter::proc[0] : ps7_cortexa9_0
TRACE::2020-02-18.11:29:32::SCWBifWriter::Device type is : zynq
TRACE::2020-02-18.11:29:32::SCWBifWriter::Writing BIF to file : C:/Users/nc1220/xilinx_workspace/dvd_firmware/dvd_firmware.sdk/dvd_firmware_system/Debug/system.bif
TRACE::2020-02-18.11:29:32::SCWBifWriter::Writing the Zynq Baremetal bif 
TRACE::2020-02-18.11:32:34::SCWBifWriter::Found the complete platform C:/Users/nc1220/xilinx_workspace/dvd_firmware/dvd_firmware.sdk/def/export/def/def.xpfm
TRACE::2020-02-18.11:32:34::SCWBifWriter::hardware databse : system_wrapper_2
TRACE::2020-02-18.11:32:34::SCWBifWriter::bitstream found in the design
TRACE::2020-02-18.11:32:34::SCWBifWriter::Found a baremetal domain, proc: ps7_cortexa9_0
TRACE::2020-02-18.11:32:34::SCWBifWriter::proc type : 
TRACE::2020-02-18.11:32:34::SCWBifWriter::proc[0] : ps7_cortexa9_0
TRACE::2020-02-18.11:32:34::SCWBifWriter::Device type is : zynq
TRACE::2020-02-18.11:32:34::SCWBifWriter::Writing BIF to file : C:/Users/nc1220/xilinx_workspace/dvd_firmware/dvd_firmware.sdk/dvd_firmware_system/Debug/system.bif
TRACE::2020-02-18.11:32:34::SCWBifWriter::Writing the Zynq Baremetal bif 
TRACE::2020-02-18.11:35:49::SCWBifWriter::Found the complete platform C:/Users/nc1220/xilinx_workspace/dvd_firmware/dvd_firmware.sdk/def/export/def/def.xpfm
TRACE::2020-02-18.11:35:50::SCWBifWriter::hardware databse : system_wrapper_2
TRACE::2020-02-18.11:35:50::SCWBifWriter::bitstream found in the design
TRACE::2020-02-18.11:35:50::SCWBifWriter::Found a baremetal domain, proc: ps7_cortexa9_0
TRACE::2020-02-18.11:35:50::SCWBifWriter::proc type : 
TRACE::2020-02-18.11:35:50::SCWBifWriter::proc[0] : ps7_cortexa9_0
TRACE::2020-02-18.11:35:50::SCWBifWriter::Device type is : zynq
TRACE::2020-02-18.11:35:50::SCWBifWriter::Writing BIF to file : C:/Users/nc1220/xilinx_workspace/dvd_firmware/dvd_firmware.sdk/dvd_firmware_system/Debug/system.bif
TRACE::2020-02-18.11:35:50::SCWBifWriter::Writing the Zynq Baremetal bif 
TRACE::2020-02-18.11:37:31::SCWBifWriter::Found the complete platform C:/Users/nc1220/xilinx_workspace/dvd_firmware/dvd_firmware.sdk/def/export/def/def.xpfm
TRACE::2020-02-18.11:37:31::SCWBifWriter::hardware databse : system_wrapper_2
TRACE::2020-02-18.11:37:31::SCWBifWriter::bitstream found in the design
TRACE::2020-02-18.11:37:31::SCWBifWriter::Found a baremetal domain, proc: ps7_cortexa9_0
TRACE::2020-02-18.11:37:31::SCWBifWriter::proc type : 
TRACE::2020-02-18.11:37:31::SCWBifWriter::proc[0] : ps7_cortexa9_0
TRACE::2020-02-18.11:37:31::SCWBifWriter::Device type is : zynq
TRACE::2020-02-18.11:37:31::SCWBifWriter::Writing BIF to file : C:/Users/nc1220/xilinx_workspace/dvd_firmware/dvd_firmware.sdk/dvd_firmware_system/Debug/system.bif
TRACE::2020-02-18.11:37:31::SCWBifWriter::Writing the Zynq Baremetal bif 
TRACE::2020-02-18.11:40:23::SCWBifWriter::Found the complete platform C:/Users/nc1220/xilinx_workspace/dvd_firmware/dvd_firmware.sdk/def/export/def/def.xpfm
TRACE::2020-02-18.11:40:23::SCWBifWriter::hardware databse : system_wrapper_2
TRACE::2020-02-18.11:40:23::SCWBifWriter::bitstream found in the design
TRACE::2020-02-18.11:40:23::SCWBifWriter::Found a baremetal domain, proc: ps7_cortexa9_0
TRACE::2020-02-18.11:40:23::SCWBifWriter::proc type : 
TRACE::2020-02-18.11:40:23::SCWBifWriter::proc[0] : ps7_cortexa9_0
TRACE::2020-02-18.11:40:23::SCWBifWriter::Device type is : zynq
TRACE::2020-02-18.11:40:23::SCWBifWriter::Writing BIF to file : C:/Users/nc1220/xilinx_workspace/dvd_firmware/dvd_firmware.sdk/dvd_firmware_system/Debug/system.bif
TRACE::2020-02-18.11:40:23::SCWBifWriter::Writing the Zynq Baremetal bif 
TRACE::2020-02-18.11:45:16::SCWBifWriter::Found the complete platform C:/Users/nc1220/xilinx_workspace/dvd_firmware/dvd_firmware.sdk/def/export/def/def.xpfm
TRACE::2020-02-18.11:45:16::SCWBifWriter::hardware databse : system_wrapper_2
TRACE::2020-02-18.11:45:16::SCWBifWriter::bitstream found in the design
TRACE::2020-02-18.11:45:16::SCWBifWriter::Found a baremetal domain, proc: ps7_cortexa9_0
TRACE::2020-02-18.11:45:16::SCWBifWriter::proc type : 
TRACE::2020-02-18.11:45:16::SCWBifWriter::proc[0] : ps7_cortexa9_0
TRACE::2020-02-18.11:45:16::SCWBifWriter::Device type is : zynq
TRACE::2020-02-18.11:45:16::SCWBifWriter::Writing BIF to file : C:/Users/nc1220/xilinx_workspace/dvd_firmware/dvd_firmware.sdk/dvd_firmware_system/Debug/system.bif
TRACE::2020-02-18.11:45:16::SCWBifWriter::Writing the Zynq Baremetal bif 
TRACE::2020-02-20.11:46:51::SCWBifWriter::Found the complete platform C:/Users/nc1220/xilinx_workspace/dvd_firmware/dvd_firmware.sdk/def/export/def/def.xpfm
TRACE::2020-02-20.11:46:51::SCWBifWriter::hardware databse : system_wrapper
TRACE::2020-02-20.11:46:51::SCWBifWriter::bitstream found in the design
TRACE::2020-02-20.11:46:51::SCWBifWriter::Found a baremetal domain, proc: ps7_cortexa9_0
TRACE::2020-02-20.11:46:51::SCWBifWriter::proc type : 
TRACE::2020-02-20.11:46:51::SCWBifWriter::proc[0] : ps7_cortexa9_0
TRACE::2020-02-20.11:46:51::SCWBifWriter::Device type is : zynq
TRACE::2020-02-20.11:46:51::SCWBifWriter::Writing BIF to file : C:/Users/nc1220/xilinx_workspace/dvd_firmware/dvd_firmware.sdk/dvd_firmware_system/Debug/system.bif
TRACE::2020-02-20.11:46:51::SCWBifWriter::Writing the Zynq Baremetal bif 
TRACE::2020-02-20.11:51:46::SCWBifWriter::Found the complete platform C:/Users/nc1220/xilinx_workspace/dvd_firmware/dvd_firmware.sdk/def/export/def/def.xpfm
TRACE::2020-02-20.11:51:46::SCWBifWriter::hardware databse : system_wrapper
TRACE::2020-02-20.11:51:46::SCWBifWriter::bitstream found in the design
TRACE::2020-02-20.11:51:46::SCWBifWriter::Found a baremetal domain, proc: ps7_cortexa9_0
TRACE::2020-02-20.11:51:46::SCWBifWriter::proc type : 
TRACE::2020-02-20.11:51:46::SCWBifWriter::proc[0] : ps7_cortexa9_0
TRACE::2020-02-20.11:51:46::SCWBifWriter::Device type is : zynq
TRACE::2020-02-20.11:51:46::SCWBifWriter::Writing BIF to file : C:/Users/nc1220/xilinx_workspace/dvd_firmware/dvd_firmware.sdk/dvd_firmware_system/Debug/system.bif
TRACE::2020-02-20.11:51:46::SCWBifWriter::Writing the Zynq Baremetal bif 
TRACE::2020-02-20.11:53:02::SCWBifWriter::Found the complete platform C:/Users/nc1220/xilinx_workspace/dvd_firmware/dvd_firmware.sdk/def/export/def/def.xpfm
TRACE::2020-02-20.11:53:02::SCWBifWriter::hardware databse : system_wrapper_1
TRACE::2020-02-20.11:53:02::SCWBifWriter::bitstream found in the design
TRACE::2020-02-20.11:53:02::SCWBifWriter::Found a baremetal domain, proc: ps7_cortexa9_0
TRACE::2020-02-20.11:53:02::SCWBifWriter::proc type : 
TRACE::2020-02-20.11:53:02::SCWBifWriter::proc[0] : ps7_cortexa9_0
TRACE::2020-02-20.11:53:02::SCWBifWriter::Device type is : zynq
TRACE::2020-02-20.11:53:02::SCWBifWriter::Writing BIF to file : C:/Users/nc1220/xilinx_workspace/dvd_firmware/dvd_firmware.sdk/dvd_firmware_system/Debug/system.bif
TRACE::2020-02-20.11:53:02::SCWBifWriter::Writing the Zynq Baremetal bif 
TRACE::2020-02-20.12:05:59::SCWBifWriter::Found the complete platform C:/Users/nc1220/xilinx_workspace/dvd_firmware/dvd_firmware.sdk/def/export/def/def.xpfm
TRACE::2020-02-20.12:06:00::SCWBifWriter::hardware databse : system_wrapper_1
TRACE::2020-02-20.12:06:00::SCWBifWriter::bitstream found in the design
TRACE::2020-02-20.12:06:00::SCWBifWriter::Found a baremetal domain, proc: ps7_cortexa9_0
TRACE::2020-02-20.12:06:00::SCWBifWriter::proc type : 
TRACE::2020-02-20.12:06:00::SCWBifWriter::proc[0] : ps7_cortexa9_0
TRACE::2020-02-20.12:06:00::SCWBifWriter::Device type is : zynq
TRACE::2020-02-20.12:06:00::SCWBifWriter::Writing BIF to file : C:/Users/nc1220/xilinx_workspace/dvd_firmware/dvd_firmware.sdk/dvd_firmware_system/Debug/system.bif
TRACE::2020-02-20.12:06:00::SCWBifWriter::Writing the Zynq Baremetal bif 
TRACE::2020-02-20.12:06:49::SCWBifWriter::Found the complete platform C:/Users/nc1220/xilinx_workspace/dvd_firmware/dvd_firmware.sdk/def/export/def/def.xpfm
TRACE::2020-02-20.12:06:49::SCWBifWriter::hardware databse : system_wrapper_1
TRACE::2020-02-20.12:06:49::SCWBifWriter::bitstream found in the design
TRACE::2020-02-20.12:06:49::SCWBifWriter::Found a baremetal domain, proc: ps7_cortexa9_0
TRACE::2020-02-20.12:06:49::SCWBifWriter::proc type : 
TRACE::2020-02-20.12:06:49::SCWBifWriter::proc[0] : ps7_cortexa9_0
TRACE::2020-02-20.12:06:49::SCWBifWriter::Device type is : zynq
TRACE::2020-02-20.12:06:49::SCWBifWriter::Writing BIF to file : C:/Users/nc1220/xilinx_workspace/dvd_firmware/dvd_firmware.sdk/dvd_firmware_system/Debug/system.bif
TRACE::2020-02-20.12:06:49::SCWBifWriter::Writing the Zynq Baremetal bif 
TRACE::2020-02-25.10:57:30::SCWBifWriter::Found the complete platform C:/Users/nc1220/xilinx_workspace/dvd_firmware/dvd_firmware.sdk/def/export/def/def.xpfm
TRACE::2020-02-25.10:57:30::SCWBifWriter::hardware databse : system_wrapper_1
TRACE::2020-02-25.10:57:30::SCWBifWriter::bitstream found in the design
TRACE::2020-02-25.10:57:30::SCWBifWriter::Found a baremetal domain, proc: ps7_cortexa9_0
TRACE::2020-02-25.10:57:30::SCWBifWriter::proc type : 
TRACE::2020-02-25.10:57:30::SCWBifWriter::proc[0] : ps7_cortexa9_0
TRACE::2020-02-25.10:57:30::SCWBifWriter::Device type is : zynq
TRACE::2020-02-25.10:57:30::SCWBifWriter::Writing BIF to file : C:/Users/nc1220/xilinx_workspace/dvd_firmware/dvd_firmware.sdk/dvd_firmware_system/Debug/system.bif
TRACE::2020-02-25.10:57:30::SCWBifWriter::Writing the Zynq Baremetal bif 
TRACE::2020-02-25.10:59:27::SCWBifWriter::Found the complete platform C:/Users/nc1220/xilinx_workspace/dvd_firmware/dvd_firmware.sdk/def/export/def/def.xpfm
TRACE::2020-02-25.10:59:27::SCWBifWriter::hardware databse : system_wrapper_1
TRACE::2020-02-25.10:59:27::SCWBifWriter::bitstream found in the design
TRACE::2020-02-25.10:59:27::SCWBifWriter::Found a baremetal domain, proc: ps7_cortexa9_0
TRACE::2020-02-25.10:59:27::SCWBifWriter::proc type : 
TRACE::2020-02-25.10:59:27::SCWBifWriter::proc[0] : ps7_cortexa9_0
TRACE::2020-02-25.10:59:27::SCWBifWriter::Device type is : zynq
TRACE::2020-02-25.10:59:27::SCWBifWriter::Writing BIF to file : C:/Users/nc1220/xilinx_workspace/dvd_firmware/dvd_firmware.sdk/dvd_firmware_system/Debug/system.bif
TRACE::2020-02-25.10:59:27::SCWBifWriter::Writing the Zynq Baremetal bif 
TRACE::2020-02-25.10:59:55::SCWBifWriter::Found the complete platform C:/Users/nc1220/xilinx_workspace/dvd_firmware/dvd_firmware.sdk/def/export/def/def.xpfm
TRACE::2020-02-25.10:59:55::SCWBifWriter::hardware databse : system_wrapper_1
TRACE::2020-02-25.10:59:55::SCWBifWriter::bitstream found in the design
TRACE::2020-02-25.10:59:55::SCWBifWriter::Found a baremetal domain, proc: ps7_cortexa9_0
TRACE::2020-02-25.10:59:55::SCWBifWriter::proc type : 
TRACE::2020-02-25.10:59:55::SCWBifWriter::proc[0] : ps7_cortexa9_0
TRACE::2020-02-25.10:59:55::SCWBifWriter::Device type is : zynq
TRACE::2020-02-25.10:59:55::SCWBifWriter::Writing BIF to file : C:/Users/nc1220/xilinx_workspace/dvd_firmware/dvd_firmware.sdk/dvd_firmware_system/Debug/system.bif
TRACE::2020-02-25.10:59:55::SCWBifWriter::Writing the Zynq Baremetal bif 
