Copyright 1986-2019 Xilinx, Inc. All Rights Reserved.
----------------------------------------------------------------------------------------------------------------------------------------------------------------------
| Tool Version     : Vivado v.2019.1 (lin64) Build 2552052 Fri May 24 14:47:09 MDT 2019
| Date             : Tue Sep 10 15:47:10 2019
| Host             : megatron running 64-bit Ubuntu 18.04.2 LTS
| Command          : report_power -file design_1_wrapper_power_routed.rpt -pb design_1_wrapper_power_summary_routed.pb -rpx design_1_wrapper_power_routed.rpx
| Design           : design_1_wrapper
| Device           : xc7z010clg400-1
| Design State     : routed
| Grade            : commercial
| Process          : typical
| Characterization : Production
----------------------------------------------------------------------------------------------------------------------------------------------------------------------

Power Report

Table of Contents
-----------------
1. Summary
1.1 On-Chip Components
1.2 Power Supply Summary
1.3 Confidence Level
2. Settings
2.1 Environment
2.2 Clock Constraints
3. Detailed Reports
3.1 By Hierarchy

1. Summary
----------

+--------------------------+--------------+
| Total On-Chip Power (W)  | 2.030        |
| Design Power Budget (W)  | Unspecified* |
| Power Budget Margin (W)  | NA           |
| Dynamic (W)              | 1.898        |
| Device Static (W)        | 0.132        |
| Effective TJA (C/W)      | 11.5         |
| Max Ambient (C)          | 61.6         |
| Junction Temperature (C) | 48.4         |
| Confidence Level         | Low          |
| Setting File             | ---          |
| Simulation Activity File | ---          |
| Design Nets Matched      | NA           |
+--------------------------+--------------+
* Specify Design Power Budget using, set_operating_conditions -design_power_budget <value in Watts>


1.1 On-Chip Components
----------------------

+--------------------------+-----------+----------+-----------+-----------------+
| On-Chip                  | Power (W) | Used     | Available | Utilization (%) |
+--------------------------+-----------+----------+-----------+-----------------+
| Clocks                   |     0.064 |       13 |       --- |             --- |
| Slice Logic              |     0.013 |    23257 |       --- |             --- |
|   LUT as Logic           |     0.010 |     6959 |     17600 |           39.54 |
|   Register               |     0.001 |    13097 |     35200 |           37.21 |
|   CARRY4                 |     0.001 |      341 |      4400 |            7.75 |
|   F7/F8 Muxes            |    <0.001 |      298 |     17600 |            1.69 |
|   LUT as Distributed RAM |    <0.001 |       42 |      6000 |            0.70 |
|   Others                 |    <0.001 |      819 |       --- |             --- |
|   LUT as Shift Register  |    <0.001 |      241 |      6000 |            4.02 |
| Signals                  |     0.020 |    16970 |       --- |             --- |
| Block RAM                |     0.010 |       14 |        60 |           23.33 |
| MMCM                     |     0.207 |        2 |         2 |          100.00 |
| I/O                      |     0.179 |       21 |       100 |           21.00 |
| PS7                      |     1.406 |        1 |       --- |             --- |
| Static Power             |     0.132 |          |           |                 |
| Total                    |     2.030 |          |           |                 |
+--------------------------+-----------+----------+-----------+-----------------+


1.2 Power Supply Summary
------------------------

+-----------+-------------+-----------+-------------+------------+
| Source    | Voltage (V) | Total (A) | Dynamic (A) | Static (A) |
+-----------+-------------+-----------+-------------+------------+
| Vccint    |       1.000 |     0.124 |       0.115 |      0.009 |
| Vccaux    |       1.800 |     0.139 |       0.130 |      0.009 |
| Vcco33    |       3.300 |     0.044 |       0.043 |      0.001 |
| Vcco25    |       2.500 |     0.000 |       0.000 |      0.000 |
| Vcco18    |       1.800 |     0.000 |       0.000 |      0.000 |
| Vcco15    |       1.500 |     0.000 |       0.000 |      0.000 |
| Vcco135   |       1.350 |     0.000 |       0.000 |      0.000 |
| Vcco12    |       1.200 |     0.000 |       0.000 |      0.000 |
| Vccaux_io |       1.800 |     0.000 |       0.000 |      0.000 |
| Vccbram   |       1.000 |     0.002 |       0.001 |      0.002 |
| MGTAVcc   |       1.000 |     0.000 |       0.000 |      0.000 |
| MGTAVtt   |       1.200 |     0.000 |       0.000 |      0.000 |
| MGTVccaux |       1.800 |     0.000 |       0.000 |      0.000 |
| Vccpint   |       1.000 |     0.758 |       0.724 |      0.034 |
| Vccpaux   |       1.800 |     0.061 |       0.051 |      0.010 |
| Vccpll    |       1.800 |     0.017 |       0.014 |      0.003 |
| Vcco_ddr  |       1.350 |     0.413 |       0.411 |      0.002 |
| Vcco_mio0 |       3.300 |     0.003 |       0.002 |      0.001 |
| Vcco_mio1 |       1.800 |     0.003 |       0.002 |      0.001 |
| Vccadc    |       1.800 |     0.020 |       0.000 |      0.020 |
+-----------+-------------+-----------+-------------+------------+


1.3 Confidence Level
--------------------

+-----------------------------+------------+--------------------------------------------------------+------------------------------------------------------------------------------------------------------------+
| User Input Data             | Confidence | Details                                                | Action                                                                                                     |
+-----------------------------+------------+--------------------------------------------------------+------------------------------------------------------------------------------------------------------------+
| Design implementation state | High       | Design is routed                                       |                                                                                                            |
| Clock nodes activity        | High       | User specified more than 95% of clocks                 |                                                                                                            |
| I/O nodes activity          | Low        | More than 75% of inputs are missing user specification | Provide missing input activity with simulation results or by editing the "By Resource Type -> I/Os" view   |
| Internal nodes activity     | Medium     | User specified less than 25% of internal nodes         | Provide missing internal nodes activity with simulation results or by editing the "By Resource Type" views |
| Device models               | High       | Device models are Production                           |                                                                                                            |
|                             |            |                                                        |                                                                                                            |
| Overall confidence level    | Low        |                                                        |                                                                                                            |
+-----------------------------+------------+--------------------------------------------------------+------------------------------------------------------------------------------------------------------------+


2. Settings
-----------

2.1 Environment
---------------

+-----------------------+------------------------+
| Ambient Temp (C)      | 25.0                   |
| ThetaJA (C/W)         | 11.5                   |
| Airflow (LFM)         | 250                    |
| Heat Sink             | none                   |
| ThetaSA (C/W)         | 0.0                    |
| Board Selection       | medium (10"x10")       |
| # of Board Layers     | 8to11 (8 to 11 Layers) |
| Board Temperature (C) | 25.0                   |
+-----------------------+------------------------+


2.2 Clock Constraints
---------------------

+------------------------+-------------------------------------------------------------------+-----------------+
| Clock                  | Domain                                                            | Constraint (ns) |
+------------------------+-------------------------------------------------------------------+-----------------+
| CLKFBIN                | design_1_i/dvi2rgb_0/U0/TMDS_ClockingX/CLKFBIN                    |             6.1 |
| CLK_OUT_5x_hdmi_clk    | design_1_i/dvi2rgb_0/U0/TMDS_ClockingX/CLK_OUT_5x_hdmi_clk        |             1.2 |
| I                      | design_1_i/axi_dynclk_0/U0/Inst_mmcme2_drp/I                      |             2.0 |
| axi_dynclk_0_PXL_CLK_O | design_1_i/axi_dynclk_0/U0/PXL_CLK_O                              |            10.0 |
| clk_fpga_0             | design_1_i/processing_system7_0/inst/FCLK_CLK_unbuffered[0]       |            10.0 |
| clk_fpga_1             | design_1_i/processing_system7_0/inst/FCLK_CLK_unbuffered[1]       |             7.5 |
| clk_fpga_2             | design_1_i/processing_system7_0/inst/FCLK_CLK2                    |             5.0 |
| clk_fpga_2             | design_1_i/processing_system7_0/inst/FCLK_CLK_unbuffered[2]       |             5.0 |
| dvi2rgb_0_PixelClk     | design_1_i/dvi2rgb_0/U0/TMDS_ClockingX/rMMCM_LckdRisingFlag_reg_0 |             6.1 |
| hdmi_in_clk_p          | hdmi_in_clk_p                                                     |             6.1 |
| mmcm_fbclk_out         | design_1_i/axi_dynclk_0/U0/Inst_mmcme2_drp/mmcm_fbclk_out         |            10.0 |
+------------------------+-------------------------------------------------------------------+-----------------+


3. Detailed Reports
-------------------

3.1 By Hierarchy
----------------

+--------------------------+-----------+
| Name                     | Power (W) |
+--------------------------+-----------+
| design_1_wrapper         |     1.898 |
|   design_1_i             |     1.886 |
|     axi_dynclk_0         |     0.110 |
|       U0                 |     0.110 |
|     axi_interconnect_gp0 |     0.006 |
|       s00_couplers       |     0.005 |
|       xbar               |     0.001 |
|     axi_interconnect_hp0 |     0.007 |
|       m00_couplers       |     0.004 |
|       xbar               |     0.002 |
|     axi_vdma_0           |     0.030 |
|       U0                 |     0.030 |
|     dvi2rgb_0            |     0.146 |
|       U0                 |     0.146 |
|     processing_system7_0 |     1.407 |
|       inst               |     1.407 |
|     rgb2dvi_1            |     0.134 |
|       U0                 |     0.134 |
|     v_axi4s_vid_out_0    |     0.006 |
|       inst               |     0.006 |
|     v_tc_in              |     0.020 |
|       U0                 |     0.020 |
|     v_tc_out             |     0.012 |
|       U0                 |     0.012 |
|     v_vid_in_axi4s_0     |     0.005 |
|       inst               |     0.005 |
|   hdmi_out_ddc_scl_iobuf |     0.006 |
|   hdmi_out_ddc_sda_iobuf |     0.006 |
+--------------------------+-----------+


