Copyright 1986-2019 Xilinx, Inc. All Rights Reserved.
------------------------------------------------------------------------------------------------------------------------------------
| Tool Version : Vivado v.2019.2 (win64) Build 2708876 Wed Nov  6 21:40:23 MST 2019
| Date         : Tue Feb 11 11:17:37 2020
| Host         : Frey70Twr-W10D running 64-bit major release  (build 9200)
| Command      : report_drc -file system_wrapper_drc_routed.rpt -pb system_wrapper_drc_routed.pb -rpx system_wrapper_drc_routed.rpx
| Design       : system_wrapper
| Device       : xc7z010clg400-1
| Speed File   : -1
| Design State : Fully Routed
------------------------------------------------------------------------------------------------------------------------------------

Report DRC

Table of Contents
-----------------
1. REPORT SUMMARY
2. REPORT DETAILS

1. REPORT SUMMARY
-----------------
            Netlist: netlist
          Floorplan: design_1
      Design limits: <entire design considered>
           Ruledeck: default
             Max violations: <unlimited>
             Violations found: 107
+-----------+----------+-----------------------------------------------------------------+------------+
| Rule      | Severity | Description                                                     | Violations |
+-----------+----------+-----------------------------------------------------------------+------------+
| CHECK-3   | Warning  | Report rule limit reached                                       | 1          |
| DPIP-1    | Warning  | Input pipelining                                                | 24         |
| DPOP-1    | Warning  | PREG Output pipelining                                          | 16         |
| REQP-1840 | Warning  | RAMB18 async control check                                      | 20         |
| RTSTAT-10 | Warning  | No routable loads                                               | 1          |
| AVAL-5    | Advisory | enum_USE_MULT_NONE_enum_DREG_ADREG_0_connects_CED_CEAD_RSTD_GND | 1          |
| REQP-20   | Advisory | enum_AREG_0_connects_CEA1_GND_connects_CEA2_GND                 | 8          |
| REQP-22   | Advisory | enum_AREG_1_connects_CEA1_GND                                   | 8          |
| REQP-24   | Advisory | enum_BREG_0_connects_CEB1_GND_connects_CEB2_GND                 | 8          |
| REQP-26   | Advisory | enum_BREG_1_connects_CEB1_GND                                   | 8          |
| REQP-29   | Advisory | enum_CREG_0_connects_CEC_GND                                    | 8          |
| REQP-165  | Advisory | writefirst                                                      | 2          |
| REQP-181  | Advisory | writefirst                                                      | 2          |
+-----------+----------+-----------------------------------------------------------------+------------+

2. REPORT DETAILS
-----------------
CHECK-3#1 Warning
Report rule limit reached  
REQP-1840 rule limit reached: 20 violations have been found.
Related violations: <none>

DPIP-1#1 Warning
Input pipelining  
DSP system_i/ACF_AXI_mini_0/inst/AutoCorrelationFunction_v1_0_S00_AXI_inst/acf_core/inst/genblk3[0].multAdd/wideAddDsp_D_d0_0 input system_i/ACF_AXI_mini_0/inst/AutoCorrelationFunction_v1_0_S00_AXI_inst/acf_core/inst/genblk3[0].multAdd/wideAddDsp_D_d0_0/A[29:0] is not pipelined. Pipelining DSP48 input will improve performance.
Related violations: <none>

DPIP-1#2 Warning
Input pipelining  
DSP system_i/ACF_AXI_mini_0/inst/AutoCorrelationFunction_v1_0_S00_AXI_inst/acf_core/inst/genblk3[0].multAdd/wideAddDsp_D_d0_0 input system_i/ACF_AXI_mini_0/inst/AutoCorrelationFunction_v1_0_S00_AXI_inst/acf_core/inst/genblk3[0].multAdd/wideAddDsp_D_d0_0/B[17:0] is not pipelined. Pipelining DSP48 input will improve performance.
Related violations: <none>

DPIP-1#3 Warning
Input pipelining  
DSP system_i/ACF_AXI_mini_0/inst/AutoCorrelationFunction_v1_0_S00_AXI_inst/acf_core/inst/genblk3[0].multAdd/wideAddDsp_D_d0_0 input system_i/ACF_AXI_mini_0/inst/AutoCorrelationFunction_v1_0_S00_AXI_inst/acf_core/inst/genblk3[0].multAdd/wideAddDsp_D_d0_0/C[47:0] is not pipelined. Pipelining DSP48 input will improve performance.
Related violations: <none>

DPIP-1#4 Warning
Input pipelining  
DSP system_i/ACF_AXI_mini_0/inst/AutoCorrelationFunction_v1_0_S00_AXI_inst/acf_core/inst/genblk3[1].multAdd/wideAddDsp_D_d0_0 input system_i/ACF_AXI_mini_0/inst/AutoCorrelationFunction_v1_0_S00_AXI_inst/acf_core/inst/genblk3[1].multAdd/wideAddDsp_D_d0_0/A[29:0] is not pipelined. Pipelining DSP48 input will improve performance.
Related violations: <none>

DPIP-1#5 Warning
Input pipelining  
DSP system_i/ACF_AXI_mini_0/inst/AutoCorrelationFunction_v1_0_S00_AXI_inst/acf_core/inst/genblk3[1].multAdd/wideAddDsp_D_d0_0 input system_i/ACF_AXI_mini_0/inst/AutoCorrelationFunction_v1_0_S00_AXI_inst/acf_core/inst/genblk3[1].multAdd/wideAddDsp_D_d0_0/B[17:0] is not pipelined. Pipelining DSP48 input will improve performance.
Related violations: <none>

DPIP-1#6 Warning
Input pipelining  
DSP system_i/ACF_AXI_mini_0/inst/AutoCorrelationFunction_v1_0_S00_AXI_inst/acf_core/inst/genblk3[1].multAdd/wideAddDsp_D_d0_0 input system_i/ACF_AXI_mini_0/inst/AutoCorrelationFunction_v1_0_S00_AXI_inst/acf_core/inst/genblk3[1].multAdd/wideAddDsp_D_d0_0/C[47:0] is not pipelined. Pipelining DSP48 input will improve performance.
Related violations: <none>

DPIP-1#7 Warning
Input pipelining  
DSP system_i/ACF_AXI_mini_0/inst/AutoCorrelationFunction_v1_0_S00_AXI_inst/acf_core/inst/genblk3[2].multAdd/wideAddDsp_D_d0_0 input system_i/ACF_AXI_mini_0/inst/AutoCorrelationFunction_v1_0_S00_AXI_inst/acf_core/inst/genblk3[2].multAdd/wideAddDsp_D_d0_0/A[29:0] is not pipelined. Pipelining DSP48 input will improve performance.
Related violations: <none>

DPIP-1#8 Warning
Input pipelining  
DSP system_i/ACF_AXI_mini_0/inst/AutoCorrelationFunction_v1_0_S00_AXI_inst/acf_core/inst/genblk3[2].multAdd/wideAddDsp_D_d0_0 input system_i/ACF_AXI_mini_0/inst/AutoCorrelationFunction_v1_0_S00_AXI_inst/acf_core/inst/genblk3[2].multAdd/wideAddDsp_D_d0_0/B[17:0] is not pipelined. Pipelining DSP48 input will improve performance.
Related violations: <none>

DPIP-1#9 Warning
Input pipelining  
DSP system_i/ACF_AXI_mini_0/inst/AutoCorrelationFunction_v1_0_S00_AXI_inst/acf_core/inst/genblk3[2].multAdd/wideAddDsp_D_d0_0 input system_i/ACF_AXI_mini_0/inst/AutoCorrelationFunction_v1_0_S00_AXI_inst/acf_core/inst/genblk3[2].multAdd/wideAddDsp_D_d0_0/C[47:0] is not pipelined. Pipelining DSP48 input will improve performance.
Related violations: <none>

DPIP-1#10 Warning
Input pipelining  
DSP system_i/ACF_AXI_mini_0/inst/AutoCorrelationFunction_v1_0_S00_AXI_inst/acf_core/inst/genblk3[3].multAdd/wideAddDsp_D_d0_0 input system_i/ACF_AXI_mini_0/inst/AutoCorrelationFunction_v1_0_S00_AXI_inst/acf_core/inst/genblk3[3].multAdd/wideAddDsp_D_d0_0/A[29:0] is not pipelined. Pipelining DSP48 input will improve performance.
Related violations: <none>

DPIP-1#11 Warning
Input pipelining  
DSP system_i/ACF_AXI_mini_0/inst/AutoCorrelationFunction_v1_0_S00_AXI_inst/acf_core/inst/genblk3[3].multAdd/wideAddDsp_D_d0_0 input system_i/ACF_AXI_mini_0/inst/AutoCorrelationFunction_v1_0_S00_AXI_inst/acf_core/inst/genblk3[3].multAdd/wideAddDsp_D_d0_0/B[17:0] is not pipelined. Pipelining DSP48 input will improve performance.
Related violations: <none>

DPIP-1#12 Warning
Input pipelining  
DSP system_i/ACF_AXI_mini_0/inst/AutoCorrelationFunction_v1_0_S00_AXI_inst/acf_core/inst/genblk3[3].multAdd/wideAddDsp_D_d0_0 input system_i/ACF_AXI_mini_0/inst/AutoCorrelationFunction_v1_0_S00_AXI_inst/acf_core/inst/genblk3[3].multAdd/wideAddDsp_D_d0_0/C[47:0] is not pipelined. Pipelining DSP48 input will improve performance.
Related violations: <none>

DPIP-1#13 Warning
Input pipelining  
DSP system_i/ACF_AXI_mini_0/inst/AutoCorrelationFunction_v1_0_S00_AXI_inst/acf_core/inst/genblk3[4].multAdd/wideAddDsp_D_d0_0 input system_i/ACF_AXI_mini_0/inst/AutoCorrelationFunction_v1_0_S00_AXI_inst/acf_core/inst/genblk3[4].multAdd/wideAddDsp_D_d0_0/A[29:0] is not pipelined. Pipelining DSP48 input will improve performance.
Related violations: <none>

DPIP-1#14 Warning
Input pipelining  
DSP system_i/ACF_AXI_mini_0/inst/AutoCorrelationFunction_v1_0_S00_AXI_inst/acf_core/inst/genblk3[4].multAdd/wideAddDsp_D_d0_0 input system_i/ACF_AXI_mini_0/inst/AutoCorrelationFunction_v1_0_S00_AXI_inst/acf_core/inst/genblk3[4].multAdd/wideAddDsp_D_d0_0/B[17:0] is not pipelined. Pipelining DSP48 input will improve performance.
Related violations: <none>

DPIP-1#15 Warning
Input pipelining  
DSP system_i/ACF_AXI_mini_0/inst/AutoCorrelationFunction_v1_0_S00_AXI_inst/acf_core/inst/genblk3[4].multAdd/wideAddDsp_D_d0_0 input system_i/ACF_AXI_mini_0/inst/AutoCorrelationFunction_v1_0_S00_AXI_inst/acf_core/inst/genblk3[4].multAdd/wideAddDsp_D_d0_0/C[47:0] is not pipelined. Pipelining DSP48 input will improve performance.
Related violations: <none>

DPIP-1#16 Warning
Input pipelining  
DSP system_i/ACF_AXI_mini_0/inst/AutoCorrelationFunction_v1_0_S00_AXI_inst/acf_core/inst/genblk3[5].multAdd/wideAddDsp_D_d0_0 input system_i/ACF_AXI_mini_0/inst/AutoCorrelationFunction_v1_0_S00_AXI_inst/acf_core/inst/genblk3[5].multAdd/wideAddDsp_D_d0_0/A[29:0] is not pipelined. Pipelining DSP48 input will improve performance.
Related violations: <none>

DPIP-1#17 Warning
Input pipelining  
DSP system_i/ACF_AXI_mini_0/inst/AutoCorrelationFunction_v1_0_S00_AXI_inst/acf_core/inst/genblk3[5].multAdd/wideAddDsp_D_d0_0 input system_i/ACF_AXI_mini_0/inst/AutoCorrelationFunction_v1_0_S00_AXI_inst/acf_core/inst/genblk3[5].multAdd/wideAddDsp_D_d0_0/B[17:0] is not pipelined. Pipelining DSP48 input will improve performance.
Related violations: <none>

DPIP-1#18 Warning
Input pipelining  
DSP system_i/ACF_AXI_mini_0/inst/AutoCorrelationFunction_v1_0_S00_AXI_inst/acf_core/inst/genblk3[5].multAdd/wideAddDsp_D_d0_0 input system_i/ACF_AXI_mini_0/inst/AutoCorrelationFunction_v1_0_S00_AXI_inst/acf_core/inst/genblk3[5].multAdd/wideAddDsp_D_d0_0/C[47:0] is not pipelined. Pipelining DSP48 input will improve performance.
Related violations: <none>

DPIP-1#19 Warning
Input pipelining  
DSP system_i/ACF_AXI_mini_0/inst/AutoCorrelationFunction_v1_0_S00_AXI_inst/acf_core/inst/genblk3[6].multAdd/wideAddDsp_D_d0_0 input system_i/ACF_AXI_mini_0/inst/AutoCorrelationFunction_v1_0_S00_AXI_inst/acf_core/inst/genblk3[6].multAdd/wideAddDsp_D_d0_0/A[29:0] is not pipelined. Pipelining DSP48 input will improve performance.
Related violations: <none>

DPIP-1#20 Warning
Input pipelining  
DSP system_i/ACF_AXI_mini_0/inst/AutoCorrelationFunction_v1_0_S00_AXI_inst/acf_core/inst/genblk3[6].multAdd/wideAddDsp_D_d0_0 input system_i/ACF_AXI_mini_0/inst/AutoCorrelationFunction_v1_0_S00_AXI_inst/acf_core/inst/genblk3[6].multAdd/wideAddDsp_D_d0_0/B[17:0] is not pipelined. Pipelining DSP48 input will improve performance.
Related violations: <none>

DPIP-1#21 Warning
Input pipelining  
DSP system_i/ACF_AXI_mini_0/inst/AutoCorrelationFunction_v1_0_S00_AXI_inst/acf_core/inst/genblk3[6].multAdd/wideAddDsp_D_d0_0 input system_i/ACF_AXI_mini_0/inst/AutoCorrelationFunction_v1_0_S00_AXI_inst/acf_core/inst/genblk3[6].multAdd/wideAddDsp_D_d0_0/C[47:0] is not pipelined. Pipelining DSP48 input will improve performance.
Related violations: <none>

DPIP-1#22 Warning
Input pipelining  
DSP system_i/ACF_AXI_mini_0/inst/AutoCorrelationFunction_v1_0_S00_AXI_inst/acf_core/inst/genblk3[7].multAdd/wideAddDsp_D_d0_0 input system_i/ACF_AXI_mini_0/inst/AutoCorrelationFunction_v1_0_S00_AXI_inst/acf_core/inst/genblk3[7].multAdd/wideAddDsp_D_d0_0/A[29:0] is not pipelined. Pipelining DSP48 input will improve performance.
Related violations: <none>

DPIP-1#23 Warning
Input pipelining  
DSP system_i/ACF_AXI_mini_0/inst/AutoCorrelationFunction_v1_0_S00_AXI_inst/acf_core/inst/genblk3[7].multAdd/wideAddDsp_D_d0_0 input system_i/ACF_AXI_mini_0/inst/AutoCorrelationFunction_v1_0_S00_AXI_inst/acf_core/inst/genblk3[7].multAdd/wideAddDsp_D_d0_0/B[17:0] is not pipelined. Pipelining DSP48 input will improve performance.
Related violations: <none>

DPIP-1#24 Warning
Input pipelining  
DSP system_i/ACF_AXI_mini_0/inst/AutoCorrelationFunction_v1_0_S00_AXI_inst/acf_core/inst/genblk3[7].multAdd/wideAddDsp_D_d0_0 input system_i/ACF_AXI_mini_0/inst/AutoCorrelationFunction_v1_0_S00_AXI_inst/acf_core/inst/genblk3[7].multAdd/wideAddDsp_D_d0_0/C[47:0] is not pipelined. Pipelining DSP48 input will improve performance.
Related violations: <none>

DPOP-1#1 Warning
PREG Output pipelining  
DSP system_i/ACF_AXI_mini_0/inst/AutoCorrelationFunction_v1_0_S00_AXI_inst/acf_core/inst/genblk3[0].multAdd/wideAddDsp_D_d0_0 output system_i/ACF_AXI_mini_0/inst/AutoCorrelationFunction_v1_0_S00_AXI_inst/acf_core/inst/genblk3[0].multAdd/wideAddDsp_D_d0_0/CARRYCASCOUT is not pipelined (PREG=0). Pipelining the DSP48 output will improve performance and often saves power so it is suggested whenever possible to fully pipeline this function.  If this DSP48 function was inferred, it is suggested to describe an additional register stage after this function.  If the DSP48 was instantiated in the design, it is suggested to set the PREG attribute to 1.
Related violations: <none>

DPOP-1#2 Warning
PREG Output pipelining  
DSP system_i/ACF_AXI_mini_0/inst/AutoCorrelationFunction_v1_0_S00_AXI_inst/acf_core/inst/genblk3[0].multAdd/wideAddDsp_D_d0_0 output system_i/ACF_AXI_mini_0/inst/AutoCorrelationFunction_v1_0_S00_AXI_inst/acf_core/inst/genblk3[0].multAdd/wideAddDsp_D_d0_0/P[47:0] is not pipelined (PREG=0). Pipelining the DSP48 output will improve performance and often saves power so it is suggested whenever possible to fully pipeline this function.  If this DSP48 function was inferred, it is suggested to describe an additional register stage after this function.  If the DSP48 was instantiated in the design, it is suggested to set the PREG attribute to 1.
Related violations: <none>

DPOP-1#3 Warning
PREG Output pipelining  
DSP system_i/ACF_AXI_mini_0/inst/AutoCorrelationFunction_v1_0_S00_AXI_inst/acf_core/inst/genblk3[1].multAdd/wideAddDsp_D_d0_0 output system_i/ACF_AXI_mini_0/inst/AutoCorrelationFunction_v1_0_S00_AXI_inst/acf_core/inst/genblk3[1].multAdd/wideAddDsp_D_d0_0/CARRYCASCOUT is not pipelined (PREG=0). Pipelining the DSP48 output will improve performance and often saves power so it is suggested whenever possible to fully pipeline this function.  If this DSP48 function was inferred, it is suggested to describe an additional register stage after this function.  If the DSP48 was instantiated in the design, it is suggested to set the PREG attribute to 1.
Related violations: <none>

DPOP-1#4 Warning
PREG Output pipelining  
DSP system_i/ACF_AXI_mini_0/inst/AutoCorrelationFunction_v1_0_S00_AXI_inst/acf_core/inst/genblk3[1].multAdd/wideAddDsp_D_d0_0 output system_i/ACF_AXI_mini_0/inst/AutoCorrelationFunction_v1_0_S00_AXI_inst/acf_core/inst/genblk3[1].multAdd/wideAddDsp_D_d0_0/P[47:0] is not pipelined (PREG=0). Pipelining the DSP48 output will improve performance and often saves power so it is suggested whenever possible to fully pipeline this function.  If this DSP48 function was inferred, it is suggested to describe an additional register stage after this function.  If the DSP48 was instantiated in the design, it is suggested to set the PREG attribute to 1.
Related violations: <none>

DPOP-1#5 Warning
PREG Output pipelining  
DSP system_i/ACF_AXI_mini_0/inst/AutoCorrelationFunction_v1_0_S00_AXI_inst/acf_core/inst/genblk3[2].multAdd/wideAddDsp_D_d0_0 output system_i/ACF_AXI_mini_0/inst/AutoCorrelationFunction_v1_0_S00_AXI_inst/acf_core/inst/genblk3[2].multAdd/wideAddDsp_D_d0_0/CARRYCASCOUT is not pipelined (PREG=0). Pipelining the DSP48 output will improve performance and often saves power so it is suggested whenever possible to fully pipeline this function.  If this DSP48 function was inferred, it is suggested to describe an additional register stage after this function.  If the DSP48 was instantiated in the design, it is suggested to set the PREG attribute to 1.
Related violations: <none>

DPOP-1#6 Warning
PREG Output pipelining  
DSP system_i/ACF_AXI_mini_0/inst/AutoCorrelationFunction_v1_0_S00_AXI_inst/acf_core/inst/genblk3[2].multAdd/wideAddDsp_D_d0_0 output system_i/ACF_AXI_mini_0/inst/AutoCorrelationFunction_v1_0_S00_AXI_inst/acf_core/inst/genblk3[2].multAdd/wideAddDsp_D_d0_0/P[47:0] is not pipelined (PREG=0). Pipelining the DSP48 output will improve performance and often saves power so it is suggested whenever possible to fully pipeline this function.  If this DSP48 function was inferred, it is suggested to describe an additional register stage after this function.  If the DSP48 was instantiated in the design, it is suggested to set the PREG attribute to 1.
Related violations: <none>

DPOP-1#7 Warning
PREG Output pipelining  
DSP system_i/ACF_AXI_mini_0/inst/AutoCorrelationFunction_v1_0_S00_AXI_inst/acf_core/inst/genblk3[3].multAdd/wideAddDsp_D_d0_0 output system_i/ACF_AXI_mini_0/inst/AutoCorrelationFunction_v1_0_S00_AXI_inst/acf_core/inst/genblk3[3].multAdd/wideAddDsp_D_d0_0/CARRYCASCOUT is not pipelined (PREG=0). Pipelining the DSP48 output will improve performance and often saves power so it is suggested whenever possible to fully pipeline this function.  If this DSP48 function was inferred, it is suggested to describe an additional register stage after this function.  If the DSP48 was instantiated in the design, it is suggested to set the PREG attribute to 1.
Related violations: <none>

DPOP-1#8 Warning
PREG Output pipelining  
DSP system_i/ACF_AXI_mini_0/inst/AutoCorrelationFunction_v1_0_S00_AXI_inst/acf_core/inst/genblk3[3].multAdd/wideAddDsp_D_d0_0 output system_i/ACF_AXI_mini_0/inst/AutoCorrelationFunction_v1_0_S00_AXI_inst/acf_core/inst/genblk3[3].multAdd/wideAddDsp_D_d0_0/P[47:0] is not pipelined (PREG=0). Pipelining the DSP48 output will improve performance and often saves power so it is suggested whenever possible to fully pipeline this function.  If this DSP48 function was inferred, it is suggested to describe an additional register stage after this function.  If the DSP48 was instantiated in the design, it is suggested to set the PREG attribute to 1.
Related violations: <none>

DPOP-1#9 Warning
PREG Output pipelining  
DSP system_i/ACF_AXI_mini_0/inst/AutoCorrelationFunction_v1_0_S00_AXI_inst/acf_core/inst/genblk3[4].multAdd/wideAddDsp_D_d0_0 output system_i/ACF_AXI_mini_0/inst/AutoCorrelationFunction_v1_0_S00_AXI_inst/acf_core/inst/genblk3[4].multAdd/wideAddDsp_D_d0_0/CARRYCASCOUT is not pipelined (PREG=0). Pipelining the DSP48 output will improve performance and often saves power so it is suggested whenever possible to fully pipeline this function.  If this DSP48 function was inferred, it is suggested to describe an additional register stage after this function.  If the DSP48 was instantiated in the design, it is suggested to set the PREG attribute to 1.
Related violations: <none>

DPOP-1#10 Warning
PREG Output pipelining  
DSP system_i/ACF_AXI_mini_0/inst/AutoCorrelationFunction_v1_0_S00_AXI_inst/acf_core/inst/genblk3[4].multAdd/wideAddDsp_D_d0_0 output system_i/ACF_AXI_mini_0/inst/AutoCorrelationFunction_v1_0_S00_AXI_inst/acf_core/inst/genblk3[4].multAdd/wideAddDsp_D_d0_0/P[47:0] is not pipelined (PREG=0). Pipelining the DSP48 output will improve performance and often saves power so it is suggested whenever possible to fully pipeline this function.  If this DSP48 function was inferred, it is suggested to describe an additional register stage after this function.  If the DSP48 was instantiated in the design, it is suggested to set the PREG attribute to 1.
Related violations: <none>

DPOP-1#11 Warning
PREG Output pipelining  
DSP system_i/ACF_AXI_mini_0/inst/AutoCorrelationFunction_v1_0_S00_AXI_inst/acf_core/inst/genblk3[5].multAdd/wideAddDsp_D_d0_0 output system_i/ACF_AXI_mini_0/inst/AutoCorrelationFunction_v1_0_S00_AXI_inst/acf_core/inst/genblk3[5].multAdd/wideAddDsp_D_d0_0/CARRYCASCOUT is not pipelined (PREG=0). Pipelining the DSP48 output will improve performance and often saves power so it is suggested whenever possible to fully pipeline this function.  If this DSP48 function was inferred, it is suggested to describe an additional register stage after this function.  If the DSP48 was instantiated in the design, it is suggested to set the PREG attribute to 1.
Related violations: <none>

DPOP-1#12 Warning
PREG Output pipelining  
DSP system_i/ACF_AXI_mini_0/inst/AutoCorrelationFunction_v1_0_S00_AXI_inst/acf_core/inst/genblk3[5].multAdd/wideAddDsp_D_d0_0 output system_i/ACF_AXI_mini_0/inst/AutoCorrelationFunction_v1_0_S00_AXI_inst/acf_core/inst/genblk3[5].multAdd/wideAddDsp_D_d0_0/P[47:0] is not pipelined (PREG=0). Pipelining the DSP48 output will improve performance and often saves power so it is suggested whenever possible to fully pipeline this function.  If this DSP48 function was inferred, it is suggested to describe an additional register stage after this function.  If the DSP48 was instantiated in the design, it is suggested to set the PREG attribute to 1.
Related violations: <none>

DPOP-1#13 Warning
PREG Output pipelining  
DSP system_i/ACF_AXI_mini_0/inst/AutoCorrelationFunction_v1_0_S00_AXI_inst/acf_core/inst/genblk3[6].multAdd/wideAddDsp_D_d0_0 output system_i/ACF_AXI_mini_0/inst/AutoCorrelationFunction_v1_0_S00_AXI_inst/acf_core/inst/genblk3[6].multAdd/wideAddDsp_D_d0_0/CARRYCASCOUT is not pipelined (PREG=0). Pipelining the DSP48 output will improve performance and often saves power so it is suggested whenever possible to fully pipeline this function.  If this DSP48 function was inferred, it is suggested to describe an additional register stage after this function.  If the DSP48 was instantiated in the design, it is suggested to set the PREG attribute to 1.
Related violations: <none>

DPOP-1#14 Warning
PREG Output pipelining  
DSP system_i/ACF_AXI_mini_0/inst/AutoCorrelationFunction_v1_0_S00_AXI_inst/acf_core/inst/genblk3[6].multAdd/wideAddDsp_D_d0_0 output system_i/ACF_AXI_mini_0/inst/AutoCorrelationFunction_v1_0_S00_AXI_inst/acf_core/inst/genblk3[6].multAdd/wideAddDsp_D_d0_0/P[47:0] is not pipelined (PREG=0). Pipelining the DSP48 output will improve performance and often saves power so it is suggested whenever possible to fully pipeline this function.  If this DSP48 function was inferred, it is suggested to describe an additional register stage after this function.  If the DSP48 was instantiated in the design, it is suggested to set the PREG attribute to 1.
Related violations: <none>

DPOP-1#15 Warning
PREG Output pipelining  
DSP system_i/ACF_AXI_mini_0/inst/AutoCorrelationFunction_v1_0_S00_AXI_inst/acf_core/inst/genblk3[7].multAdd/wideAddDsp_D_d0_0 output system_i/ACF_AXI_mini_0/inst/AutoCorrelationFunction_v1_0_S00_AXI_inst/acf_core/inst/genblk3[7].multAdd/wideAddDsp_D_d0_0/CARRYCASCOUT is not pipelined (PREG=0). Pipelining the DSP48 output will improve performance and often saves power so it is suggested whenever possible to fully pipeline this function.  If this DSP48 function was inferred, it is suggested to describe an additional register stage after this function.  If the DSP48 was instantiated in the design, it is suggested to set the PREG attribute to 1.
Related violations: <none>

DPOP-1#16 Warning
PREG Output pipelining  
DSP system_i/ACF_AXI_mini_0/inst/AutoCorrelationFunction_v1_0_S00_AXI_inst/acf_core/inst/genblk3[7].multAdd/wideAddDsp_D_d0_0 output system_i/ACF_AXI_mini_0/inst/AutoCorrelationFunction_v1_0_S00_AXI_inst/acf_core/inst/genblk3[7].multAdd/wideAddDsp_D_d0_0/P[47:0] is not pipelined (PREG=0). Pipelining the DSP48 output will improve performance and often saves power so it is suggested whenever possible to fully pipeline this function.  If this DSP48 function was inferred, it is suggested to describe an additional register stage after this function.  If the DSP48 was instantiated in the design, it is suggested to set the PREG attribute to 1.
Related violations: <none>

REQP-1840#1 Warning
RAMB18 async control check  
The RAMB18E1 system_i/ACF_AXI_mini_0/inst/AutoCorrelationFunction_v1_0_S00_AXI_inst/acf_core/inst/genblk1[0].niblock/tdc_pl/smallFIFO/U0/inst_fifo_gen/gconvfifo.rf/grf.rf/gntv_or_sync_fifo.mem/gbm.gbmg.gbmga.ngecc.bmg/inst_blk_mem_gen/gnbram.gnativebmg.native_blk_mem_gen/valid.cstr/ramloop[0].ram.r/prim_noinit.ram/DEVICE_7SERIES.NO_BMM_INFO.SDP.WIDE_PRIM18.ram has an input control pin system_i/ACF_AXI_mini_0/inst/AutoCorrelationFunction_v1_0_S00_AXI_inst/acf_core/inst/genblk1[0].niblock/tdc_pl/smallFIFO/U0/inst_fifo_gen/gconvfifo.rf/grf.rf/gntv_or_sync_fifo.mem/gbm.gbmg.gbmga.ngecc.bmg/inst_blk_mem_gen/gnbram.gnativebmg.native_blk_mem_gen/valid.cstr/ramloop[0].ram.r/prim_noinit.ram/DEVICE_7SERIES.NO_BMM_INFO.SDP.WIDE_PRIM18.ram/ADDRARDADDR[10] (net: system_i/ACF_AXI_mini_0/inst/AutoCorrelationFunction_v1_0_S00_AXI_inst/acf_core/inst/genblk1[0].niblock/tdc_pl/smallFIFO/U0/inst_fifo_gen/gconvfifo.rf/grf.rf/gntv_or_sync_fifo.mem/gbm.gbmg.gbmga.ngecc.bmg/inst_blk_mem_gen/gnbram.gnativebmg.native_blk_mem_gen/valid.cstr/ramloop[0].ram.r/prim_noinit.ram/DEVICE_7SERIES.NO_BMM_INFO.SDP.WIDE_PRIM18.ram_0[5]) which is driven by a register (system_i/ACF_AXI_mini_0/inst/AutoCorrelationFunction_v1_0_S00_AXI_inst/acf_core/inst/genblk1[0].niblock/tdc_pl/smallFIFO/U0/inst_fifo_gen/gconvfifo.rf/grf.rf/gntv_or_sync_fifo.gl0.rd/rpntr/gc0.count_d1_reg[5]) that has an active asychronous set or reset. This may cause corruption of the memory contents and/or read values when the set/reset is asserted and is not analyzed by the default static timing analysis. It is suggested to eliminate the use of a set/reset to registers driving this RAMB pin or else use a synchronous reset in which the assertion of the reset is timed by default.
Related violations: <none>

REQP-1840#2 Warning
RAMB18 async control check  
The RAMB18E1 system_i/ACF_AXI_mini_0/inst/AutoCorrelationFunction_v1_0_S00_AXI_inst/acf_core/inst/genblk1[0].niblock/tdc_pl/smallFIFO/U0/inst_fifo_gen/gconvfifo.rf/grf.rf/gntv_or_sync_fifo.mem/gbm.gbmg.gbmga.ngecc.bmg/inst_blk_mem_gen/gnbram.gnativebmg.native_blk_mem_gen/valid.cstr/ramloop[0].ram.r/prim_noinit.ram/DEVICE_7SERIES.NO_BMM_INFO.SDP.WIDE_PRIM18.ram has an input control pin system_i/ACF_AXI_mini_0/inst/AutoCorrelationFunction_v1_0_S00_AXI_inst/acf_core/inst/genblk1[0].niblock/tdc_pl/smallFIFO/U0/inst_fifo_gen/gconvfifo.rf/grf.rf/gntv_or_sync_fifo.mem/gbm.gbmg.gbmga.ngecc.bmg/inst_blk_mem_gen/gnbram.gnativebmg.native_blk_mem_gen/valid.cstr/ramloop[0].ram.r/prim_noinit.ram/DEVICE_7SERIES.NO_BMM_INFO.SDP.WIDE_PRIM18.ram/ADDRARDADDR[11] (net: system_i/ACF_AXI_mini_0/inst/AutoCorrelationFunction_v1_0_S00_AXI_inst/acf_core/inst/genblk1[0].niblock/tdc_pl/smallFIFO/U0/inst_fifo_gen/gconvfifo.rf/grf.rf/gntv_or_sync_fifo.mem/gbm.gbmg.gbmga.ngecc.bmg/inst_blk_mem_gen/gnbram.gnativebmg.native_blk_mem_gen/valid.cstr/ramloop[0].ram.r/prim_noinit.ram/DEVICE_7SERIES.NO_BMM_INFO.SDP.WIDE_PRIM18.ram_0[6]) which is driven by a register (system_i/ACF_AXI_mini_0/inst/AutoCorrelationFunction_v1_0_S00_AXI_inst/acf_core/inst/genblk1[0].niblock/tdc_pl/smallFIFO/U0/inst_fifo_gen/gconvfifo.rf/grf.rf/gntv_or_sync_fifo.gl0.rd/rpntr/gc0.count_d1_reg[6]) that has an active asychronous set or reset. This may cause corruption of the memory contents and/or read values when the set/reset is asserted and is not analyzed by the default static timing analysis. It is suggested to eliminate the use of a set/reset to registers driving this RAMB pin or else use a synchronous reset in which the assertion of the reset is timed by default.
Related violations: <none>

REQP-1840#3 Warning
RAMB18 async control check  
The RAMB18E1 system_i/ACF_AXI_mini_0/inst/AutoCorrelationFunction_v1_0_S00_AXI_inst/acf_core/inst/genblk1[0].niblock/tdc_pl/smallFIFO/U0/inst_fifo_gen/gconvfifo.rf/grf.rf/gntv_or_sync_fifo.mem/gbm.gbmg.gbmga.ngecc.bmg/inst_blk_mem_gen/gnbram.gnativebmg.native_blk_mem_gen/valid.cstr/ramloop[0].ram.r/prim_noinit.ram/DEVICE_7SERIES.NO_BMM_INFO.SDP.WIDE_PRIM18.ram has an input control pin system_i/ACF_AXI_mini_0/inst/AutoCorrelationFunction_v1_0_S00_AXI_inst/acf_core/inst/genblk1[0].niblock/tdc_pl/smallFIFO/U0/inst_fifo_gen/gconvfifo.rf/grf.rf/gntv_or_sync_fifo.mem/gbm.gbmg.gbmga.ngecc.bmg/inst_blk_mem_gen/gnbram.gnativebmg.native_blk_mem_gen/valid.cstr/ramloop[0].ram.r/prim_noinit.ram/DEVICE_7SERIES.NO_BMM_INFO.SDP.WIDE_PRIM18.ram/ADDRARDADDR[12] (net: system_i/ACF_AXI_mini_0/inst/AutoCorrelationFunction_v1_0_S00_AXI_inst/acf_core/inst/genblk1[0].niblock/tdc_pl/smallFIFO/U0/inst_fifo_gen/gconvfifo.rf/grf.rf/gntv_or_sync_fifo.mem/gbm.gbmg.gbmga.ngecc.bmg/inst_blk_mem_gen/gnbram.gnativebmg.native_blk_mem_gen/valid.cstr/ramloop[0].ram.r/prim_noinit.ram/DEVICE_7SERIES.NO_BMM_INFO.SDP.WIDE_PRIM18.ram_0[7]) which is driven by a register (system_i/ACF_AXI_mini_0/inst/AutoCorrelationFunction_v1_0_S00_AXI_inst/acf_core/inst/genblk1[0].niblock/tdc_pl/smallFIFO/U0/inst_fifo_gen/gconvfifo.rf/grf.rf/gntv_or_sync_fifo.gl0.rd/rpntr/gc0.count_d1_reg[7]) that has an active asychronous set or reset. This may cause corruption of the memory contents and/or read values when the set/reset is asserted and is not analyzed by the default static timing analysis. It is suggested to eliminate the use of a set/reset to registers driving this RAMB pin or else use a synchronous reset in which the assertion of the reset is timed by default.
Related violations: <none>

REQP-1840#4 Warning
RAMB18 async control check  
The RAMB18E1 system_i/ACF_AXI_mini_0/inst/AutoCorrelationFunction_v1_0_S00_AXI_inst/acf_core/inst/genblk1[0].niblock/tdc_pl/smallFIFO/U0/inst_fifo_gen/gconvfifo.rf/grf.rf/gntv_or_sync_fifo.mem/gbm.gbmg.gbmga.ngecc.bmg/inst_blk_mem_gen/gnbram.gnativebmg.native_blk_mem_gen/valid.cstr/ramloop[0].ram.r/prim_noinit.ram/DEVICE_7SERIES.NO_BMM_INFO.SDP.WIDE_PRIM18.ram has an input control pin system_i/ACF_AXI_mini_0/inst/AutoCorrelationFunction_v1_0_S00_AXI_inst/acf_core/inst/genblk1[0].niblock/tdc_pl/smallFIFO/U0/inst_fifo_gen/gconvfifo.rf/grf.rf/gntv_or_sync_fifo.mem/gbm.gbmg.gbmga.ngecc.bmg/inst_blk_mem_gen/gnbram.gnativebmg.native_blk_mem_gen/valid.cstr/ramloop[0].ram.r/prim_noinit.ram/DEVICE_7SERIES.NO_BMM_INFO.SDP.WIDE_PRIM18.ram/ADDRARDADDR[13] (net: system_i/ACF_AXI_mini_0/inst/AutoCorrelationFunction_v1_0_S00_AXI_inst/acf_core/inst/genblk1[0].niblock/tdc_pl/smallFIFO/U0/inst_fifo_gen/gconvfifo.rf/grf.rf/gntv_or_sync_fifo.mem/gbm.gbmg.gbmga.ngecc.bmg/inst_blk_mem_gen/gnbram.gnativebmg.native_blk_mem_gen/valid.cstr/ramloop[0].ram.r/prim_noinit.ram/DEVICE_7SERIES.NO_BMM_INFO.SDP.WIDE_PRIM18.ram_0[8]) which is driven by a register (system_i/ACF_AXI_mini_0/inst/AutoCorrelationFunction_v1_0_S00_AXI_inst/acf_core/inst/genblk1[0].niblock/tdc_pl/smallFIFO/U0/inst_fifo_gen/gconvfifo.rf/grf.rf/gntv_or_sync_fifo.gl0.rd/rpntr/gc0.count_d1_reg[8]) that has an active asychronous set or reset. This may cause corruption of the memory contents and/or read values when the set/reset is asserted and is not analyzed by the default static timing analysis. It is suggested to eliminate the use of a set/reset to registers driving this RAMB pin or else use a synchronous reset in which the assertion of the reset is timed by default.
Related violations: <none>

REQP-1840#5 Warning
RAMB18 async control check  
The RAMB18E1 system_i/ACF_AXI_mini_0/inst/AutoCorrelationFunction_v1_0_S00_AXI_inst/acf_core/inst/genblk1[0].niblock/tdc_pl/smallFIFO/U0/inst_fifo_gen/gconvfifo.rf/grf.rf/gntv_or_sync_fifo.mem/gbm.gbmg.gbmga.ngecc.bmg/inst_blk_mem_gen/gnbram.gnativebmg.native_blk_mem_gen/valid.cstr/ramloop[0].ram.r/prim_noinit.ram/DEVICE_7SERIES.NO_BMM_INFO.SDP.WIDE_PRIM18.ram has an input control pin system_i/ACF_AXI_mini_0/inst/AutoCorrelationFunction_v1_0_S00_AXI_inst/acf_core/inst/genblk1[0].niblock/tdc_pl/smallFIFO/U0/inst_fifo_gen/gconvfifo.rf/grf.rf/gntv_or_sync_fifo.mem/gbm.gbmg.gbmga.ngecc.bmg/inst_blk_mem_gen/gnbram.gnativebmg.native_blk_mem_gen/valid.cstr/ramloop[0].ram.r/prim_noinit.ram/DEVICE_7SERIES.NO_BMM_INFO.SDP.WIDE_PRIM18.ram/ADDRARDADDR[5] (net: system_i/ACF_AXI_mini_0/inst/AutoCorrelationFunction_v1_0_S00_AXI_inst/acf_core/inst/genblk1[0].niblock/tdc_pl/smallFIFO/U0/inst_fifo_gen/gconvfifo.rf/grf.rf/gntv_or_sync_fifo.mem/gbm.gbmg.gbmga.ngecc.bmg/inst_blk_mem_gen/gnbram.gnativebmg.native_blk_mem_gen/valid.cstr/ramloop[0].ram.r/prim_noinit.ram/DEVICE_7SERIES.NO_BMM_INFO.SDP.WIDE_PRIM18.ram_0[0]) which is driven by a register (system_i/ACF_AXI_mini_0/inst/AutoCorrelationFunction_v1_0_S00_AXI_inst/acf_core/inst/genblk1[0].niblock/tdc_pl/smallFIFO/U0/inst_fifo_gen/gconvfifo.rf/grf.rf/gntv_or_sync_fifo.gl0.rd/rpntr/gc0.count_d1_reg[0]) that has an active asychronous set or reset. This may cause corruption of the memory contents and/or read values when the set/reset is asserted and is not analyzed by the default static timing analysis. It is suggested to eliminate the use of a set/reset to registers driving this RAMB pin or else use a synchronous reset in which the assertion of the reset is timed by default.
Related violations: <none>

REQP-1840#6 Warning
RAMB18 async control check  
The RAMB18E1 system_i/ACF_AXI_mini_0/inst/AutoCorrelationFunction_v1_0_S00_AXI_inst/acf_core/inst/genblk1[0].niblock/tdc_pl/smallFIFO/U0/inst_fifo_gen/gconvfifo.rf/grf.rf/gntv_or_sync_fifo.mem/gbm.gbmg.gbmga.ngecc.bmg/inst_blk_mem_gen/gnbram.gnativebmg.native_blk_mem_gen/valid.cstr/ramloop[0].ram.r/prim_noinit.ram/DEVICE_7SERIES.NO_BMM_INFO.SDP.WIDE_PRIM18.ram has an input control pin system_i/ACF_AXI_mini_0/inst/AutoCorrelationFunction_v1_0_S00_AXI_inst/acf_core/inst/genblk1[0].niblock/tdc_pl/smallFIFO/U0/inst_fifo_gen/gconvfifo.rf/grf.rf/gntv_or_sync_fifo.mem/gbm.gbmg.gbmga.ngecc.bmg/inst_blk_mem_gen/gnbram.gnativebmg.native_blk_mem_gen/valid.cstr/ramloop[0].ram.r/prim_noinit.ram/DEVICE_7SERIES.NO_BMM_INFO.SDP.WIDE_PRIM18.ram/ADDRARDADDR[6] (net: system_i/ACF_AXI_mini_0/inst/AutoCorrelationFunction_v1_0_S00_AXI_inst/acf_core/inst/genblk1[0].niblock/tdc_pl/smallFIFO/U0/inst_fifo_gen/gconvfifo.rf/grf.rf/gntv_or_sync_fifo.mem/gbm.gbmg.gbmga.ngecc.bmg/inst_blk_mem_gen/gnbram.gnativebmg.native_blk_mem_gen/valid.cstr/ramloop[0].ram.r/prim_noinit.ram/DEVICE_7SERIES.NO_BMM_INFO.SDP.WIDE_PRIM18.ram_0[1]) which is driven by a register (system_i/ACF_AXI_mini_0/inst/AutoCorrelationFunction_v1_0_S00_AXI_inst/acf_core/inst/genblk1[0].niblock/tdc_pl/smallFIFO/U0/inst_fifo_gen/gconvfifo.rf/grf.rf/gntv_or_sync_fifo.gl0.rd/rpntr/gc0.count_d1_reg[1]) that has an active asychronous set or reset. This may cause corruption of the memory contents and/or read values when the set/reset is asserted and is not analyzed by the default static timing analysis. It is suggested to eliminate the use of a set/reset to registers driving this RAMB pin or else use a synchronous reset in which the assertion of the reset is timed by default.
Related violations: <none>

REQP-1840#7 Warning
RAMB18 async control check  
The RAMB18E1 system_i/ACF_AXI_mini_0/inst/AutoCorrelationFunction_v1_0_S00_AXI_inst/acf_core/inst/genblk1[0].niblock/tdc_pl/smallFIFO/U0/inst_fifo_gen/gconvfifo.rf/grf.rf/gntv_or_sync_fifo.mem/gbm.gbmg.gbmga.ngecc.bmg/inst_blk_mem_gen/gnbram.gnativebmg.native_blk_mem_gen/valid.cstr/ramloop[0].ram.r/prim_noinit.ram/DEVICE_7SERIES.NO_BMM_INFO.SDP.WIDE_PRIM18.ram has an input control pin system_i/ACF_AXI_mini_0/inst/AutoCorrelationFunction_v1_0_S00_AXI_inst/acf_core/inst/genblk1[0].niblock/tdc_pl/smallFIFO/U0/inst_fifo_gen/gconvfifo.rf/grf.rf/gntv_or_sync_fifo.mem/gbm.gbmg.gbmga.ngecc.bmg/inst_blk_mem_gen/gnbram.gnativebmg.native_blk_mem_gen/valid.cstr/ramloop[0].ram.r/prim_noinit.ram/DEVICE_7SERIES.NO_BMM_INFO.SDP.WIDE_PRIM18.ram/ADDRARDADDR[7] (net: system_i/ACF_AXI_mini_0/inst/AutoCorrelationFunction_v1_0_S00_AXI_inst/acf_core/inst/genblk1[0].niblock/tdc_pl/smallFIFO/U0/inst_fifo_gen/gconvfifo.rf/grf.rf/gntv_or_sync_fifo.mem/gbm.gbmg.gbmga.ngecc.bmg/inst_blk_mem_gen/gnbram.gnativebmg.native_blk_mem_gen/valid.cstr/ramloop[0].ram.r/prim_noinit.ram/DEVICE_7SERIES.NO_BMM_INFO.SDP.WIDE_PRIM18.ram_0[2]) which is driven by a register (system_i/ACF_AXI_mini_0/inst/AutoCorrelationFunction_v1_0_S00_AXI_inst/acf_core/inst/genblk1[0].niblock/tdc_pl/smallFIFO/U0/inst_fifo_gen/gconvfifo.rf/grf.rf/gntv_or_sync_fifo.gl0.rd/rpntr/gc0.count_d1_reg[2]) that has an active asychronous set or reset. This may cause corruption of the memory contents and/or read values when the set/reset is asserted and is not analyzed by the default static timing analysis. It is suggested to eliminate the use of a set/reset to registers driving this RAMB pin or else use a synchronous reset in which the assertion of the reset is timed by default.
Related violations: <none>

REQP-1840#8 Warning
RAMB18 async control check  
The RAMB18E1 system_i/ACF_AXI_mini_0/inst/AutoCorrelationFunction_v1_0_S00_AXI_inst/acf_core/inst/genblk1[0].niblock/tdc_pl/smallFIFO/U0/inst_fifo_gen/gconvfifo.rf/grf.rf/gntv_or_sync_fifo.mem/gbm.gbmg.gbmga.ngecc.bmg/inst_blk_mem_gen/gnbram.gnativebmg.native_blk_mem_gen/valid.cstr/ramloop[0].ram.r/prim_noinit.ram/DEVICE_7SERIES.NO_BMM_INFO.SDP.WIDE_PRIM18.ram has an input control pin system_i/ACF_AXI_mini_0/inst/AutoCorrelationFunction_v1_0_S00_AXI_inst/acf_core/inst/genblk1[0].niblock/tdc_pl/smallFIFO/U0/inst_fifo_gen/gconvfifo.rf/grf.rf/gntv_or_sync_fifo.mem/gbm.gbmg.gbmga.ngecc.bmg/inst_blk_mem_gen/gnbram.gnativebmg.native_blk_mem_gen/valid.cstr/ramloop[0].ram.r/prim_noinit.ram/DEVICE_7SERIES.NO_BMM_INFO.SDP.WIDE_PRIM18.ram/ADDRARDADDR[8] (net: system_i/ACF_AXI_mini_0/inst/AutoCorrelationFunction_v1_0_S00_AXI_inst/acf_core/inst/genblk1[0].niblock/tdc_pl/smallFIFO/U0/inst_fifo_gen/gconvfifo.rf/grf.rf/gntv_or_sync_fifo.mem/gbm.gbmg.gbmga.ngecc.bmg/inst_blk_mem_gen/gnbram.gnativebmg.native_blk_mem_gen/valid.cstr/ramloop[0].ram.r/prim_noinit.ram/DEVICE_7SERIES.NO_BMM_INFO.SDP.WIDE_PRIM18.ram_0[3]) which is driven by a register (system_i/ACF_AXI_mini_0/inst/AutoCorrelationFunction_v1_0_S00_AXI_inst/acf_core/inst/genblk1[0].niblock/tdc_pl/smallFIFO/U0/inst_fifo_gen/gconvfifo.rf/grf.rf/gntv_or_sync_fifo.gl0.rd/rpntr/gc0.count_d1_reg[3]) that has an active asychronous set or reset. This may cause corruption of the memory contents and/or read values when the set/reset is asserted and is not analyzed by the default static timing analysis. It is suggested to eliminate the use of a set/reset to registers driving this RAMB pin or else use a synchronous reset in which the assertion of the reset is timed by default.
Related violations: <none>

REQP-1840#9 Warning
RAMB18 async control check  
The RAMB18E1 system_i/ACF_AXI_mini_0/inst/AutoCorrelationFunction_v1_0_S00_AXI_inst/acf_core/inst/genblk1[0].niblock/tdc_pl/smallFIFO/U0/inst_fifo_gen/gconvfifo.rf/grf.rf/gntv_or_sync_fifo.mem/gbm.gbmg.gbmga.ngecc.bmg/inst_blk_mem_gen/gnbram.gnativebmg.native_blk_mem_gen/valid.cstr/ramloop[0].ram.r/prim_noinit.ram/DEVICE_7SERIES.NO_BMM_INFO.SDP.WIDE_PRIM18.ram has an input control pin system_i/ACF_AXI_mini_0/inst/AutoCorrelationFunction_v1_0_S00_AXI_inst/acf_core/inst/genblk1[0].niblock/tdc_pl/smallFIFO/U0/inst_fifo_gen/gconvfifo.rf/grf.rf/gntv_or_sync_fifo.mem/gbm.gbmg.gbmga.ngecc.bmg/inst_blk_mem_gen/gnbram.gnativebmg.native_blk_mem_gen/valid.cstr/ramloop[0].ram.r/prim_noinit.ram/DEVICE_7SERIES.NO_BMM_INFO.SDP.WIDE_PRIM18.ram/ADDRARDADDR[9] (net: system_i/ACF_AXI_mini_0/inst/AutoCorrelationFunction_v1_0_S00_AXI_inst/acf_core/inst/genblk1[0].niblock/tdc_pl/smallFIFO/U0/inst_fifo_gen/gconvfifo.rf/grf.rf/gntv_or_sync_fifo.mem/gbm.gbmg.gbmga.ngecc.bmg/inst_blk_mem_gen/gnbram.gnativebmg.native_blk_mem_gen/valid.cstr/ramloop[0].ram.r/prim_noinit.ram/DEVICE_7SERIES.NO_BMM_INFO.SDP.WIDE_PRIM18.ram_0[4]) which is driven by a register (system_i/ACF_AXI_mini_0/inst/AutoCorrelationFunction_v1_0_S00_AXI_inst/acf_core/inst/genblk1[0].niblock/tdc_pl/smallFIFO/U0/inst_fifo_gen/gconvfifo.rf/grf.rf/gntv_or_sync_fifo.gl0.rd/rpntr/gc0.count_d1_reg[4]) that has an active asychronous set or reset. This may cause corruption of the memory contents and/or read values when the set/reset is asserted and is not analyzed by the default static timing analysis. It is suggested to eliminate the use of a set/reset to registers driving this RAMB pin or else use a synchronous reset in which the assertion of the reset is timed by default.
Related violations: <none>

REQP-1840#10 Warning
RAMB18 async control check  
The RAMB18E1 system_i/ACF_AXI_mini_0/inst/AutoCorrelationFunction_v1_0_S00_AXI_inst/acf_core/inst/genblk1[0].niblock/tdc_pl/smallFIFO/U0/inst_fifo_gen/gconvfifo.rf/grf.rf/gntv_or_sync_fifo.mem/gbm.gbmg.gbmga.ngecc.bmg/inst_blk_mem_gen/gnbram.gnativebmg.native_blk_mem_gen/valid.cstr/ramloop[0].ram.r/prim_noinit.ram/DEVICE_7SERIES.NO_BMM_INFO.SDP.WIDE_PRIM18.ram has an input control pin system_i/ACF_AXI_mini_0/inst/AutoCorrelationFunction_v1_0_S00_AXI_inst/acf_core/inst/genblk1[0].niblock/tdc_pl/smallFIFO/U0/inst_fifo_gen/gconvfifo.rf/grf.rf/gntv_or_sync_fifo.mem/gbm.gbmg.gbmga.ngecc.bmg/inst_blk_mem_gen/gnbram.gnativebmg.native_blk_mem_gen/valid.cstr/ramloop[0].ram.r/prim_noinit.ram/DEVICE_7SERIES.NO_BMM_INFO.SDP.WIDE_PRIM18.ram/ADDRBWRADDR[10] (net: system_i/ACF_AXI_mini_0/inst/AutoCorrelationFunction_v1_0_S00_AXI_inst/acf_core/inst/genblk1[0].niblock/tdc_pl/smallFIFO/U0/inst_fifo_gen/gconvfifo.rf/grf.rf/gntv_or_sync_fifo.mem/gbm.gbmg.gbmga.ngecc.bmg/inst_blk_mem_gen/gnbram.gnativebmg.native_blk_mem_gen/valid.cstr/ramloop[0].ram.r/prim_noinit.ram/DEVICE_7SERIES.NO_BMM_INFO.SDP.WIDE_PRIM18.ram_1[5]) which is driven by a register (system_i/ACF_AXI_mini_0/inst/AutoCorrelationFunction_v1_0_S00_AXI_inst/acf_core/inst/genblk1[0].niblock/tdc_pl/smallFIFO/U0/inst_fifo_gen/gconvfifo.rf/grf.rf/gntv_or_sync_fifo.gl0.wr/wpntr/gic0.gc0.count_d2_reg[5]) that has an active asychronous set or reset. This may cause corruption of the memory contents and/or read values when the set/reset is asserted and is not analyzed by the default static timing analysis. It is suggested to eliminate the use of a set/reset to registers driving this RAMB pin or else use a synchronous reset in which the assertion of the reset is timed by default.
Related violations: <none>

REQP-1840#11 Warning
RAMB18 async control check  
The RAMB18E1 system_i/ACF_AXI_mini_0/inst/AutoCorrelationFunction_v1_0_S00_AXI_inst/acf_core/inst/genblk1[0].niblock/tdc_pl/smallFIFO/U0/inst_fifo_gen/gconvfifo.rf/grf.rf/gntv_or_sync_fifo.mem/gbm.gbmg.gbmga.ngecc.bmg/inst_blk_mem_gen/gnbram.gnativebmg.native_blk_mem_gen/valid.cstr/ramloop[0].ram.r/prim_noinit.ram/DEVICE_7SERIES.NO_BMM_INFO.SDP.WIDE_PRIM18.ram has an input control pin system_i/ACF_AXI_mini_0/inst/AutoCorrelationFunction_v1_0_S00_AXI_inst/acf_core/inst/genblk1[0].niblock/tdc_pl/smallFIFO/U0/inst_fifo_gen/gconvfifo.rf/grf.rf/gntv_or_sync_fifo.mem/gbm.gbmg.gbmga.ngecc.bmg/inst_blk_mem_gen/gnbram.gnativebmg.native_blk_mem_gen/valid.cstr/ramloop[0].ram.r/prim_noinit.ram/DEVICE_7SERIES.NO_BMM_INFO.SDP.WIDE_PRIM18.ram/ADDRBWRADDR[11] (net: system_i/ACF_AXI_mini_0/inst/AutoCorrelationFunction_v1_0_S00_AXI_inst/acf_core/inst/genblk1[0].niblock/tdc_pl/smallFIFO/U0/inst_fifo_gen/gconvfifo.rf/grf.rf/gntv_or_sync_fifo.mem/gbm.gbmg.gbmga.ngecc.bmg/inst_blk_mem_gen/gnbram.gnativebmg.native_blk_mem_gen/valid.cstr/ramloop[0].ram.r/prim_noinit.ram/DEVICE_7SERIES.NO_BMM_INFO.SDP.WIDE_PRIM18.ram_1[6]) which is driven by a register (system_i/ACF_AXI_mini_0/inst/AutoCorrelationFunction_v1_0_S00_AXI_inst/acf_core/inst/genblk1[0].niblock/tdc_pl/smallFIFO/U0/inst_fifo_gen/gconvfifo.rf/grf.rf/gntv_or_sync_fifo.gl0.wr/wpntr/gic0.gc0.count_d2_reg[6]) that has an active asychronous set or reset. This may cause corruption of the memory contents and/or read values when the set/reset is asserted and is not analyzed by the default static timing analysis. It is suggested to eliminate the use of a set/reset to registers driving this RAMB pin or else use a synchronous reset in which the assertion of the reset is timed by default.
Related violations: <none>

REQP-1840#12 Warning
RAMB18 async control check  
The RAMB18E1 system_i/ACF_AXI_mini_0/inst/AutoCorrelationFunction_v1_0_S00_AXI_inst/acf_core/inst/genblk1[0].niblock/tdc_pl/smallFIFO/U0/inst_fifo_gen/gconvfifo.rf/grf.rf/gntv_or_sync_fifo.mem/gbm.gbmg.gbmga.ngecc.bmg/inst_blk_mem_gen/gnbram.gnativebmg.native_blk_mem_gen/valid.cstr/ramloop[0].ram.r/prim_noinit.ram/DEVICE_7SERIES.NO_BMM_INFO.SDP.WIDE_PRIM18.ram has an input control pin system_i/ACF_AXI_mini_0/inst/AutoCorrelationFunction_v1_0_S00_AXI_inst/acf_core/inst/genblk1[0].niblock/tdc_pl/smallFIFO/U0/inst_fifo_gen/gconvfifo.rf/grf.rf/gntv_or_sync_fifo.mem/gbm.gbmg.gbmga.ngecc.bmg/inst_blk_mem_gen/gnbram.gnativebmg.native_blk_mem_gen/valid.cstr/ramloop[0].ram.r/prim_noinit.ram/DEVICE_7SERIES.NO_BMM_INFO.SDP.WIDE_PRIM18.ram/ADDRBWRADDR[12] (net: system_i/ACF_AXI_mini_0/inst/AutoCorrelationFunction_v1_0_S00_AXI_inst/acf_core/inst/genblk1[0].niblock/tdc_pl/smallFIFO/U0/inst_fifo_gen/gconvfifo.rf/grf.rf/gntv_or_sync_fifo.mem/gbm.gbmg.gbmga.ngecc.bmg/inst_blk_mem_gen/gnbram.gnativebmg.native_blk_mem_gen/valid.cstr/ramloop[0].ram.r/prim_noinit.ram/DEVICE_7SERIES.NO_BMM_INFO.SDP.WIDE_PRIM18.ram_1[7]) which is driven by a register (system_i/ACF_AXI_mini_0/inst/AutoCorrelationFunction_v1_0_S00_AXI_inst/acf_core/inst/genblk1[0].niblock/tdc_pl/smallFIFO/U0/inst_fifo_gen/gconvfifo.rf/grf.rf/gntv_or_sync_fifo.gl0.wr/wpntr/gic0.gc0.count_d2_reg[7]) that has an active asychronous set or reset. This may cause corruption of the memory contents and/or read values when the set/reset is asserted and is not analyzed by the default static timing analysis. It is suggested to eliminate the use of a set/reset to registers driving this RAMB pin or else use a synchronous reset in which the assertion of the reset is timed by default.
Related violations: <none>

REQP-1840#13 Warning
RAMB18 async control check  
The RAMB18E1 system_i/ACF_AXI_mini_0/inst/AutoCorrelationFunction_v1_0_S00_AXI_inst/acf_core/inst/genblk1[0].niblock/tdc_pl/smallFIFO/U0/inst_fifo_gen/gconvfifo.rf/grf.rf/gntv_or_sync_fifo.mem/gbm.gbmg.gbmga.ngecc.bmg/inst_blk_mem_gen/gnbram.gnativebmg.native_blk_mem_gen/valid.cstr/ramloop[0].ram.r/prim_noinit.ram/DEVICE_7SERIES.NO_BMM_INFO.SDP.WIDE_PRIM18.ram has an input control pin system_i/ACF_AXI_mini_0/inst/AutoCorrelationFunction_v1_0_S00_AXI_inst/acf_core/inst/genblk1[0].niblock/tdc_pl/smallFIFO/U0/inst_fifo_gen/gconvfifo.rf/grf.rf/gntv_or_sync_fifo.mem/gbm.gbmg.gbmga.ngecc.bmg/inst_blk_mem_gen/gnbram.gnativebmg.native_blk_mem_gen/valid.cstr/ramloop[0].ram.r/prim_noinit.ram/DEVICE_7SERIES.NO_BMM_INFO.SDP.WIDE_PRIM18.ram/ADDRBWRADDR[13] (net: system_i/ACF_AXI_mini_0/inst/AutoCorrelationFunction_v1_0_S00_AXI_inst/acf_core/inst/genblk1[0].niblock/tdc_pl/smallFIFO/U0/inst_fifo_gen/gconvfifo.rf/grf.rf/gntv_or_sync_fifo.mem/gbm.gbmg.gbmga.ngecc.bmg/inst_blk_mem_gen/gnbram.gnativebmg.native_blk_mem_gen/valid.cstr/ramloop[0].ram.r/prim_noinit.ram/DEVICE_7SERIES.NO_BMM_INFO.SDP.WIDE_PRIM18.ram_1[8]) which is driven by a register (system_i/ACF_AXI_mini_0/inst/AutoCorrelationFunction_v1_0_S00_AXI_inst/acf_core/inst/genblk1[0].niblock/tdc_pl/smallFIFO/U0/inst_fifo_gen/gconvfifo.rf/grf.rf/gntv_or_sync_fifo.gl0.wr/wpntr/gic0.gc0.count_d2_reg[8]) that has an active asychronous set or reset. This may cause corruption of the memory contents and/or read values when the set/reset is asserted and is not analyzed by the default static timing analysis. It is suggested to eliminate the use of a set/reset to registers driving this RAMB pin or else use a synchronous reset in which the assertion of the reset is timed by default.
Related violations: <none>

REQP-1840#14 Warning
RAMB18 async control check  
The RAMB18E1 system_i/ACF_AXI_mini_0/inst/AutoCorrelationFunction_v1_0_S00_AXI_inst/acf_core/inst/genblk1[0].niblock/tdc_pl/smallFIFO/U0/inst_fifo_gen/gconvfifo.rf/grf.rf/gntv_or_sync_fifo.mem/gbm.gbmg.gbmga.ngecc.bmg/inst_blk_mem_gen/gnbram.gnativebmg.native_blk_mem_gen/valid.cstr/ramloop[0].ram.r/prim_noinit.ram/DEVICE_7SERIES.NO_BMM_INFO.SDP.WIDE_PRIM18.ram has an input control pin system_i/ACF_AXI_mini_0/inst/AutoCorrelationFunction_v1_0_S00_AXI_inst/acf_core/inst/genblk1[0].niblock/tdc_pl/smallFIFO/U0/inst_fifo_gen/gconvfifo.rf/grf.rf/gntv_or_sync_fifo.mem/gbm.gbmg.gbmga.ngecc.bmg/inst_blk_mem_gen/gnbram.gnativebmg.native_blk_mem_gen/valid.cstr/ramloop[0].ram.r/prim_noinit.ram/DEVICE_7SERIES.NO_BMM_INFO.SDP.WIDE_PRIM18.ram/ADDRBWRADDR[5] (net: system_i/ACF_AXI_mini_0/inst/AutoCorrelationFunction_v1_0_S00_AXI_inst/acf_core/inst/genblk1[0].niblock/tdc_pl/smallFIFO/U0/inst_fifo_gen/gconvfifo.rf/grf.rf/gntv_or_sync_fifo.mem/gbm.gbmg.gbmga.ngecc.bmg/inst_blk_mem_gen/gnbram.gnativebmg.native_blk_mem_gen/valid.cstr/ramloop[0].ram.r/prim_noinit.ram/DEVICE_7SERIES.NO_BMM_INFO.SDP.WIDE_PRIM18.ram_1[0]) which is driven by a register (system_i/ACF_AXI_mini_0/inst/AutoCorrelationFunction_v1_0_S00_AXI_inst/acf_core/inst/genblk1[0].niblock/tdc_pl/smallFIFO/U0/inst_fifo_gen/gconvfifo.rf/grf.rf/gntv_or_sync_fifo.gl0.wr/wpntr/gic0.gc0.count_d2_reg[0]) that has an active asychronous set or reset. This may cause corruption of the memory contents and/or read values when the set/reset is asserted and is not analyzed by the default static timing analysis. It is suggested to eliminate the use of a set/reset to registers driving this RAMB pin or else use a synchronous reset in which the assertion of the reset is timed by default.
Related violations: <none>

REQP-1840#15 Warning
RAMB18 async control check  
The RAMB18E1 system_i/ACF_AXI_mini_0/inst/AutoCorrelationFunction_v1_0_S00_AXI_inst/acf_core/inst/genblk1[0].niblock/tdc_pl/smallFIFO/U0/inst_fifo_gen/gconvfifo.rf/grf.rf/gntv_or_sync_fifo.mem/gbm.gbmg.gbmga.ngecc.bmg/inst_blk_mem_gen/gnbram.gnativebmg.native_blk_mem_gen/valid.cstr/ramloop[0].ram.r/prim_noinit.ram/DEVICE_7SERIES.NO_BMM_INFO.SDP.WIDE_PRIM18.ram has an input control pin system_i/ACF_AXI_mini_0/inst/AutoCorrelationFunction_v1_0_S00_AXI_inst/acf_core/inst/genblk1[0].niblock/tdc_pl/smallFIFO/U0/inst_fifo_gen/gconvfifo.rf/grf.rf/gntv_or_sync_fifo.mem/gbm.gbmg.gbmga.ngecc.bmg/inst_blk_mem_gen/gnbram.gnativebmg.native_blk_mem_gen/valid.cstr/ramloop[0].ram.r/prim_noinit.ram/DEVICE_7SERIES.NO_BMM_INFO.SDP.WIDE_PRIM18.ram/ADDRBWRADDR[6] (net: system_i/ACF_AXI_mini_0/inst/AutoCorrelationFunction_v1_0_S00_AXI_inst/acf_core/inst/genblk1[0].niblock/tdc_pl/smallFIFO/U0/inst_fifo_gen/gconvfifo.rf/grf.rf/gntv_or_sync_fifo.mem/gbm.gbmg.gbmga.ngecc.bmg/inst_blk_mem_gen/gnbram.gnativebmg.native_blk_mem_gen/valid.cstr/ramloop[0].ram.r/prim_noinit.ram/DEVICE_7SERIES.NO_BMM_INFO.SDP.WIDE_PRIM18.ram_1[1]) which is driven by a register (system_i/ACF_AXI_mini_0/inst/AutoCorrelationFunction_v1_0_S00_AXI_inst/acf_core/inst/genblk1[0].niblock/tdc_pl/smallFIFO/U0/inst_fifo_gen/gconvfifo.rf/grf.rf/gntv_or_sync_fifo.gl0.wr/wpntr/gic0.gc0.count_d2_reg[1]) that has an active asychronous set or reset. This may cause corruption of the memory contents and/or read values when the set/reset is asserted and is not analyzed by the default static timing analysis. It is suggested to eliminate the use of a set/reset to registers driving this RAMB pin or else use a synchronous reset in which the assertion of the reset is timed by default.
Related violations: <none>

REQP-1840#16 Warning
RAMB18 async control check  
The RAMB18E1 system_i/ACF_AXI_mini_0/inst/AutoCorrelationFunction_v1_0_S00_AXI_inst/acf_core/inst/genblk1[0].niblock/tdc_pl/smallFIFO/U0/inst_fifo_gen/gconvfifo.rf/grf.rf/gntv_or_sync_fifo.mem/gbm.gbmg.gbmga.ngecc.bmg/inst_blk_mem_gen/gnbram.gnativebmg.native_blk_mem_gen/valid.cstr/ramloop[0].ram.r/prim_noinit.ram/DEVICE_7SERIES.NO_BMM_INFO.SDP.WIDE_PRIM18.ram has an input control pin system_i/ACF_AXI_mini_0/inst/AutoCorrelationFunction_v1_0_S00_AXI_inst/acf_core/inst/genblk1[0].niblock/tdc_pl/smallFIFO/U0/inst_fifo_gen/gconvfifo.rf/grf.rf/gntv_or_sync_fifo.mem/gbm.gbmg.gbmga.ngecc.bmg/inst_blk_mem_gen/gnbram.gnativebmg.native_blk_mem_gen/valid.cstr/ramloop[0].ram.r/prim_noinit.ram/DEVICE_7SERIES.NO_BMM_INFO.SDP.WIDE_PRIM18.ram/ADDRBWRADDR[7] (net: system_i/ACF_AXI_mini_0/inst/AutoCorrelationFunction_v1_0_S00_AXI_inst/acf_core/inst/genblk1[0].niblock/tdc_pl/smallFIFO/U0/inst_fifo_gen/gconvfifo.rf/grf.rf/gntv_or_sync_fifo.mem/gbm.gbmg.gbmga.ngecc.bmg/inst_blk_mem_gen/gnbram.gnativebmg.native_blk_mem_gen/valid.cstr/ramloop[0].ram.r/prim_noinit.ram/DEVICE_7SERIES.NO_BMM_INFO.SDP.WIDE_PRIM18.ram_1[2]) which is driven by a register (system_i/ACF_AXI_mini_0/inst/AutoCorrelationFunction_v1_0_S00_AXI_inst/acf_core/inst/genblk1[0].niblock/tdc_pl/smallFIFO/U0/inst_fifo_gen/gconvfifo.rf/grf.rf/gntv_or_sync_fifo.gl0.wr/wpntr/gic0.gc0.count_d2_reg[2]) that has an active asychronous set or reset. This may cause corruption of the memory contents and/or read values when the set/reset is asserted and is not analyzed by the default static timing analysis. It is suggested to eliminate the use of a set/reset to registers driving this RAMB pin or else use a synchronous reset in which the assertion of the reset is timed by default.
Related violations: <none>

REQP-1840#17 Warning
RAMB18 async control check  
The RAMB18E1 system_i/ACF_AXI_mini_0/inst/AutoCorrelationFunction_v1_0_S00_AXI_inst/acf_core/inst/genblk1[0].niblock/tdc_pl/smallFIFO/U0/inst_fifo_gen/gconvfifo.rf/grf.rf/gntv_or_sync_fifo.mem/gbm.gbmg.gbmga.ngecc.bmg/inst_blk_mem_gen/gnbram.gnativebmg.native_blk_mem_gen/valid.cstr/ramloop[0].ram.r/prim_noinit.ram/DEVICE_7SERIES.NO_BMM_INFO.SDP.WIDE_PRIM18.ram has an input control pin system_i/ACF_AXI_mini_0/inst/AutoCorrelationFunction_v1_0_S00_AXI_inst/acf_core/inst/genblk1[0].niblock/tdc_pl/smallFIFO/U0/inst_fifo_gen/gconvfifo.rf/grf.rf/gntv_or_sync_fifo.mem/gbm.gbmg.gbmga.ngecc.bmg/inst_blk_mem_gen/gnbram.gnativebmg.native_blk_mem_gen/valid.cstr/ramloop[0].ram.r/prim_noinit.ram/DEVICE_7SERIES.NO_BMM_INFO.SDP.WIDE_PRIM18.ram/ADDRBWRADDR[8] (net: system_i/ACF_AXI_mini_0/inst/AutoCorrelationFunction_v1_0_S00_AXI_inst/acf_core/inst/genblk1[0].niblock/tdc_pl/smallFIFO/U0/inst_fifo_gen/gconvfifo.rf/grf.rf/gntv_or_sync_fifo.mem/gbm.gbmg.gbmga.ngecc.bmg/inst_blk_mem_gen/gnbram.gnativebmg.native_blk_mem_gen/valid.cstr/ramloop[0].ram.r/prim_noinit.ram/DEVICE_7SERIES.NO_BMM_INFO.SDP.WIDE_PRIM18.ram_1[3]) which is driven by a register (system_i/ACF_AXI_mini_0/inst/AutoCorrelationFunction_v1_0_S00_AXI_inst/acf_core/inst/genblk1[0].niblock/tdc_pl/smallFIFO/U0/inst_fifo_gen/gconvfifo.rf/grf.rf/gntv_or_sync_fifo.gl0.wr/wpntr/gic0.gc0.count_d2_reg[3]) that has an active asychronous set or reset. This may cause corruption of the memory contents and/or read values when the set/reset is asserted and is not analyzed by the default static timing analysis. It is suggested to eliminate the use of a set/reset to registers driving this RAMB pin or else use a synchronous reset in which the assertion of the reset is timed by default.
Related violations: <none>

REQP-1840#18 Warning
RAMB18 async control check  
The RAMB18E1 system_i/ACF_AXI_mini_0/inst/AutoCorrelationFunction_v1_0_S00_AXI_inst/acf_core/inst/genblk1[0].niblock/tdc_pl/smallFIFO/U0/inst_fifo_gen/gconvfifo.rf/grf.rf/gntv_or_sync_fifo.mem/gbm.gbmg.gbmga.ngecc.bmg/inst_blk_mem_gen/gnbram.gnativebmg.native_blk_mem_gen/valid.cstr/ramloop[0].ram.r/prim_noinit.ram/DEVICE_7SERIES.NO_BMM_INFO.SDP.WIDE_PRIM18.ram has an input control pin system_i/ACF_AXI_mini_0/inst/AutoCorrelationFunction_v1_0_S00_AXI_inst/acf_core/inst/genblk1[0].niblock/tdc_pl/smallFIFO/U0/inst_fifo_gen/gconvfifo.rf/grf.rf/gntv_or_sync_fifo.mem/gbm.gbmg.gbmga.ngecc.bmg/inst_blk_mem_gen/gnbram.gnativebmg.native_blk_mem_gen/valid.cstr/ramloop[0].ram.r/prim_noinit.ram/DEVICE_7SERIES.NO_BMM_INFO.SDP.WIDE_PRIM18.ram/ADDRBWRADDR[9] (net: system_i/ACF_AXI_mini_0/inst/AutoCorrelationFunction_v1_0_S00_AXI_inst/acf_core/inst/genblk1[0].niblock/tdc_pl/smallFIFO/U0/inst_fifo_gen/gconvfifo.rf/grf.rf/gntv_or_sync_fifo.mem/gbm.gbmg.gbmga.ngecc.bmg/inst_blk_mem_gen/gnbram.gnativebmg.native_blk_mem_gen/valid.cstr/ramloop[0].ram.r/prim_noinit.ram/DEVICE_7SERIES.NO_BMM_INFO.SDP.WIDE_PRIM18.ram_1[4]) which is driven by a register (system_i/ACF_AXI_mini_0/inst/AutoCorrelationFunction_v1_0_S00_AXI_inst/acf_core/inst/genblk1[0].niblock/tdc_pl/smallFIFO/U0/inst_fifo_gen/gconvfifo.rf/grf.rf/gntv_or_sync_fifo.gl0.wr/wpntr/gic0.gc0.count_d2_reg[4]) that has an active asychronous set or reset. This may cause corruption of the memory contents and/or read values when the set/reset is asserted and is not analyzed by the default static timing analysis. It is suggested to eliminate the use of a set/reset to registers driving this RAMB pin or else use a synchronous reset in which the assertion of the reset is timed by default.
Related violations: <none>

REQP-1840#19 Warning
RAMB18 async control check  
The RAMB18E1 system_i/ACF_AXI_mini_0/inst/AutoCorrelationFunction_v1_0_S00_AXI_inst/acf_core/inst/genblk1[0].niblock/tdc_pl/smallFIFO/U0/inst_fifo_gen/gconvfifo.rf/grf.rf/gntv_or_sync_fifo.mem/gbm.gbmg.gbmga.ngecc.bmg/inst_blk_mem_gen/gnbram.gnativebmg.native_blk_mem_gen/valid.cstr/ramloop[0].ram.r/prim_noinit.ram/DEVICE_7SERIES.NO_BMM_INFO.SDP.WIDE_PRIM18.ram has an input control pin system_i/ACF_AXI_mini_0/inst/AutoCorrelationFunction_v1_0_S00_AXI_inst/acf_core/inst/genblk1[0].niblock/tdc_pl/smallFIFO/U0/inst_fifo_gen/gconvfifo.rf/grf.rf/gntv_or_sync_fifo.mem/gbm.gbmg.gbmga.ngecc.bmg/inst_blk_mem_gen/gnbram.gnativebmg.native_blk_mem_gen/valid.cstr/ramloop[0].ram.r/prim_noinit.ram/DEVICE_7SERIES.NO_BMM_INFO.SDP.WIDE_PRIM18.ram/ENARDEN (net: system_i/ACF_AXI_mini_0/inst/AutoCorrelationFunction_v1_0_S00_AXI_inst/acf_core/inst/genblk1[0].niblock/tdc_pl/smallFIFO/U0/inst_fifo_gen/gconvfifo.rf/grf.rf/gntv_or_sync_fifo.mem/gbm.gbmg.gbmga.ngecc.bmg/inst_blk_mem_gen/gnbram.gnativebmg.native_blk_mem_gen/valid.cstr/ramloop[0].ram.r/prim_noinit.ram/DEVICE_7SERIES.NO_BMM_INFO.SDP.WIDE_PRIM18.ram_ENARDEN_cooolgate_en_sig_27) which is driven by a register (system_i/ACF_AXI_mini_0/inst/AutoCorrelationFunction_v1_0_S00_AXI_inst/acf_core/inst/genblk1[0].niblock/tdc_pl/smallFIFO/U0/inst_fifo_gen/gconvfifo.rf/grf.rf/rstblk/ngwrdrst.grst.g7serrst.gnsckt_wrst.gic_rst.sckt_rd_rst_ic_reg) that has an active asychronous set or reset. This may cause corruption of the memory contents and/or read values when the set/reset is asserted and is not analyzed by the default static timing analysis. It is suggested to eliminate the use of a set/reset to registers driving this RAMB pin or else use a synchronous reset in which the assertion of the reset is timed by default.
Related violations: <none>

REQP-1840#20 Warning
RAMB18 async control check  
The RAMB18E1 system_i/ACF_AXI_mini_0/inst/AutoCorrelationFunction_v1_0_S00_AXI_inst/acf_core/inst/genblk1[0].niblock/tdc_pl/smallFIFO/U0/inst_fifo_gen/gconvfifo.rf/grf.rf/gntv_or_sync_fifo.mem/gbm.gbmg.gbmga.ngecc.bmg/inst_blk_mem_gen/gnbram.gnativebmg.native_blk_mem_gen/valid.cstr/ramloop[0].ram.r/prim_noinit.ram/DEVICE_7SERIES.NO_BMM_INFO.SDP.WIDE_PRIM18.ram has an input control pin system_i/ACF_AXI_mini_0/inst/AutoCorrelationFunction_v1_0_S00_AXI_inst/acf_core/inst/genblk1[0].niblock/tdc_pl/smallFIFO/U0/inst_fifo_gen/gconvfifo.rf/grf.rf/gntv_or_sync_fifo.mem/gbm.gbmg.gbmga.ngecc.bmg/inst_blk_mem_gen/gnbram.gnativebmg.native_blk_mem_gen/valid.cstr/ramloop[0].ram.r/prim_noinit.ram/DEVICE_7SERIES.NO_BMM_INFO.SDP.WIDE_PRIM18.ram/ENARDEN (net: system_i/ACF_AXI_mini_0/inst/AutoCorrelationFunction_v1_0_S00_AXI_inst/acf_core/inst/genblk1[0].niblock/tdc_pl/smallFIFO/U0/inst_fifo_gen/gconvfifo.rf/grf.rf/gntv_or_sync_fifo.mem/gbm.gbmg.gbmga.ngecc.bmg/inst_blk_mem_gen/gnbram.gnativebmg.native_blk_mem_gen/valid.cstr/ramloop[0].ram.r/prim_noinit.ram/DEVICE_7SERIES.NO_BMM_INFO.SDP.WIDE_PRIM18.ram_ENARDEN_cooolgate_en_sig_27) which is driven by a register (system_i/ACF_AXI_mini_0/inst/AutoCorrelationFunction_v1_0_S00_AXI_inst/acf_core/inst/genblk1[0].niblock/tdc_pl/smallFIFO/U0/inst_fifo_gen/gconvfifo.rf/grf.rf/rstblk/ngwrdrst.grst.g7serrst.gnsckt_wrst.gic_rst.wr_rst_rd_ext_reg[1]) that has an active asychronous set or reset. This may cause corruption of the memory contents and/or read values when the set/reset is asserted and is not analyzed by the default static timing analysis. It is suggested to eliminate the use of a set/reset to registers driving this RAMB pin or else use a synchronous reset in which the assertion of the reset is timed by default.
Related violations: <none>

RTSTAT-10#1 Warning
No routable loads  
159 net(s) have no routable loads. The problem bus(es) and/or net(s) are system_i/ACF_AXI_mini_0/inst/AutoCorrelationFunction_v1_0_S00_AXI_inst/acf_core/inst/genblk1[5].niblock/tdc_pl/smallFIFO/U0/inst_fifo_gen/gconvfifo.rf/grf.rf/gntv_or_sync_fifo.gl0.rd/gr1.gr1_int.rfwft/aempty_fwft_i, system_i/ACF_AXI_mini_0/inst/AutoCorrelationFunction_v1_0_S00_AXI_inst/acf_core/inst/genblk1[10].niblock/tdc_pl/smallFIFO/U0/inst_fifo_gen/gconvfifo.rf/grf.rf/gntv_or_sync_fifo.gl0.rd/gr1.gr1_int.rfwft/aempty_fwft_i, system_i/axi_interconnect_0/m00_couplers/auto_pc/inst/gen_axi4_axi3.axi3_conv_inst/USE_WRITE.write_addr_inst/USE_BURSTS.cmd_queue/inst/fifo_gen_inst/inst_fifo_gen/gconvfifo.rf/grf.rf/gntv_or_sync_fifo.gl0.rd/gr1.gr1_int.rfwft/aempty_fwft_i, system_i/ACF_AXI_mini_0/inst/AutoCorrelationFunction_v1_0_S00_AXI_inst/acf_core/inst/genblk1[4].niblock/tdc_pl/smallFIFO/U0/inst_fifo_gen/gconvfifo.rf/grf.rf/gntv_or_sync_fifo.gl0.rd/gr1.gr1_int.rfwft/aempty_fwft_i, system_i/ACF_AXI_mini_0/inst/AutoCorrelationFunction_v1_0_S00_AXI_inst/acf_core/inst/genblk1[0].niblock/tdc_pl/smallFIFO/U0/inst_fifo_gen/gconvfifo.rf/grf.rf/gntv_or_sync_fifo.gl0.rd/gr1.gr1_int.rfwft/aempty_fwft_i, system_i/ACF_AXI_mini_0/inst/AutoCorrelationFunction_v1_0_S00_AXI_inst/acf_core/inst/genblk1[6].niblock/tdc_pl/smallFIFO/U0/inst_fifo_gen/gconvfifo.rf/grf.rf/gntv_or_sync_fifo.gl0.rd/gr1.gr1_int.rfwft/aempty_fwft_i, system_i/ACF_AXI_mini_0/inst/AutoCorrelationFunction_v1_0_S00_AXI_inst/acf_core/inst/genblk1[1].niblock/tdc_pl/smallFIFO/U0/inst_fifo_gen/gconvfifo.rf/grf.rf/gntv_or_sync_fifo.gl0.rd/gr1.gr1_int.rfwft/aempty_fwft_i, system_i/ACF_AXI_mini_0/inst/AutoCorrelationFunction_v1_0_S00_AXI_inst/acf_core/inst/photonCounter/smallFIFO/U0/inst_fifo_gen/gconvfifo.rf/grf.rf/gntv_or_sync_fifo.gl0.rd/gr1.gr1_int.rfwft/aempty_fwft_i, system_i/ACF_AXI_mini_0/inst/AutoCorrelationFunction_v1_0_S00_AXI_inst/acf_core/inst/genblk1[9].niblock/tdc_pl/smallFIFO/U0/inst_fifo_gen/gconvfifo.rf/grf.rf/gntv_or_sync_fifo.gl0.rd/gr1.gr1_int.rfwft/aempty_fwft_i, system_i/ACF_AXI_mini_0/inst/AutoCorrelationFunction_v1_0_S00_AXI_inst/acf_core/inst/genblk1[2].niblock/tdc_pl/smallFIFO/U0/inst_fifo_gen/gconvfifo.rf/grf.rf/gntv_or_sync_fifo.gl0.rd/gr1.gr1_int.rfwft/aempty_fwft_i, system_i/ACF_AXI_mini_0/inst/AutoCorrelationFunction_v1_0_S00_AXI_inst/acf_core/inst/genblk1[8].niblock/tdc_pl/smallFIFO/U0/inst_fifo_gen/gconvfifo.rf/grf.rf/gntv_or_sync_fifo.gl0.rd/gr1.gr1_int.rfwft/aempty_fwft_i, system_i/ACF_AXI_mini_0/inst/AutoCorrelationFunction_v1_0_S00_AXI_inst/acf_core/inst/genblk1[3].niblock/tdc_pl/smallFIFO/U0/inst_fifo_gen/gconvfifo.rf/grf.rf/gntv_or_sync_fifo.gl0.rd/gr1.gr1_int.rfwft/aempty_fwft_i, system_i/ACF_AXI_mini_0/inst/AutoCorrelationFunction_v1_0_S00_AXI_inst/acf_core/inst/genblk1[11].niblock/tdc_pl/smallFIFO/U0/inst_fifo_gen/gconvfifo.rf/grf.rf/gntv_or_sync_fifo.gl0.rd/gr1.gr1_int.rfwft/aempty_fwft_i, system_i/ACF_AXI_mini_0/inst/AutoCorrelationFunction_v1_0_S00_AXI_inst/acf_core/inst/genblk1[7].niblock/tdc_pl/smallFIFO/U0/inst_fifo_gen/gconvfifo.rf/grf.rf/gntv_or_sync_fifo.gl0.rd/gr1.gr1_int.rfwft/aempty_fwft_i, system_i/ACF_AXI_mini_0/inst/AutoCorrelationFunction_v1_0_S00_AXI_inst/acf_core/inst/genblk1[12].niblock/tdc_pl/smallFIFO/U0/inst_fifo_gen/gconvfifo.rf/grf.rf/gntv_or_sync_fifo.gl0.rd/gr1.gr1_int.rfwft/aempty_fwft_i (the first 15 of 91 listed).
Related violations: <none>

AVAL-5#1 Advisory
enum_USE_MULT_NONE_enum_DREG_ADREG_0_connects_CED_CEAD_RSTD_GND  
system_i/ACF_AXI_mini_0/inst/AutoCorrelationFunction_v1_0_S00_AXI_inst/acf_core/inst/mainTimer/U0/i_synth/i_baseip.i_xbip_counter/i_dsp48.i_dsp/i_vx7.i_dsp48e_wrap/i_primitive: DSP48E1 is not using the Multiplier (USE_MULT = NONE). For improved power characteristics, set DREG and ADREG to '1', tie CED, CEAD, and RSTD to logic '0'.
Related violations: <none>

REQP-20#1 Advisory
enum_AREG_0_connects_CEA1_GND_connects_CEA2_GND  
system_i/ACF_AXI_mini_0/inst/AutoCorrelationFunction_v1_0_S00_AXI_inst/acf_core/inst/genblk3[0].multAdd/wideAddDsp_D_d0_0: When DSP48E1 attribute AREG is set to 0, the CEA1 and CEA2 pins should be tied to GND to save power.
Related violations: <none>

REQP-20#2 Advisory
enum_AREG_0_connects_CEA1_GND_connects_CEA2_GND  
system_i/ACF_AXI_mini_0/inst/AutoCorrelationFunction_v1_0_S00_AXI_inst/acf_core/inst/genblk3[1].multAdd/wideAddDsp_D_d0_0: When DSP48E1 attribute AREG is set to 0, the CEA1 and CEA2 pins should be tied to GND to save power.
Related violations: <none>

REQP-20#3 Advisory
enum_AREG_0_connects_CEA1_GND_connects_CEA2_GND  
system_i/ACF_AXI_mini_0/inst/AutoCorrelationFunction_v1_0_S00_AXI_inst/acf_core/inst/genblk3[2].multAdd/wideAddDsp_D_d0_0: When DSP48E1 attribute AREG is set to 0, the CEA1 and CEA2 pins should be tied to GND to save power.
Related violations: <none>

REQP-20#4 Advisory
enum_AREG_0_connects_CEA1_GND_connects_CEA2_GND  
system_i/ACF_AXI_mini_0/inst/AutoCorrelationFunction_v1_0_S00_AXI_inst/acf_core/inst/genblk3[3].multAdd/wideAddDsp_D_d0_0: When DSP48E1 attribute AREG is set to 0, the CEA1 and CEA2 pins should be tied to GND to save power.
Related violations: <none>

REQP-20#5 Advisory
enum_AREG_0_connects_CEA1_GND_connects_CEA2_GND  
system_i/ACF_AXI_mini_0/inst/AutoCorrelationFunction_v1_0_S00_AXI_inst/acf_core/inst/genblk3[4].multAdd/wideAddDsp_D_d0_0: When DSP48E1 attribute AREG is set to 0, the CEA1 and CEA2 pins should be tied to GND to save power.
Related violations: <none>

REQP-20#6 Advisory
enum_AREG_0_connects_CEA1_GND_connects_CEA2_GND  
system_i/ACF_AXI_mini_0/inst/AutoCorrelationFunction_v1_0_S00_AXI_inst/acf_core/inst/genblk3[5].multAdd/wideAddDsp_D_d0_0: When DSP48E1 attribute AREG is set to 0, the CEA1 and CEA2 pins should be tied to GND to save power.
Related violations: <none>

REQP-20#7 Advisory
enum_AREG_0_connects_CEA1_GND_connects_CEA2_GND  
system_i/ACF_AXI_mini_0/inst/AutoCorrelationFunction_v1_0_S00_AXI_inst/acf_core/inst/genblk3[6].multAdd/wideAddDsp_D_d0_0: When DSP48E1 attribute AREG is set to 0, the CEA1 and CEA2 pins should be tied to GND to save power.
Related violations: <none>

REQP-20#8 Advisory
enum_AREG_0_connects_CEA1_GND_connects_CEA2_GND  
system_i/ACF_AXI_mini_0/inst/AutoCorrelationFunction_v1_0_S00_AXI_inst/acf_core/inst/genblk3[7].multAdd/wideAddDsp_D_d0_0: When DSP48E1 attribute AREG is set to 0, the CEA1 and CEA2 pins should be tied to GND to save power.
Related violations: <none>

REQP-22#1 Advisory
enum_AREG_1_connects_CEA1_GND  
system_i/ACF_AXI_mini_0/inst/AutoCorrelationFunction_v1_0_S00_AXI_inst/acf_core/inst/genblk3[0].multAdd/wideAddDsp_D_d0_1: When the DSP48E1 AREG attribute is set to 1, the CEA1 input pin is preferred to be tied to GND to save power when OPMODE0 and OPMODE1 are 1.
Related violations: <none>

REQP-22#2 Advisory
enum_AREG_1_connects_CEA1_GND  
system_i/ACF_AXI_mini_0/inst/AutoCorrelationFunction_v1_0_S00_AXI_inst/acf_core/inst/genblk3[1].multAdd/wideAddDsp_D_d0_1: When the DSP48E1 AREG attribute is set to 1, the CEA1 input pin is preferred to be tied to GND to save power when OPMODE0 and OPMODE1 are 1.
Related violations: <none>

REQP-22#3 Advisory
enum_AREG_1_connects_CEA1_GND  
system_i/ACF_AXI_mini_0/inst/AutoCorrelationFunction_v1_0_S00_AXI_inst/acf_core/inst/genblk3[2].multAdd/wideAddDsp_D_d0_1: When the DSP48E1 AREG attribute is set to 1, the CEA1 input pin is preferred to be tied to GND to save power when OPMODE0 and OPMODE1 are 1.
Related violations: <none>

REQP-22#4 Advisory
enum_AREG_1_connects_CEA1_GND  
system_i/ACF_AXI_mini_0/inst/AutoCorrelationFunction_v1_0_S00_AXI_inst/acf_core/inst/genblk3[3].multAdd/wideAddDsp_D_d0_1: When the DSP48E1 AREG attribute is set to 1, the CEA1 input pin is preferred to be tied to GND to save power when OPMODE0 and OPMODE1 are 1.
Related violations: <none>

REQP-22#5 Advisory
enum_AREG_1_connects_CEA1_GND  
system_i/ACF_AXI_mini_0/inst/AutoCorrelationFunction_v1_0_S00_AXI_inst/acf_core/inst/genblk3[4].multAdd/wideAddDsp_D_d0_1: When the DSP48E1 AREG attribute is set to 1, the CEA1 input pin is preferred to be tied to GND to save power when OPMODE0 and OPMODE1 are 1.
Related violations: <none>

REQP-22#6 Advisory
enum_AREG_1_connects_CEA1_GND  
system_i/ACF_AXI_mini_0/inst/AutoCorrelationFunction_v1_0_S00_AXI_inst/acf_core/inst/genblk3[5].multAdd/wideAddDsp_D_d0_1: When the DSP48E1 AREG attribute is set to 1, the CEA1 input pin is preferred to be tied to GND to save power when OPMODE0 and OPMODE1 are 1.
Related violations: <none>

REQP-22#7 Advisory
enum_AREG_1_connects_CEA1_GND  
system_i/ACF_AXI_mini_0/inst/AutoCorrelationFunction_v1_0_S00_AXI_inst/acf_core/inst/genblk3[6].multAdd/wideAddDsp_D_d0_1: When the DSP48E1 AREG attribute is set to 1, the CEA1 input pin is preferred to be tied to GND to save power when OPMODE0 and OPMODE1 are 1.
Related violations: <none>

REQP-22#8 Advisory
enum_AREG_1_connects_CEA1_GND  
system_i/ACF_AXI_mini_0/inst/AutoCorrelationFunction_v1_0_S00_AXI_inst/acf_core/inst/genblk3[7].multAdd/wideAddDsp_D_d0_1: When the DSP48E1 AREG attribute is set to 1, the CEA1 input pin is preferred to be tied to GND to save power when OPMODE0 and OPMODE1 are 1.
Related violations: <none>

REQP-24#1 Advisory
enum_BREG_0_connects_CEB1_GND_connects_CEB2_GND  
system_i/ACF_AXI_mini_0/inst/AutoCorrelationFunction_v1_0_S00_AXI_inst/acf_core/inst/genblk3[0].multAdd/wideAddDsp_D_d0_0: When DSP48E1 attribute BREG is set to 0, the CEB1 and CEB2 pins should be tied to GND to save power.
Related violations: <none>

REQP-24#2 Advisory
enum_BREG_0_connects_CEB1_GND_connects_CEB2_GND  
system_i/ACF_AXI_mini_0/inst/AutoCorrelationFunction_v1_0_S00_AXI_inst/acf_core/inst/genblk3[1].multAdd/wideAddDsp_D_d0_0: When DSP48E1 attribute BREG is set to 0, the CEB1 and CEB2 pins should be tied to GND to save power.
Related violations: <none>

REQP-24#3 Advisory
enum_BREG_0_connects_CEB1_GND_connects_CEB2_GND  
system_i/ACF_AXI_mini_0/inst/AutoCorrelationFunction_v1_0_S00_AXI_inst/acf_core/inst/genblk3[2].multAdd/wideAddDsp_D_d0_0: When DSP48E1 attribute BREG is set to 0, the CEB1 and CEB2 pins should be tied to GND to save power.
Related violations: <none>

REQP-24#4 Advisory
enum_BREG_0_connects_CEB1_GND_connects_CEB2_GND  
system_i/ACF_AXI_mini_0/inst/AutoCorrelationFunction_v1_0_S00_AXI_inst/acf_core/inst/genblk3[3].multAdd/wideAddDsp_D_d0_0: When DSP48E1 attribute BREG is set to 0, the CEB1 and CEB2 pins should be tied to GND to save power.
Related violations: <none>

REQP-24#5 Advisory
enum_BREG_0_connects_CEB1_GND_connects_CEB2_GND  
system_i/ACF_AXI_mini_0/inst/AutoCorrelationFunction_v1_0_S00_AXI_inst/acf_core/inst/genblk3[4].multAdd/wideAddDsp_D_d0_0: When DSP48E1 attribute BREG is set to 0, the CEB1 and CEB2 pins should be tied to GND to save power.
Related violations: <none>

REQP-24#6 Advisory
enum_BREG_0_connects_CEB1_GND_connects_CEB2_GND  
system_i/ACF_AXI_mini_0/inst/AutoCorrelationFunction_v1_0_S00_AXI_inst/acf_core/inst/genblk3[5].multAdd/wideAddDsp_D_d0_0: When DSP48E1 attribute BREG is set to 0, the CEB1 and CEB2 pins should be tied to GND to save power.
Related violations: <none>

REQP-24#7 Advisory
enum_BREG_0_connects_CEB1_GND_connects_CEB2_GND  
system_i/ACF_AXI_mini_0/inst/AutoCorrelationFunction_v1_0_S00_AXI_inst/acf_core/inst/genblk3[6].multAdd/wideAddDsp_D_d0_0: When DSP48E1 attribute BREG is set to 0, the CEB1 and CEB2 pins should be tied to GND to save power.
Related violations: <none>

REQP-24#8 Advisory
enum_BREG_0_connects_CEB1_GND_connects_CEB2_GND  
system_i/ACF_AXI_mini_0/inst/AutoCorrelationFunction_v1_0_S00_AXI_inst/acf_core/inst/genblk3[7].multAdd/wideAddDsp_D_d0_0: When DSP48E1 attribute BREG is set to 0, the CEB1 and CEB2 pins should be tied to GND to save power.
Related violations: <none>

REQP-26#1 Advisory
enum_BREG_1_connects_CEB1_GND  
system_i/ACF_AXI_mini_0/inst/AutoCorrelationFunction_v1_0_S00_AXI_inst/acf_core/inst/genblk3[0].multAdd/wideAddDsp_D_d0_1: When the DSP48E1 BREG attribute is set to 1, the CEB1 input pin is preferred to be tied to GND to save power when OPMODE0 and OPMODE1 are 1.
Related violations: <none>

REQP-26#2 Advisory
enum_BREG_1_connects_CEB1_GND  
system_i/ACF_AXI_mini_0/inst/AutoCorrelationFunction_v1_0_S00_AXI_inst/acf_core/inst/genblk3[1].multAdd/wideAddDsp_D_d0_1: When the DSP48E1 BREG attribute is set to 1, the CEB1 input pin is preferred to be tied to GND to save power when OPMODE0 and OPMODE1 are 1.
Related violations: <none>

REQP-26#3 Advisory
enum_BREG_1_connects_CEB1_GND  
system_i/ACF_AXI_mini_0/inst/AutoCorrelationFunction_v1_0_S00_AXI_inst/acf_core/inst/genblk3[2].multAdd/wideAddDsp_D_d0_1: When the DSP48E1 BREG attribute is set to 1, the CEB1 input pin is preferred to be tied to GND to save power when OPMODE0 and OPMODE1 are 1.
Related violations: <none>

REQP-26#4 Advisory
enum_BREG_1_connects_CEB1_GND  
system_i/ACF_AXI_mini_0/inst/AutoCorrelationFunction_v1_0_S00_AXI_inst/acf_core/inst/genblk3[3].multAdd/wideAddDsp_D_d0_1: When the DSP48E1 BREG attribute is set to 1, the CEB1 input pin is preferred to be tied to GND to save power when OPMODE0 and OPMODE1 are 1.
Related violations: <none>

REQP-26#5 Advisory
enum_BREG_1_connects_CEB1_GND  
system_i/ACF_AXI_mini_0/inst/AutoCorrelationFunction_v1_0_S00_AXI_inst/acf_core/inst/genblk3[4].multAdd/wideAddDsp_D_d0_1: When the DSP48E1 BREG attribute is set to 1, the CEB1 input pin is preferred to be tied to GND to save power when OPMODE0 and OPMODE1 are 1.
Related violations: <none>

REQP-26#6 Advisory
enum_BREG_1_connects_CEB1_GND  
system_i/ACF_AXI_mini_0/inst/AutoCorrelationFunction_v1_0_S00_AXI_inst/acf_core/inst/genblk3[5].multAdd/wideAddDsp_D_d0_1: When the DSP48E1 BREG attribute is set to 1, the CEB1 input pin is preferred to be tied to GND to save power when OPMODE0 and OPMODE1 are 1.
Related violations: <none>

REQP-26#7 Advisory
enum_BREG_1_connects_CEB1_GND  
system_i/ACF_AXI_mini_0/inst/AutoCorrelationFunction_v1_0_S00_AXI_inst/acf_core/inst/genblk3[6].multAdd/wideAddDsp_D_d0_1: When the DSP48E1 BREG attribute is set to 1, the CEB1 input pin is preferred to be tied to GND to save power when OPMODE0 and OPMODE1 are 1.
Related violations: <none>

REQP-26#8 Advisory
enum_BREG_1_connects_CEB1_GND  
system_i/ACF_AXI_mini_0/inst/AutoCorrelationFunction_v1_0_S00_AXI_inst/acf_core/inst/genblk3[7].multAdd/wideAddDsp_D_d0_1: When the DSP48E1 BREG attribute is set to 1, the CEB1 input pin is preferred to be tied to GND to save power when OPMODE0 and OPMODE1 are 1.
Related violations: <none>

REQP-29#1 Advisory
enum_CREG_0_connects_CEC_GND  
system_i/ACF_AXI_mini_0/inst/AutoCorrelationFunction_v1_0_S00_AXI_inst/acf_core/inst/genblk3[0].multAdd/wideAddDsp_D_d0_0: When the DSP48E1 CREG attribute is set to 0, the CEC input pin should be tied to GND to save power.
Related violations: <none>

REQP-29#2 Advisory
enum_CREG_0_connects_CEC_GND  
system_i/ACF_AXI_mini_0/inst/AutoCorrelationFunction_v1_0_S00_AXI_inst/acf_core/inst/genblk3[1].multAdd/wideAddDsp_D_d0_0: When the DSP48E1 CREG attribute is set to 0, the CEC input pin should be tied to GND to save power.
Related violations: <none>

REQP-29#3 Advisory
enum_CREG_0_connects_CEC_GND  
system_i/ACF_AXI_mini_0/inst/AutoCorrelationFunction_v1_0_S00_AXI_inst/acf_core/inst/genblk3[2].multAdd/wideAddDsp_D_d0_0: When the DSP48E1 CREG attribute is set to 0, the CEC input pin should be tied to GND to save power.
Related violations: <none>

REQP-29#4 Advisory
enum_CREG_0_connects_CEC_GND  
system_i/ACF_AXI_mini_0/inst/AutoCorrelationFunction_v1_0_S00_AXI_inst/acf_core/inst/genblk3[3].multAdd/wideAddDsp_D_d0_0: When the DSP48E1 CREG attribute is set to 0, the CEC input pin should be tied to GND to save power.
Related violations: <none>

REQP-29#5 Advisory
enum_CREG_0_connects_CEC_GND  
system_i/ACF_AXI_mini_0/inst/AutoCorrelationFunction_v1_0_S00_AXI_inst/acf_core/inst/genblk3[4].multAdd/wideAddDsp_D_d0_0: When the DSP48E1 CREG attribute is set to 0, the CEC input pin should be tied to GND to save power.
Related violations: <none>

REQP-29#6 Advisory
enum_CREG_0_connects_CEC_GND  
system_i/ACF_AXI_mini_0/inst/AutoCorrelationFunction_v1_0_S00_AXI_inst/acf_core/inst/genblk3[5].multAdd/wideAddDsp_D_d0_0: When the DSP48E1 CREG attribute is set to 0, the CEC input pin should be tied to GND to save power.
Related violations: <none>

REQP-29#7 Advisory
enum_CREG_0_connects_CEC_GND  
system_i/ACF_AXI_mini_0/inst/AutoCorrelationFunction_v1_0_S00_AXI_inst/acf_core/inst/genblk3[6].multAdd/wideAddDsp_D_d0_0: When the DSP48E1 CREG attribute is set to 0, the CEC input pin should be tied to GND to save power.
Related violations: <none>

REQP-29#8 Advisory
enum_CREG_0_connects_CEC_GND  
system_i/ACF_AXI_mini_0/inst/AutoCorrelationFunction_v1_0_S00_AXI_inst/acf_core/inst/genblk3[7].multAdd/wideAddDsp_D_d0_0: When the DSP48E1 CREG attribute is set to 0, the CEC input pin should be tied to GND to save power.
Related violations: <none>

REQP-165#1 Advisory
writefirst  
Synchronous clocking is detected for BRAM (system_i/axi_vdma_0/U0/I_PRMRY_DATAMOVER/GEN_MM2S_FULL.I_MM2S_FULL_WRAPPER/GEN_INCLUDE_MM2S_SF.I_RD_SF/I_DATA_FIFO/BLK_MEM.I_SYNC_FIFOGEN_FIFO/xpm_fifo_instance.xpm_fifo_sync_inst/xpm_fifo_base_inst/gen_sdpram.xpm_memory_base_inst/gen_wr_a.gen_word_narrow.mem_reg_1) in SDP mode with WRITE_FIRST write-mode. This is the preferred mode for best power characteristics, however it may exhibit address collisions if the same address appears on both read and write ports resulting in unknown or corrupted read data. It is suggested to confirm via simulation that an address collision never occurs and if so it is suggested to try and avoid this situation. If address collisions cannot be avoided, the write-mode may be set to READ_FIRST which guarantees that the read data is the prior contents of the memory at the cost of additional power in the design. See the FPGA Memory Resources User Guide for additional information.
Related violations: <none>

REQP-165#2 Advisory
writefirst  
Synchronous clocking is detected for BRAM (system_i/axi_vdma_0/U0/I_PRMRY_DATAMOVER/GEN_S2MM_FULL.I_S2MM_FULL_WRAPPER/GEN_ENABLE_INDET_BTT_SF.I_INDET_BTT/I_DATA_FIFO/BLK_MEM.I_SYNC_FIFOGEN_FIFO/xpm_fifo_instance.xpm_fifo_sync_inst/xpm_fifo_base_inst/gen_sdpram.xpm_memory_base_inst/gen_wr_a.gen_word_narrow.mem_reg_1) in SDP mode with WRITE_FIRST write-mode. This is the preferred mode for best power characteristics, however it may exhibit address collisions if the same address appears on both read and write ports resulting in unknown or corrupted read data. It is suggested to confirm via simulation that an address collision never occurs and if so it is suggested to try and avoid this situation. If address collisions cannot be avoided, the write-mode may be set to READ_FIRST which guarantees that the read data is the prior contents of the memory at the cost of additional power in the design. See the FPGA Memory Resources User Guide for additional information.
Related violations: <none>

REQP-181#1 Advisory
writefirst  
Synchronous clocking is detected for BRAM (system_i/axi_vdma_0/U0/I_PRMRY_DATAMOVER/GEN_MM2S_FULL.I_MM2S_FULL_WRAPPER/GEN_INCLUDE_MM2S_SF.I_RD_SF/I_DATA_FIFO/BLK_MEM.I_SYNC_FIFOGEN_FIFO/xpm_fifo_instance.xpm_fifo_sync_inst/xpm_fifo_base_inst/gen_sdpram.xpm_memory_base_inst/gen_wr_a.gen_word_narrow.mem_reg_0) in SDP mode with WRITE_FIRST write-mode. This is the preferred mode for best power characteristics, however it may exhibit address collisions if the same address appears on both read and write ports resulting in unknown or corrupted read data. It is suggested to confirm via simulation that an address collision never occurs and if so it is suggested to try and avoid this situation. If address collisions cannot be avoided, the write-mode may be set to READ_FIRST which guarantees that the read data is the prior contents of the memory at the cost of additional power in the design. See the FPGA Memory Resources User Guide for additional information.
Related violations: <none>

REQP-181#2 Advisory
writefirst  
Synchronous clocking is detected for BRAM (system_i/axi_vdma_0/U0/I_PRMRY_DATAMOVER/GEN_S2MM_FULL.I_S2MM_FULL_WRAPPER/GEN_ENABLE_INDET_BTT_SF.I_INDET_BTT/I_DATA_FIFO/BLK_MEM.I_SYNC_FIFOGEN_FIFO/xpm_fifo_instance.xpm_fifo_sync_inst/xpm_fifo_base_inst/gen_sdpram.xpm_memory_base_inst/gen_wr_a.gen_word_narrow.mem_reg_0) in SDP mode with WRITE_FIRST write-mode. This is the preferred mode for best power characteristics, however it may exhibit address collisions if the same address appears on both read and write ports resulting in unknown or corrupted read data. It is suggested to confirm via simulation that an address collision never occurs and if so it is suggested to try and avoid this situation. If address collisions cannot be avoided, the write-mode may be set to READ_FIRST which guarantees that the read data is the prior contents of the memory at the cost of additional power in the design. See the FPGA Memory Resources User Guide for additional information.
Related violations: <none>


