Copyright 1986-2019 Xilinx, Inc. All Rights Reserved.
------------------------------------------------------------------------------------
| Tool Version : Vivado v.2019.2 (win64) Build 2708876 Wed Nov  6 21:40:23 MST 2019
| Date         : Fri Dec 13 13:49:16 2019
| Host         : Frey70Twr-W10D running 64-bit major release  (build 9200)
| Command      : upgrade_ip
| Device       : xc7z010clg400-1
------------------------------------------------------------------------------------

Upgrade Log for IP 'system_ACF_AXI_mini_0_0'

1. Summary
----------

SUCCESS in the upgrade of system_ACF_AXI_mini_0_0 from messiah.edu:user:ACF_AXI_mini:1.4 (Rev. 3) to messiah.edu:user:ACF_AXI_mini:1.5 (Rev. 1)






Copyright 1986-2019 Xilinx, Inc. All Rights Reserved.
------------------------------------------------------------------------------------
| Tool Version : Vivado v.2019.2 (win64) Build 2708876 Wed Nov  6 21:40:23 MST 2019
| Date         : Fri Dec  6 13:36:05 2019
| Host         : Frey70Twr-W10D running 64-bit major release  (build 9200)
| Command      : upgrade_ip
| Device       : xc7z010clg400-1
------------------------------------------------------------------------------------

Upgrade Log for IP 'system_ACF_AXI_mini_0_0'

1. Summary
----------

SUCCESS in the upgrade of system_ACF_AXI_mini_0_0 from messiah.edu:user:ACF_AXI_mini:1.3.2 (Rev. 4) to messiah.edu:user:ACF_AXI_mini:1.4 (Rev. 3)






Copyright 1986-2019 Xilinx, Inc. All Rights Reserved.
------------------------------------------------------------------------------------
| Tool Version : Vivado v.2019.2 (win64) Build 2708876 Wed Nov  6 21:40:23 MST 2019
| Date         : Thu Dec  5 22:27:45 2019
| Host         : Frey70Twr-W10D running 64-bit major release  (build 9200)
| Command      : upgrade_ip
| Device       : xc7z010clg400-1
------------------------------------------------------------------------------------

Upgrade Log for IP 'system_ACF_AXI_mini_0_0'

1. Summary
----------

SUCCESS in the upgrade of system_ACF_AXI_mini_0_0 from messiah.edu:user:ACF_AXI_mini:1.3.1 (Rev. 2) to messiah.edu:user:ACF_AXI_mini:1.3.2 (Rev. 4)






Copyright 1986-2019 Xilinx, Inc. All Rights Reserved.
------------------------------------------------------------------------------------
| Tool Version : Vivado v.2019.2 (win64) Build 2708876 Wed Nov  6 21:40:23 MST 2019
| Date         : Thu Dec  5 20:23:58 2019
| Host         : Frey70Twr-W10D running 64-bit major release  (build 9200)
| Command      : upgrade_ip
| Device       : xc7z010clg400-1
------------------------------------------------------------------------------------

Upgrade Log for IP 'system_ACF_AXI_mini_0_0'

1. Summary
----------

SUCCESS in the upgrade of system_ACF_AXI_mini_0_0 from messiah.edu:user:ACF_AXI_mini:1.3 (Rev. 1) to messiah.edu:user:ACF_AXI_mini:1.3.1 (Rev. 2)






Copyright 1986-2019 Xilinx, Inc. All Rights Reserved.
------------------------------------------------------------------------------------
| Tool Version : Vivado v.2019.2 (win64) Build 2708876 Wed Nov  6 21:40:23 MST 2019
| Date         : Thu Dec  5 15:38:44 2019
| Host         : Frey70Twr-W10D running 64-bit major release  (build 9200)
| Command      : upgrade_ip
| Device       : xc7z010clg400-1
------------------------------------------------------------------------------------

Upgrade Log for IP 'system_ACF_AXI_mini_0_0'

1. Summary
----------

SUCCESS in the upgrade of system_ACF_AXI_mini_0_0 from messiah.edu:user:ACF_AXI_mini:1.0 (Rev. 1) to messiah.edu:user:ACF_AXI_mini:1.3 (Rev. 1)






Copyright 1986-2019 Xilinx, Inc. All Rights Reserved.
------------------------------------------------------------------------------------
| Tool Version : Vivado v.2019.2 (win64) Build 2708876 Wed Nov  6 21:40:23 MST 2019
| Date         : Thu Dec  5 09:24:45 2019
| Host         : Frey70Twr-W10D running 64-bit major release  (build 9200)
| Command      : upgrade_ip
| Device       : xc7z010clg400-1
------------------------------------------------------------------------------------

Upgrade Log for IP 'system_ACF_AXI_mini_0_0'

1. Summary
----------

SUCCESS in the conversion of system_ACF_AXI_mini_0_0 (messiah.edu:user:ACF_AXI_mini:1.0 (Rev. 1)) to Vivado generation flows.






Copyright 1986-2019 Xilinx, Inc. All Rights Reserved.
------------------------------------------------------------------------------------
| Tool Version : Vivado v.2019.2 (win64) Build 2708876 Wed Nov  6 21:40:23 MST 2019
| Date         : Wed Dec  4 10:29:30 2019
| Host         : Frey70Twr-W10D running 64-bit major release  (build 9200)
| Command      : upgrade_ip
| Device       : xc7z010clg400-1
------------------------------------------------------------------------------------

Upgrade Log for IP 'system_ACF_AXI_mini_0_0'

1. Summary
----------

SUCCESS in the conversion of system_ACF_AXI_mini_0_0 (messiah.edu:user:ACF_AXI_mini:1.0 (Rev. 1)) to Vivado generation flows.

