11:56:23 INFO  : Launching XSCT server: xsct.bat -n  -interactive C:\Users\nc1220\xilinx_workspace\dvd_firmware\dvd_firmware.sdk\temp_xsdb_launch_script.tcl
11:56:27 INFO  : XSCT server has started successfully.
11:56:27 INFO  : plnx-install-location is set to ''
11:56:27 INFO  : Successfully done setting XSCT server connection channel  
11:56:27 INFO  : Successfully done setting workspace for the tool. 
11:56:30 INFO  : Registering command handlers for Vitis TCF services
11:56:31 INFO  : Successfully done query RDI_DATADIR 
12:05:26 INFO  : Successfully done sdx_reload_mss "C:/Users/nc1220/xilinx_workspace/dvd_firmware/dvd_firmware.sdk/default/zynq_fsbl/zynq_fsbl_bsp/system.mss"
12:05:26 INFO  : Successfully done sdx_reload_mss "C:/Users/nc1220/xilinx_workspace/dvd_firmware/dvd_firmware.sdk/default/ps7_cortexa9_0/standalone_domain/bsp/system.mss"
20:05:07 INFO  : Launching XSCT server: xsct.bat -n  -interactive C:\Users\nc1220\xilinx_workspace\dvd_firmware\dvd_firmware.sdk\temp_xsdb_launch_script.tcl
20:05:12 INFO  : XSCT server has started successfully.
20:05:15 INFO  : Registering command handlers for Vitis TCF services
20:05:22 INFO  : Successfully done setting XSCT server connection channel  
20:05:23 INFO  : plnx-install-location is set to ''
20:05:27 ERROR : (XSDB Server)ERROR: [Hsi 55-1571] The design file C:/Users/nc1220/xilinx_workspace/dvd_firmware/dvd_firmware.sdk/default/hw/system_wrapper.xsa is already opened

20:05:29 INFO  : Successfully done setting workspace for the tool. 
20:05:29 INFO  : Successfully done query RDI_DATADIR 
10:47:00 INFO  : Launching XSCT server: xsct.bat -n  -interactive C:\Users\nc1220\xilinx_workspace\dvd_firmware\dvd_firmware.sdk\temp_xsdb_launch_script.tcl
10:47:04 INFO  : XSCT server has started successfully.
10:47:04 INFO  : Successfully done setting XSCT server connection channel  
10:47:04 INFO  : plnx-install-location is set to ''
10:47:04 INFO  : Successfully done setting workspace for the tool. 
10:47:07 INFO  : Registering command handlers for Vitis TCF services
10:47:12 INFO  : Successfully done query RDI_DATADIR 
10:57:44 INFO  : Connected to target on host '127.0.0.1' and port '3121'.
10:57:47 INFO  : 'targets -set -filter {jtag_cable_name =~ "Digilent Zybo Z7 210351AB7633A" && level==0} -index 1' command is executed.
10:57:48 INFO  : FPGA configured successfully with bitstream "C:/Users/nc1220/xilinx_workspace/dvd_firmware/system_wrapper.bit"
10:57:55 ERROR : Hardware specification file is not configured properly in the launch configuration 'Debugger_dvd_firmware-Default'. 
Make sure that the application 'dvd_firmware' is built properly for configuration 'Debug' before launching.
10:59:03 INFO  : Checking for BSP changes to sync application flags for project 'dvd_firmware'...
10:59:44 INFO  : Connected to target on host '127.0.0.1' and port '3121'.
10:59:44 INFO  : Jtag cable 'Digilent Zybo Z7 210351AB7633A' is selected.
10:59:45 INFO  : 'jtag frequency' command is executed.
10:59:45 INFO  : Context for 'APU' is selected.
10:59:45 INFO  : System reset is completed.
10:59:48 INFO  : 'after 3000' command is executed.
10:59:48 INFO  : 'targets -set -filter {jtag_cable_name =~ "Digilent Zybo Z7 210351AB7633A" && level==0} -index 1' command is executed.
10:59:49 INFO  : FPGA configured successfully with bitstream "C:/Users/nc1220/xilinx_workspace/dvd_firmware/dvd_firmware.sdk/dvd_firmware/_ide/bitstream/system_wrapper.bit"
10:59:49 INFO  : Context for 'APU' is selected.
10:59:49 INFO  : Hardware design information is loaded from 'C:/Users/nc1220/xilinx_workspace/dvd_firmware/dvd_firmware.sdk/def/export/def/hw/system_wrapper.xsa'.
10:59:49 INFO  : 'configparams force-mem-access 1' command is executed.
10:59:49 INFO  : Context for 'APU' is selected.
10:59:49 INFO  : Sourcing of 'C:/Users/nc1220/xilinx_workspace/dvd_firmware/dvd_firmware.sdk/dvd_firmware/_ide/psinit/ps7_init.tcl' is done.
10:59:50 INFO  : 'ps7_init' command is executed.
10:59:50 INFO  : 'ps7_post_config' command is executed.
10:59:50 INFO  : Context for processor 'ps7_cortexa9_0' is selected.
10:59:51 INFO  : The application 'C:/Users/nc1220/xilinx_workspace/dvd_firmware/dvd_firmware.sdk/dvd_firmware/Debug/dvd_firmware.elf' is downloaded to processor 'ps7_cortexa9_0'.
10:59:51 INFO  : 'configparams force-mem-access 0' command is executed.
10:59:51 INFO  : ----------------XSDB Script----------------
connect -url tcp:127.0.0.1:3121
targets -set -nocase -filter {name =~"APU*"}
rst -system
after 3000
targets -set -filter {jtag_cable_name =~ "Digilent Zybo Z7 210351AB7633A" && level==0} -index 1
fpga -file C:/Users/nc1220/xilinx_workspace/dvd_firmware/dvd_firmware.sdk/dvd_firmware/_ide/bitstream/system_wrapper.bit
targets -set -nocase -filter {name =~"APU*"}
loadhw -hw C:/Users/nc1220/xilinx_workspace/dvd_firmware/dvd_firmware.sdk/def/export/def/hw/system_wrapper.xsa -mem-ranges [list {0x40000000 0xbfffffff}]
configparams force-mem-access 1
targets -set -nocase -filter {name =~"APU*"}
source C:/Users/nc1220/xilinx_workspace/dvd_firmware/dvd_firmware.sdk/dvd_firmware/_ide/psinit/ps7_init.tcl
ps7_init
ps7_post_config
targets -set -nocase -filter {name =~ "*A9*#0"}
dow C:/Users/nc1220/xilinx_workspace/dvd_firmware/dvd_firmware.sdk/dvd_firmware/Debug/dvd_firmware.elf
configparams force-mem-access 0
----------------End of Script----------------

10:59:51 INFO  : Memory regions updated for context APU
10:59:51 INFO  : Context for processor 'ps7_cortexa9_0' is selected.
10:59:51 INFO  : 'con' command is executed.
10:59:51 INFO  : ----------------XSDB Script (After Launch)----------------
targets -set -nocase -filter {name =~ "*A9*#0"}
con
----------------End of Script----------------

10:59:51 INFO  : Launch script is exported to file 'C:\Users\nc1220\xilinx_workspace\dvd_firmware\dvd_firmware.sdk\.sdk\launch_scripts\single_application_debug\debugger_dvd_firmware-default.tcl'
11:20:27 INFO  : Launching XSCT server: xsct.bat -n  -interactive C:\Users\nc1220\xilinx_workspace\dvd_firmware\dvd_firmware.sdk\temp_xsdb_launch_script.tcl
11:20:33 INFO  : XSCT server has started successfully.
11:20:33 INFO  : plnx-install-location is set to ''
11:20:33 INFO  : Successfully done setting XSCT server connection channel  
11:20:34 INFO  : Successfully done setting workspace for the tool. 
11:20:36 INFO  : Registering command handlers for Vitis TCF services
11:20:37 INFO  : Successfully done query RDI_DATADIR 
11:27:43 INFO  : Hardware specification for platform project 'default' is updated.
11:28:54 INFO  : Successfully done sdx_reload_mss "C:/Users/nc1220/xilinx_workspace/dvd_firmware/dvd_firmware.sdk/default/zynq_fsbl/zynq_fsbl_bsp/system.mss"
11:28:55 INFO  : Successfully done sdx_reload_mss "C:/Users/nc1220/xilinx_workspace/dvd_firmware/dvd_firmware.sdk/default/ps7_cortexa9_0/standalone_domain/bsp/system.mss"
11:29:18 INFO  : Hardware specification for platform project 'default' is updated.
11:29:26 INFO  : Successfully done sdx_reload_mss "C:/Users/nc1220/xilinx_workspace/dvd_firmware/dvd_firmware.sdk/default/zynq_fsbl/zynq_fsbl_bsp/system.mss"
11:29:27 INFO  : Successfully done sdx_reload_mss "C:/Users/nc1220/xilinx_workspace/dvd_firmware/dvd_firmware.sdk/default/ps7_cortexa9_0/standalone_domain/bsp/system.mss"
11:35:00 INFO  : Hardware specification for platform project 'default' is updated.
11:35:12 INFO  : Successfully done sdx_reload_mss "C:/Users/nc1220/xilinx_workspace/dvd_firmware/dvd_firmware.sdk/default/zynq_fsbl/zynq_fsbl_bsp/system.mss"
11:35:12 INFO  : Successfully done sdx_reload_mss "C:/Users/nc1220/xilinx_workspace/dvd_firmware/dvd_firmware.sdk/default/ps7_cortexa9_0/standalone_domain/bsp/system.mss"
11:36:57 INFO  : Removed 'C:/Users/nc1220/xilinx_workspace/dvd_firmware/dvd_firmware.sdk/default/export/default' from custom platform repositories.
11:37:06 ERROR : Failed to read platform from project 'def'.
Reason: Failed to execute command 'platform read {C:/Users/nc1220/xilinx_workspace/dvd_firmware/dvd_firmware.sdk/def/platform.spr}'. Click on details for more information.
11:38:43 INFO  : Hardware specification for platform project 'def' is updated.
11:42:55 INFO  : Successfully done sdx_reload_mss "C:/Users/nc1220/xilinx_workspace/dvd_firmware/dvd_firmware.sdk/def/zynq_fsbl/zynq_fsbl_bsp/system.mss"
11:42:55 INFO  : Successfully done sdx_reload_mss "C:/Users/nc1220/xilinx_workspace/dvd_firmware/dvd_firmware.sdk/def/ps7_cortexa9_0/standalone_domain/bsp/system.mss"
12:00:38 INFO  : Checking for BSP changes to sync application flags for project 'dvd_firmware'...
12:00:49 INFO  : The hardware specfication used by project 'dvd_firmware' is out of sync with the platform. Resource files extracted from the hardware specfiication will be updated.
12:00:49 INFO  : The file 'C:\Users\nc1220\xilinx_workspace\dvd_firmware\dvd_firmware.sdk\dvd_firmware\_ide\bitstream\system_wrapper.bit' stored in project is removed.
12:00:49 INFO  : The updated bitstream files are copied from platform to folder 'C:\Users\nc1220\xilinx_workspace\dvd_firmware\dvd_firmware.sdk\dvd_firmware\_ide\bitstream' in project 'dvd_firmware'.
12:00:49 INFO  : The file 'C:\Users\nc1220\xilinx_workspace\dvd_firmware\dvd_firmware.sdk\dvd_firmware\_ide\psinit\ps7_init.tcl' stored in project is removed.
12:01:03 INFO  : The updated ps init files are copied from platform to folder 'C:\Users\nc1220\xilinx_workspace\dvd_firmware\dvd_firmware.sdk\dvd_firmware\_ide\psinit' in project 'dvd_firmware'.
12:12:40 INFO  : Checking for BSP changes to sync application flags for project 'dvd_firmware'...
11:08:21 INFO  : Connected to target on host '127.0.0.1' and port '3121'.
11:08:22 INFO  : Jtag cable 'Digilent Zybo Z7 210351AB7633A' is selected.
11:08:22 INFO  : 'jtag frequency' command is executed.
11:08:22 INFO  : Context for 'APU' is selected.
11:08:22 INFO  : System reset is completed.
11:08:25 INFO  : 'after 3000' command is executed.
11:08:26 INFO  : 'targets -set -filter {jtag_cable_name =~ "Digilent Zybo Z7 210351AB7633A" && level==0} -index 1' command is executed.
11:08:27 INFO  : FPGA configured successfully with bitstream "C:/Users/nc1220/xilinx_workspace/dvd_firmware/dvd_firmware.sdk/dvd_firmware/_ide/bitstream/system_wrapper.bit"
11:08:27 INFO  : Context for 'APU' is selected.
11:08:27 INFO  : Hardware design information is loaded from 'C:/Users/nc1220/xilinx_workspace/dvd_firmware/dvd_firmware.sdk/def/export/def/hw/system_wrapper.xsa'.
11:08:27 INFO  : 'configparams force-mem-access 1' command is executed.
11:08:27 INFO  : Context for 'APU' is selected.
11:08:27 INFO  : Sourcing of 'C:/Users/nc1220/xilinx_workspace/dvd_firmware/dvd_firmware.sdk/dvd_firmware/_ide/psinit/ps7_init.tcl' is done.
11:08:28 INFO  : 'ps7_init' command is executed.
11:08:28 INFO  : 'ps7_post_config' command is executed.
11:08:28 INFO  : Context for processor 'ps7_cortexa9_0' is selected.
11:08:29 INFO  : The application 'C:/Users/nc1220/xilinx_workspace/dvd_firmware/dvd_firmware.sdk/dvd_firmware/Debug/dvd_firmware.elf' is downloaded to processor 'ps7_cortexa9_0'.
11:08:29 INFO  : 'configparams force-mem-access 0' command is executed.
11:08:29 INFO  : ----------------XSDB Script----------------
connect -url tcp:127.0.0.1:3121
targets -set -nocase -filter {name =~"APU*"}
rst -system
after 3000
targets -set -filter {jtag_cable_name =~ "Digilent Zybo Z7 210351AB7633A" && level==0} -index 1
fpga -file C:/Users/nc1220/xilinx_workspace/dvd_firmware/dvd_firmware.sdk/dvd_firmware/_ide/bitstream/system_wrapper.bit
targets -set -nocase -filter {name =~"APU*"}
loadhw -hw C:/Users/nc1220/xilinx_workspace/dvd_firmware/dvd_firmware.sdk/def/export/def/hw/system_wrapper.xsa -mem-ranges [list {0x40000000 0xbfffffff}]
configparams force-mem-access 1
targets -set -nocase -filter {name =~"APU*"}
source C:/Users/nc1220/xilinx_workspace/dvd_firmware/dvd_firmware.sdk/dvd_firmware/_ide/psinit/ps7_init.tcl
ps7_init
ps7_post_config
targets -set -nocase -filter {name =~ "*A9*#0"}
dow C:/Users/nc1220/xilinx_workspace/dvd_firmware/dvd_firmware.sdk/dvd_firmware/Debug/dvd_firmware.elf
configparams force-mem-access 0
----------------End of Script----------------

11:08:30 INFO  : Memory regions updated for context APU
11:08:30 INFO  : Context for processor 'ps7_cortexa9_0' is selected.
11:08:30 INFO  : 'con' command is executed.
11:08:30 INFO  : ----------------XSDB Script (After Launch)----------------
targets -set -nocase -filter {name =~ "*A9*#0"}
con
----------------End of Script----------------

11:08:30 INFO  : Launch script is exported to file 'C:\Users\nc1220\xilinx_workspace\dvd_firmware\dvd_firmware.sdk\.sdk\launch_scripts\single_application_debug\systemdebugger_dvd_firmware_system_standalone.tcl'
11:12:58 INFO  : Disconnected from the channel tcfchan#4.
11:12:58 INFO  : Connected to target on host '127.0.0.1' and port '3121'.
11:12:59 INFO  : Jtag cable 'Digilent Zybo Z7 210351AB7633A' is selected.
11:12:59 INFO  : 'jtag frequency' command is executed.
11:12:59 INFO  : Context for 'APU' is selected.
11:12:59 INFO  : System reset is completed.
11:13:02 INFO  : 'after 3000' command is executed.
11:13:02 INFO  : 'targets -set -filter {jtag_cable_name =~ "Digilent Zybo Z7 210351AB7633A" && level==0} -index 1' command is executed.
11:13:03 INFO  : FPGA configured successfully with bitstream "C:/Users/nc1220/xilinx_workspace/dvd_firmware/dvd_firmware.sdk/dvd_firmware/_ide/bitstream/system_wrapper.bit"
11:13:03 INFO  : Context for 'APU' is selected.
11:13:03 INFO  : Hardware design information is loaded from 'C:/Users/nc1220/xilinx_workspace/dvd_firmware/dvd_firmware.sdk/def/export/def/hw/system_wrapper.xsa'.
11:13:03 INFO  : 'configparams force-mem-access 1' command is executed.
11:13:04 INFO  : Context for 'APU' is selected.
11:13:04 INFO  : Sourcing of 'C:/Users/nc1220/xilinx_workspace/dvd_firmware/dvd_firmware.sdk/dvd_firmware/_ide/psinit/ps7_init.tcl' is done.
11:13:04 INFO  : 'ps7_init' command is executed.
11:13:04 INFO  : 'ps7_post_config' command is executed.
11:13:04 INFO  : Context for processor 'ps7_cortexa9_0' is selected.
11:13:06 INFO  : The application 'C:/Users/nc1220/xilinx_workspace/dvd_firmware/dvd_firmware.sdk/dvd_firmware/Debug/dvd_firmware.elf' is downloaded to processor 'ps7_cortexa9_0'.
11:13:06 INFO  : 'configparams force-mem-access 0' command is executed.
11:13:06 INFO  : ----------------XSDB Script----------------
connect -url tcp:127.0.0.1:3121
targets -set -nocase -filter {name =~"APU*"}
rst -system
after 3000
targets -set -filter {jtag_cable_name =~ "Digilent Zybo Z7 210351AB7633A" && level==0} -index 1
fpga -file C:/Users/nc1220/xilinx_workspace/dvd_firmware/dvd_firmware.sdk/dvd_firmware/_ide/bitstream/system_wrapper.bit
targets -set -nocase -filter {name =~"APU*"}
loadhw -hw C:/Users/nc1220/xilinx_workspace/dvd_firmware/dvd_firmware.sdk/def/export/def/hw/system_wrapper.xsa -mem-ranges [list {0x40000000 0xbfffffff}]
configparams force-mem-access 1
targets -set -nocase -filter {name =~"APU*"}
source C:/Users/nc1220/xilinx_workspace/dvd_firmware/dvd_firmware.sdk/dvd_firmware/_ide/psinit/ps7_init.tcl
ps7_init
ps7_post_config
targets -set -nocase -filter {name =~ "*A9*#0"}
dow C:/Users/nc1220/xilinx_workspace/dvd_firmware/dvd_firmware.sdk/dvd_firmware/Debug/dvd_firmware.elf
configparams force-mem-access 0
----------------End of Script----------------

11:13:06 INFO  : Memory regions updated for context APU
11:13:06 INFO  : Context for processor 'ps7_cortexa9_0' is selected.
11:13:06 INFO  : 'con' command is executed.
11:13:06 INFO  : ----------------XSDB Script (After Launch)----------------
targets -set -nocase -filter {name =~ "*A9*#0"}
con
----------------End of Script----------------

11:13:06 INFO  : Launch script is exported to file 'C:\Users\nc1220\xilinx_workspace\dvd_firmware\dvd_firmware.sdk\.sdk\launch_scripts\single_application_debug\systemdebugger_dvd_firmware_system_standalone.tcl'
11:13:18 INFO  : Checking for BSP changes to sync application flags for project 'dvd_firmware'...
11:15:23 INFO  : Hardware specification for platform project 'def' is updated.
11:17:10 INFO  : Checking for BSP changes to sync application flags for project 'dvd_firmware'...
11:18:18 INFO  : Successfully done sdx_reload_mss "C:/Users/nc1220/xilinx_workspace/dvd_firmware/dvd_firmware.sdk/def/zynq_fsbl/zynq_fsbl_bsp/system.mss"
11:18:18 INFO  : Successfully done sdx_reload_mss "C:/Users/nc1220/xilinx_workspace/dvd_firmware/dvd_firmware.sdk/def/ps7_cortexa9_0/standalone_domain/bsp/system.mss"
11:19:43 INFO  : Checking for BSP changes to sync application flags for project 'dvd_firmware'...
11:20:44 INFO  : Disconnected from the channel tcfchan#5.
11:20:45 INFO  : Connected to target on host '127.0.0.1' and port '3121'.
11:20:45 INFO  : Jtag cable 'Digilent Zybo Z7 210351AB7633A' is selected.
11:20:45 INFO  : 'jtag frequency' command is executed.
11:20:46 INFO  : Context for 'APU' is selected.
11:20:46 INFO  : System reset is completed.
11:20:49 INFO  : 'after 3000' command is executed.
11:20:49 INFO  : 'targets -set -filter {jtag_cable_name =~ "Digilent Zybo Z7 210351AB7633A" && level==0} -index 1' command is executed.
11:20:50 INFO  : FPGA configured successfully with bitstream "C:/Users/nc1220/xilinx_workspace/dvd_firmware/dvd_firmware.sdk/dvd_firmware/_ide/bitstream/system_wrapper.bit"
11:20:50 INFO  : Context for 'APU' is selected.
11:20:50 INFO  : Hardware design information is loaded from 'C:/Users/nc1220/xilinx_workspace/dvd_firmware/dvd_firmware.sdk/def/export/def/hw/system_wrapper.xsa'.
11:20:50 INFO  : 'configparams force-mem-access 1' command is executed.
11:20:50 INFO  : Context for 'APU' is selected.
11:20:50 INFO  : Sourcing of 'C:/Users/nc1220/xilinx_workspace/dvd_firmware/dvd_firmware.sdk/dvd_firmware/_ide/psinit/ps7_init.tcl' is done.
11:20:51 INFO  : 'ps7_init' command is executed.
11:20:51 INFO  : 'ps7_post_config' command is executed.
11:20:51 INFO  : Context for processor 'ps7_cortexa9_0' is selected.
11:20:52 INFO  : The application 'C:/Users/nc1220/xilinx_workspace/dvd_firmware/dvd_firmware.sdk/dvd_firmware/Debug/dvd_firmware.elf' is downloaded to processor 'ps7_cortexa9_0'.
11:20:52 INFO  : 'configparams force-mem-access 0' command is executed.
11:20:52 INFO  : ----------------XSDB Script----------------
connect -url tcp:127.0.0.1:3121
targets -set -nocase -filter {name =~"APU*"}
rst -system
after 3000
targets -set -filter {jtag_cable_name =~ "Digilent Zybo Z7 210351AB7633A" && level==0} -index 1
fpga -file C:/Users/nc1220/xilinx_workspace/dvd_firmware/dvd_firmware.sdk/dvd_firmware/_ide/bitstream/system_wrapper.bit
targets -set -nocase -filter {name =~"APU*"}
loadhw -hw C:/Users/nc1220/xilinx_workspace/dvd_firmware/dvd_firmware.sdk/def/export/def/hw/system_wrapper.xsa -mem-ranges [list {0x40000000 0xbfffffff}]
configparams force-mem-access 1
targets -set -nocase -filter {name =~"APU*"}
source C:/Users/nc1220/xilinx_workspace/dvd_firmware/dvd_firmware.sdk/dvd_firmware/_ide/psinit/ps7_init.tcl
ps7_init
ps7_post_config
targets -set -nocase -filter {name =~ "*A9*#0"}
dow C:/Users/nc1220/xilinx_workspace/dvd_firmware/dvd_firmware.sdk/dvd_firmware/Debug/dvd_firmware.elf
configparams force-mem-access 0
----------------End of Script----------------

11:20:52 INFO  : Memory regions updated for context APU
11:20:52 INFO  : Context for processor 'ps7_cortexa9_0' is selected.
11:20:52 INFO  : 'con' command is executed.
11:20:52 INFO  : ----------------XSDB Script (After Launch)----------------
targets -set -nocase -filter {name =~ "*A9*#0"}
con
----------------End of Script----------------

11:20:52 INFO  : Launch script is exported to file 'C:\Users\nc1220\xilinx_workspace\dvd_firmware\dvd_firmware.sdk\.sdk\launch_scripts\single_application_debug\debugger_dvd_firmware-default.tcl'
11:21:28 INFO  : Disconnected from the channel tcfchan#11.
11:21:29 INFO  : Connected to target on host '127.0.0.1' and port '3121'.
11:21:29 INFO  : Jtag cable 'Digilent Zybo Z7 210351AB7633A' is selected.
11:21:29 INFO  : 'jtag frequency' command is executed.
11:21:30 INFO  : Context for 'APU' is selected.
11:21:30 INFO  : System reset is completed.
11:21:33 INFO  : 'after 3000' command is executed.
11:21:33 INFO  : 'targets -set -filter {jtag_cable_name =~ "Digilent Zybo Z7 210351AB7633A" && level==0} -index 1' command is executed.
11:21:34 INFO  : FPGA configured successfully with bitstream "C:/Users/nc1220/xilinx_workspace/dvd_firmware/dvd_firmware.sdk/dvd_firmware/_ide/bitstream/system_wrapper.bit"
11:21:34 INFO  : Context for 'APU' is selected.
11:21:34 INFO  : Hardware design information is loaded from 'C:/Users/nc1220/xilinx_workspace/dvd_firmware/dvd_firmware.sdk/def/export/def/hw/system_wrapper.xsa'.
11:21:34 INFO  : 'configparams force-mem-access 1' command is executed.
11:21:34 INFO  : Context for 'APU' is selected.
11:21:34 INFO  : Sourcing of 'C:/Users/nc1220/xilinx_workspace/dvd_firmware/dvd_firmware.sdk/dvd_firmware/_ide/psinit/ps7_init.tcl' is done.
11:21:35 INFO  : 'ps7_init' command is executed.
11:21:35 INFO  : 'ps7_post_config' command is executed.
11:21:35 INFO  : Context for processor 'ps7_cortexa9_0' is selected.
11:21:36 INFO  : The application 'C:/Users/nc1220/xilinx_workspace/dvd_firmware/dvd_firmware.sdk/dvd_firmware/Debug/dvd_firmware.elf' is downloaded to processor 'ps7_cortexa9_0'.
11:21:36 INFO  : 'configparams force-mem-access 0' command is executed.
11:21:36 INFO  : ----------------XSDB Script----------------
connect -url tcp:127.0.0.1:3121
targets -set -nocase -filter {name =~"APU*"}
rst -system
after 3000
targets -set -filter {jtag_cable_name =~ "Digilent Zybo Z7 210351AB7633A" && level==0} -index 1
fpga -file C:/Users/nc1220/xilinx_workspace/dvd_firmware/dvd_firmware.sdk/dvd_firmware/_ide/bitstream/system_wrapper.bit
targets -set -nocase -filter {name =~"APU*"}
loadhw -hw C:/Users/nc1220/xilinx_workspace/dvd_firmware/dvd_firmware.sdk/def/export/def/hw/system_wrapper.xsa -mem-ranges [list {0x40000000 0xbfffffff}]
configparams force-mem-access 1
targets -set -nocase -filter {name =~"APU*"}
source C:/Users/nc1220/xilinx_workspace/dvd_firmware/dvd_firmware.sdk/dvd_firmware/_ide/psinit/ps7_init.tcl
ps7_init
ps7_post_config
targets -set -nocase -filter {name =~ "*A9*#0"}
dow C:/Users/nc1220/xilinx_workspace/dvd_firmware/dvd_firmware.sdk/dvd_firmware/Debug/dvd_firmware.elf
configparams force-mem-access 0
----------------End of Script----------------

11:21:36 INFO  : Memory regions updated for context APU
11:21:36 INFO  : Context for processor 'ps7_cortexa9_0' is selected.
11:21:36 INFO  : 'con' command is executed.
11:21:36 INFO  : ----------------XSDB Script (After Launch)----------------
targets -set -nocase -filter {name =~ "*A9*#0"}
con
----------------End of Script----------------

11:21:36 INFO  : Launch script is exported to file 'C:\Users\nc1220\xilinx_workspace\dvd_firmware\dvd_firmware.sdk\.sdk\launch_scripts\single_application_debug\debugger_dvd_firmware-default.tcl'
11:23:23 INFO  : Checking for BSP changes to sync application flags for project 'dvd_firmware'...
11:23:39 INFO  : Disconnected from the channel tcfchan#12.
11:23:40 INFO  : Connected to target on host '127.0.0.1' and port '3121'.
11:23:41 INFO  : Jtag cable 'Digilent Zybo Z7 210351AB7633A' is selected.
11:23:41 INFO  : 'jtag frequency' command is executed.
11:23:41 INFO  : Context for 'APU' is selected.
11:23:41 INFO  : System reset is completed.
11:23:44 INFO  : 'after 3000' command is executed.
11:23:44 INFO  : 'targets -set -filter {jtag_cable_name =~ "Digilent Zybo Z7 210351AB7633A" && level==0} -index 1' command is executed.
11:23:45 INFO  : FPGA configured successfully with bitstream "C:/Users/nc1220/xilinx_workspace/dvd_firmware/dvd_firmware.sdk/dvd_firmware/_ide/bitstream/system_wrapper.bit"
11:23:45 INFO  : Context for 'APU' is selected.
11:23:46 INFO  : Hardware design information is loaded from 'C:/Users/nc1220/xilinx_workspace/dvd_firmware/dvd_firmware.sdk/def/export/def/hw/system_wrapper.xsa'.
11:23:46 INFO  : 'configparams force-mem-access 1' command is executed.
11:23:46 INFO  : Context for 'APU' is selected.
11:23:46 INFO  : Sourcing of 'C:/Users/nc1220/xilinx_workspace/dvd_firmware/dvd_firmware.sdk/dvd_firmware/_ide/psinit/ps7_init.tcl' is done.
11:23:46 INFO  : 'ps7_init' command is executed.
11:23:46 INFO  : 'ps7_post_config' command is executed.
11:23:46 INFO  : Context for processor 'ps7_cortexa9_0' is selected.
11:23:47 INFO  : The application 'C:/Users/nc1220/xilinx_workspace/dvd_firmware/dvd_firmware.sdk/dvd_firmware/Debug/dvd_firmware.elf' is downloaded to processor 'ps7_cortexa9_0'.
11:23:47 INFO  : 'configparams force-mem-access 0' command is executed.
11:23:47 INFO  : ----------------XSDB Script----------------
connect -url tcp:127.0.0.1:3121
targets -set -nocase -filter {name =~"APU*"}
rst -system
after 3000
targets -set -filter {jtag_cable_name =~ "Digilent Zybo Z7 210351AB7633A" && level==0} -index 1
fpga -file C:/Users/nc1220/xilinx_workspace/dvd_firmware/dvd_firmware.sdk/dvd_firmware/_ide/bitstream/system_wrapper.bit
targets -set -nocase -filter {name =~"APU*"}
loadhw -hw C:/Users/nc1220/xilinx_workspace/dvd_firmware/dvd_firmware.sdk/def/export/def/hw/system_wrapper.xsa -mem-ranges [list {0x40000000 0xbfffffff}]
configparams force-mem-access 1
targets -set -nocase -filter {name =~"APU*"}
source C:/Users/nc1220/xilinx_workspace/dvd_firmware/dvd_firmware.sdk/dvd_firmware/_ide/psinit/ps7_init.tcl
ps7_init
ps7_post_config
targets -set -nocase -filter {name =~ "*A9*#0"}
dow C:/Users/nc1220/xilinx_workspace/dvd_firmware/dvd_firmware.sdk/dvd_firmware/Debug/dvd_firmware.elf
configparams force-mem-access 0
----------------End of Script----------------

11:23:47 INFO  : Memory regions updated for context APU
11:23:48 INFO  : Context for processor 'ps7_cortexa9_0' is selected.
11:23:48 INFO  : 'con' command is executed.
11:23:48 INFO  : ----------------XSDB Script (After Launch)----------------
targets -set -nocase -filter {name =~ "*A9*#0"}
con
----------------End of Script----------------

11:23:48 INFO  : Launch script is exported to file 'C:\Users\nc1220\xilinx_workspace\dvd_firmware\dvd_firmware.sdk\.sdk\launch_scripts\single_application_debug\debugger_dvd_firmware-default.tcl'
11:24:28 INFO  : Disconnected from the channel tcfchan#13.
11:24:29 INFO  : Connected to target on host '127.0.0.1' and port '3121'.
11:24:29 INFO  : Jtag cable 'Digilent Zybo Z7 210351AB7633A' is selected.
11:24:29 INFO  : 'jtag frequency' command is executed.
11:24:29 INFO  : Context for 'APU' is selected.
11:24:29 INFO  : System reset is completed.
11:24:32 INFO  : 'after 3000' command is executed.
11:24:33 INFO  : 'targets -set -filter {jtag_cable_name =~ "Digilent Zybo Z7 210351AB7633A" && level==0} -index 1' command is executed.
11:24:34 INFO  : FPGA configured successfully with bitstream "C:/Users/nc1220/xilinx_workspace/dvd_firmware/dvd_firmware.sdk/dvd_firmware/_ide/bitstream/system_wrapper.bit"
11:24:34 INFO  : Context for 'APU' is selected.
11:24:34 INFO  : Hardware design information is loaded from 'C:/Users/nc1220/xilinx_workspace/dvd_firmware/dvd_firmware.sdk/def/export/def/hw/system_wrapper.xsa'.
11:24:34 INFO  : 'configparams force-mem-access 1' command is executed.
11:24:34 INFO  : Context for 'APU' is selected.
11:24:34 INFO  : Sourcing of 'C:/Users/nc1220/xilinx_workspace/dvd_firmware/dvd_firmware.sdk/dvd_firmware/_ide/psinit/ps7_init.tcl' is done.
11:24:34 INFO  : 'ps7_init' command is executed.
11:24:35 INFO  : 'ps7_post_config' command is executed.
11:24:35 INFO  : Context for processor 'ps7_cortexa9_0' is selected.
11:24:36 INFO  : The application 'C:/Users/nc1220/xilinx_workspace/dvd_firmware/dvd_firmware.sdk/dvd_firmware/Debug/dvd_firmware.elf' is downloaded to processor 'ps7_cortexa9_0'.
11:24:36 INFO  : 'configparams force-mem-access 0' command is executed.
11:24:36 INFO  : ----------------XSDB Script----------------
connect -url tcp:127.0.0.1:3121
targets -set -nocase -filter {name =~"APU*"}
rst -system
after 3000
targets -set -filter {jtag_cable_name =~ "Digilent Zybo Z7 210351AB7633A" && level==0} -index 1
fpga -file C:/Users/nc1220/xilinx_workspace/dvd_firmware/dvd_firmware.sdk/dvd_firmware/_ide/bitstream/system_wrapper.bit
targets -set -nocase -filter {name =~"APU*"}
loadhw -hw C:/Users/nc1220/xilinx_workspace/dvd_firmware/dvd_firmware.sdk/def/export/def/hw/system_wrapper.xsa -mem-ranges [list {0x40000000 0xbfffffff}]
configparams force-mem-access 1
targets -set -nocase -filter {name =~"APU*"}
source C:/Users/nc1220/xilinx_workspace/dvd_firmware/dvd_firmware.sdk/dvd_firmware/_ide/psinit/ps7_init.tcl
ps7_init
ps7_post_config
targets -set -nocase -filter {name =~ "*A9*#0"}
dow C:/Users/nc1220/xilinx_workspace/dvd_firmware/dvd_firmware.sdk/dvd_firmware/Debug/dvd_firmware.elf
configparams force-mem-access 0
----------------End of Script----------------

11:24:36 INFO  : Memory regions updated for context APU
11:24:36 INFO  : Context for processor 'ps7_cortexa9_0' is selected.
11:24:36 INFO  : 'con' command is executed.
11:24:36 INFO  : ----------------XSDB Script (After Launch)----------------
targets -set -nocase -filter {name =~ "*A9*#0"}
con
----------------End of Script----------------

11:24:36 INFO  : Launch script is exported to file 'C:\Users\nc1220\xilinx_workspace\dvd_firmware\dvd_firmware.sdk\.sdk\launch_scripts\single_application_debug\debugger_dvd_firmware-default.tcl'
11:24:44 INFO  : Checking for BSP changes to sync application flags for project 'dvd_firmware'...
11:24:52 INFO  : Disconnected from the channel tcfchan#14.
11:24:53 INFO  : Connected to target on host '127.0.0.1' and port '3121'.
11:24:54 INFO  : Jtag cable 'Digilent Zybo Z7 210351AB7633A' is selected.
11:24:54 INFO  : 'jtag frequency' command is executed.
11:24:54 INFO  : Context for 'APU' is selected.
11:24:54 INFO  : System reset is completed.
11:24:57 INFO  : 'after 3000' command is executed.
11:24:57 INFO  : 'targets -set -filter {jtag_cable_name =~ "Digilent Zybo Z7 210351AB7633A" && level==0} -index 1' command is executed.
11:24:58 INFO  : FPGA configured successfully with bitstream "C:/Users/nc1220/xilinx_workspace/dvd_firmware/dvd_firmware.sdk/dvd_firmware/_ide/bitstream/system_wrapper.bit"
11:24:59 INFO  : Context for 'APU' is selected.
11:24:59 INFO  : Hardware design information is loaded from 'C:/Users/nc1220/xilinx_workspace/dvd_firmware/dvd_firmware.sdk/def/export/def/hw/system_wrapper.xsa'.
11:24:59 INFO  : 'configparams force-mem-access 1' command is executed.
11:24:59 INFO  : Context for 'APU' is selected.
11:24:59 INFO  : Sourcing of 'C:/Users/nc1220/xilinx_workspace/dvd_firmware/dvd_firmware.sdk/dvd_firmware/_ide/psinit/ps7_init.tcl' is done.
11:24:59 INFO  : 'ps7_init' command is executed.
11:24:59 INFO  : 'ps7_post_config' command is executed.
11:24:59 INFO  : Context for processor 'ps7_cortexa9_0' is selected.
11:25:00 INFO  : The application 'C:/Users/nc1220/xilinx_workspace/dvd_firmware/dvd_firmware.sdk/dvd_firmware/Debug/dvd_firmware.elf' is downloaded to processor 'ps7_cortexa9_0'.
11:25:00 INFO  : 'configparams force-mem-access 0' command is executed.
11:25:00 INFO  : ----------------XSDB Script----------------
connect -url tcp:127.0.0.1:3121
targets -set -nocase -filter {name =~"APU*"}
rst -system
after 3000
targets -set -filter {jtag_cable_name =~ "Digilent Zybo Z7 210351AB7633A" && level==0} -index 1
fpga -file C:/Users/nc1220/xilinx_workspace/dvd_firmware/dvd_firmware.sdk/dvd_firmware/_ide/bitstream/system_wrapper.bit
targets -set -nocase -filter {name =~"APU*"}
loadhw -hw C:/Users/nc1220/xilinx_workspace/dvd_firmware/dvd_firmware.sdk/def/export/def/hw/system_wrapper.xsa -mem-ranges [list {0x40000000 0xbfffffff}]
configparams force-mem-access 1
targets -set -nocase -filter {name =~"APU*"}
source C:/Users/nc1220/xilinx_workspace/dvd_firmware/dvd_firmware.sdk/dvd_firmware/_ide/psinit/ps7_init.tcl
ps7_init
ps7_post_config
targets -set -nocase -filter {name =~ "*A9*#0"}
dow C:/Users/nc1220/xilinx_workspace/dvd_firmware/dvd_firmware.sdk/dvd_firmware/Debug/dvd_firmware.elf
configparams force-mem-access 0
----------------End of Script----------------

11:25:00 INFO  : Memory regions updated for context APU
11:25:01 INFO  : Context for processor 'ps7_cortexa9_0' is selected.
11:25:01 INFO  : 'con' command is executed.
11:25:01 INFO  : ----------------XSDB Script (After Launch)----------------
targets -set -nocase -filter {name =~ "*A9*#0"}
con
----------------End of Script----------------

11:25:01 INFO  : Launch script is exported to file 'C:\Users\nc1220\xilinx_workspace\dvd_firmware\dvd_firmware.sdk\.sdk\launch_scripts\single_application_debug\debugger_dvd_firmware-default.tcl'
11:30:34 INFO  : Checking for BSP changes to sync application flags for project 'dvd_firmware'...
11:31:00 INFO  : Checking for BSP changes to sync application flags for project 'dvd_firmware'...
11:31:41 INFO  : Checking for BSP changes to sync application flags for project 'dvd_firmware'...
11:31:54 INFO  : Disconnected from the channel tcfchan#15.
11:31:55 INFO  : Connected to target on host '127.0.0.1' and port '3121'.
11:31:56 INFO  : Jtag cable 'Digilent Zybo Z7 210351AB7633A' is selected.
11:31:56 INFO  : 'jtag frequency' command is executed.
11:31:56 INFO  : Context for 'APU' is selected.
11:31:56 INFO  : System reset is completed.
11:31:59 INFO  : 'after 3000' command is executed.
11:31:59 INFO  : 'targets -set -filter {jtag_cable_name =~ "Digilent Zybo Z7 210351AB7633A" && level==0} -index 1' command is executed.
11:32:00 INFO  : FPGA configured successfully with bitstream "C:/Users/nc1220/xilinx_workspace/dvd_firmware/dvd_firmware.sdk/dvd_firmware/_ide/bitstream/system_wrapper.bit"
11:32:00 INFO  : Context for 'APU' is selected.
11:32:00 INFO  : Hardware design information is loaded from 'C:/Users/nc1220/xilinx_workspace/dvd_firmware/dvd_firmware.sdk/def/export/def/hw/system_wrapper.xsa'.
11:32:00 INFO  : 'configparams force-mem-access 1' command is executed.
11:32:00 INFO  : Context for 'APU' is selected.
11:32:00 INFO  : Sourcing of 'C:/Users/nc1220/xilinx_workspace/dvd_firmware/dvd_firmware.sdk/dvd_firmware/_ide/psinit/ps7_init.tcl' is done.
11:32:01 INFO  : 'ps7_init' command is executed.
11:32:01 INFO  : 'ps7_post_config' command is executed.
11:32:01 INFO  : Context for processor 'ps7_cortexa9_0' is selected.
11:32:02 INFO  : The application 'C:/Users/nc1220/xilinx_workspace/dvd_firmware/dvd_firmware.sdk/dvd_firmware/Debug/dvd_firmware.elf' is downloaded to processor 'ps7_cortexa9_0'.
11:32:02 INFO  : 'configparams force-mem-access 0' command is executed.
11:32:02 INFO  : ----------------XSDB Script----------------
connect -url tcp:127.0.0.1:3121
targets -set -nocase -filter {name =~"APU*"}
rst -system
after 3000
targets -set -filter {jtag_cable_name =~ "Digilent Zybo Z7 210351AB7633A" && level==0} -index 1
fpga -file C:/Users/nc1220/xilinx_workspace/dvd_firmware/dvd_firmware.sdk/dvd_firmware/_ide/bitstream/system_wrapper.bit
targets -set -nocase -filter {name =~"APU*"}
loadhw -hw C:/Users/nc1220/xilinx_workspace/dvd_firmware/dvd_firmware.sdk/def/export/def/hw/system_wrapper.xsa -mem-ranges [list {0x40000000 0xbfffffff}]
configparams force-mem-access 1
targets -set -nocase -filter {name =~"APU*"}
source C:/Users/nc1220/xilinx_workspace/dvd_firmware/dvd_firmware.sdk/dvd_firmware/_ide/psinit/ps7_init.tcl
ps7_init
ps7_post_config
targets -set -nocase -filter {name =~ "*A9*#0"}
dow C:/Users/nc1220/xilinx_workspace/dvd_firmware/dvd_firmware.sdk/dvd_firmware/Debug/dvd_firmware.elf
configparams force-mem-access 0
----------------End of Script----------------

11:32:02 INFO  : Memory regions updated for context APU
11:32:02 INFO  : Context for processor 'ps7_cortexa9_0' is selected.
11:32:02 INFO  : 'con' command is executed.
11:32:02 INFO  : ----------------XSDB Script (After Launch)----------------
targets -set -nocase -filter {name =~ "*A9*#0"}
con
----------------End of Script----------------

11:32:02 INFO  : Launch script is exported to file 'C:\Users\nc1220\xilinx_workspace\dvd_firmware\dvd_firmware.sdk\.sdk\launch_scripts\single_application_debug\debugger_dvd_firmware-default.tcl'
11:32:59 INFO  : Checking for BSP changes to sync application flags for project 'dvd_firmware'...
11:33:10 INFO  : Disconnected from the channel tcfchan#16.
11:33:11 INFO  : Connected to target on host '127.0.0.1' and port '3121'.
11:33:12 INFO  : Jtag cable 'Digilent Zybo Z7 210351AB7633A' is selected.
11:33:12 INFO  : 'jtag frequency' command is executed.
11:33:12 INFO  : Context for 'APU' is selected.
11:33:12 INFO  : System reset is completed.
11:33:15 INFO  : 'after 3000' command is executed.
11:33:15 INFO  : 'targets -set -filter {jtag_cable_name =~ "Digilent Zybo Z7 210351AB7633A" && level==0} -index 1' command is executed.
11:33:16 INFO  : FPGA configured successfully with bitstream "C:/Users/nc1220/xilinx_workspace/dvd_firmware/dvd_firmware.sdk/dvd_firmware/_ide/bitstream/system_wrapper.bit"
11:33:16 INFO  : Context for 'APU' is selected.
11:33:16 INFO  : Hardware design information is loaded from 'C:/Users/nc1220/xilinx_workspace/dvd_firmware/dvd_firmware.sdk/def/export/def/hw/system_wrapper.xsa'.
11:33:16 INFO  : 'configparams force-mem-access 1' command is executed.
11:33:16 INFO  : Context for 'APU' is selected.
11:33:17 INFO  : Sourcing of 'C:/Users/nc1220/xilinx_workspace/dvd_firmware/dvd_firmware.sdk/dvd_firmware/_ide/psinit/ps7_init.tcl' is done.
11:33:17 INFO  : 'ps7_init' command is executed.
11:33:17 INFO  : 'ps7_post_config' command is executed.
11:33:17 INFO  : Context for processor 'ps7_cortexa9_0' is selected.
11:33:18 INFO  : The application 'C:/Users/nc1220/xilinx_workspace/dvd_firmware/dvd_firmware.sdk/dvd_firmware/Debug/dvd_firmware.elf' is downloaded to processor 'ps7_cortexa9_0'.
11:33:18 INFO  : 'configparams force-mem-access 0' command is executed.
11:33:18 INFO  : ----------------XSDB Script----------------
connect -url tcp:127.0.0.1:3121
targets -set -nocase -filter {name =~"APU*"}
rst -system
after 3000
targets -set -filter {jtag_cable_name =~ "Digilent Zybo Z7 210351AB7633A" && level==0} -index 1
fpga -file C:/Users/nc1220/xilinx_workspace/dvd_firmware/dvd_firmware.sdk/dvd_firmware/_ide/bitstream/system_wrapper.bit
targets -set -nocase -filter {name =~"APU*"}
loadhw -hw C:/Users/nc1220/xilinx_workspace/dvd_firmware/dvd_firmware.sdk/def/export/def/hw/system_wrapper.xsa -mem-ranges [list {0x40000000 0xbfffffff}]
configparams force-mem-access 1
targets -set -nocase -filter {name =~"APU*"}
source C:/Users/nc1220/xilinx_workspace/dvd_firmware/dvd_firmware.sdk/dvd_firmware/_ide/psinit/ps7_init.tcl
ps7_init
ps7_post_config
targets -set -nocase -filter {name =~ "*A9*#0"}
dow C:/Users/nc1220/xilinx_workspace/dvd_firmware/dvd_firmware.sdk/dvd_firmware/Debug/dvd_firmware.elf
configparams force-mem-access 0
----------------End of Script----------------

11:33:18 INFO  : Memory regions updated for context APU
11:33:18 INFO  : Context for processor 'ps7_cortexa9_0' is selected.
11:33:18 INFO  : 'con' command is executed.
11:33:18 INFO  : ----------------XSDB Script (After Launch)----------------
targets -set -nocase -filter {name =~ "*A9*#0"}
con
----------------End of Script----------------

11:33:18 INFO  : Launch script is exported to file 'C:\Users\nc1220\xilinx_workspace\dvd_firmware\dvd_firmware.sdk\.sdk\launch_scripts\single_application_debug\debugger_dvd_firmware-default.tcl'
02:30:02 INFO  : Launching XSCT server: xsct.bat -n  -interactive C:\Users\nc1220\xilinx_workspace\dvd_firmware\dvd_firmware.sdk\temp_xsdb_launch_script.tcl
11:13:41 INFO  : Launching XSCT server: xsct.bat -n  -interactive C:\Users\nc1220\xilinx_workspace\dvd_firmware\dvd_firmware.sdk\temp_xsdb_launch_script.tcl
11:13:44 INFO  : XSCT server has started successfully.
11:13:44 INFO  : plnx-install-location is set to ''
11:13:44 INFO  : Successfully done setting XSCT server connection channel  
11:13:44 INFO  : Successfully done setting workspace for the tool. 
11:13:48 INFO  : Registering command handlers for Vitis TCF services
11:13:48 INFO  : Successfully done query RDI_DATADIR 
11:20:02 INFO  : Connected to target on host '127.0.0.1' and port '3121'.
11:20:04 INFO  : Jtag cable 'Digilent Zybo Z7 210351AB7633A' is selected.
11:20:04 INFO  : 'jtag frequency' command is executed.
11:20:05 INFO  : Context for 'APU' is selected.
11:20:05 INFO  : System reset is completed.
11:20:08 INFO  : 'after 3000' command is executed.
11:20:09 INFO  : 'targets -set -filter {jtag_cable_name =~ "Digilent Zybo Z7 210351AB7633A" && level==0} -index 1' command is executed.
11:20:10 INFO  : FPGA configured successfully with bitstream "C:/Users/nc1220/xilinx_workspace/dvd_firmware/dvd_firmware.sdk/dvd_firmware/_ide/bitstream/system_wrapper.bit"
11:20:11 INFO  : Context for 'APU' is selected.
11:20:11 INFO  : Hardware design information is loaded from 'C:/Users/nc1220/xilinx_workspace/dvd_firmware/dvd_firmware.sdk/def/export/def/hw/system_wrapper.xsa'.
11:20:11 INFO  : 'configparams force-mem-access 1' command is executed.
11:20:11 INFO  : Context for 'APU' is selected.
11:20:11 INFO  : Sourcing of 'C:/Users/nc1220/xilinx_workspace/dvd_firmware/dvd_firmware.sdk/dvd_firmware/_ide/psinit/ps7_init.tcl' is done.
11:20:12 INFO  : 'ps7_init' command is executed.
11:20:12 INFO  : 'ps7_post_config' command is executed.
11:20:13 INFO  : Context for processor 'ps7_cortexa9_0' is selected.
11:20:14 INFO  : The application 'C:/Users/nc1220/xilinx_workspace/dvd_firmware/dvd_firmware.sdk/dvd_firmware/Debug/dvd_firmware.elf' is downloaded to processor 'ps7_cortexa9_0'.
11:20:14 INFO  : 'configparams force-mem-access 0' command is executed.
11:20:14 INFO  : ----------------XSDB Script----------------
connect -url tcp:127.0.0.1:3121
targets -set -nocase -filter {name =~"APU*"}
rst -system
after 3000
targets -set -filter {jtag_cable_name =~ "Digilent Zybo Z7 210351AB7633A" && level==0} -index 1
fpga -file C:/Users/nc1220/xilinx_workspace/dvd_firmware/dvd_firmware.sdk/dvd_firmware/_ide/bitstream/system_wrapper.bit
targets -set -nocase -filter {name =~"APU*"}
loadhw -hw C:/Users/nc1220/xilinx_workspace/dvd_firmware/dvd_firmware.sdk/def/export/def/hw/system_wrapper.xsa -mem-ranges [list {0x40000000 0xbfffffff}]
configparams force-mem-access 1
targets -set -nocase -filter {name =~"APU*"}
source C:/Users/nc1220/xilinx_workspace/dvd_firmware/dvd_firmware.sdk/dvd_firmware/_ide/psinit/ps7_init.tcl
ps7_init
ps7_post_config
targets -set -nocase -filter {name =~ "*A9*#0"}
dow C:/Users/nc1220/xilinx_workspace/dvd_firmware/dvd_firmware.sdk/dvd_firmware/Debug/dvd_firmware.elf
configparams force-mem-access 0
----------------End of Script----------------

11:20:14 INFO  : Memory regions updated for context APU
11:20:14 INFO  : Context for processor 'ps7_cortexa9_0' is selected.
11:20:14 INFO  : 'con' command is executed.
11:20:14 INFO  : ----------------XSDB Script (After Launch)----------------
targets -set -nocase -filter {name =~ "*A9*#0"}
con
----------------End of Script----------------

11:20:14 INFO  : Launch script is exported to file 'C:\Users\nc1220\xilinx_workspace\dvd_firmware\dvd_firmware.sdk\.sdk\launch_scripts\single_application_debug\debugger_dvd_firmware-default.tcl'
11:21:48 INFO  : Disconnected from the channel tcfchan#1.
11:21:49 INFO  : Connected to target on host '127.0.0.1' and port '3121'.
11:21:50 INFO  : Jtag cable 'Digilent Zybo Z7 210351AB7633A' is selected.
11:21:50 INFO  : 'jtag frequency' command is executed.
11:21:50 INFO  : Context for 'APU' is selected.
11:21:50 INFO  : System reset is completed.
11:21:53 INFO  : 'after 3000' command is executed.
11:21:53 INFO  : 'targets -set -filter {jtag_cable_name =~ "Digilent Zybo Z7 210351AB7633A" && level==0} -index 1' command is executed.
11:21:54 INFO  : FPGA configured successfully with bitstream "C:/Users/nc1220/xilinx_workspace/dvd_firmware/dvd_firmware.sdk/dvd_firmware/_ide/bitstream/system_wrapper.bit"
11:21:54 INFO  : Context for 'APU' is selected.
11:21:59 INFO  : Hardware design information is loaded from 'C:/Users/nc1220/xilinx_workspace/dvd_firmware/dvd_firmware.sdk/def/export/def/hw/system_wrapper.xsa'.
11:21:59 INFO  : 'configparams force-mem-access 1' command is executed.
11:21:59 INFO  : Context for 'APU' is selected.
11:21:59 INFO  : Sourcing of 'C:/Users/nc1220/xilinx_workspace/dvd_firmware/dvd_firmware.sdk/dvd_firmware/_ide/psinit/ps7_init.tcl' is done.
11:22:00 INFO  : 'ps7_init' command is executed.
11:22:00 INFO  : 'ps7_post_config' command is executed.
11:22:00 INFO  : Context for processor 'ps7_cortexa9_0' is selected.
11:22:01 INFO  : The application 'C:/Users/nc1220/xilinx_workspace/dvd_firmware/dvd_firmware.sdk/dvd_firmware/Debug/dvd_firmware.elf' is downloaded to processor 'ps7_cortexa9_0'.
11:22:01 INFO  : 'configparams force-mem-access 0' command is executed.
11:22:01 INFO  : ----------------XSDB Script----------------
connect -url tcp:127.0.0.1:3121
targets -set -nocase -filter {name =~"APU*"}
rst -system
after 3000
targets -set -filter {jtag_cable_name =~ "Digilent Zybo Z7 210351AB7633A" && level==0} -index 1
fpga -file C:/Users/nc1220/xilinx_workspace/dvd_firmware/dvd_firmware.sdk/dvd_firmware/_ide/bitstream/system_wrapper.bit
targets -set -nocase -filter {name =~"APU*"}
loadhw -hw C:/Users/nc1220/xilinx_workspace/dvd_firmware/dvd_firmware.sdk/def/export/def/hw/system_wrapper.xsa -mem-ranges [list {0x40000000 0xbfffffff}]
configparams force-mem-access 1
targets -set -nocase -filter {name =~"APU*"}
source C:/Users/nc1220/xilinx_workspace/dvd_firmware/dvd_firmware.sdk/dvd_firmware/_ide/psinit/ps7_init.tcl
ps7_init
ps7_post_config
targets -set -nocase -filter {name =~ "*A9*#0"}
dow C:/Users/nc1220/xilinx_workspace/dvd_firmware/dvd_firmware.sdk/dvd_firmware/Debug/dvd_firmware.elf
configparams force-mem-access 0
----------------End of Script----------------

11:22:01 INFO  : Memory regions updated for context APU
11:22:01 INFO  : Context for processor 'ps7_cortexa9_0' is selected.
11:22:01 INFO  : 'con' command is executed.
11:22:01 INFO  : ----------------XSDB Script (After Launch)----------------
targets -set -nocase -filter {name =~ "*A9*#0"}
con
----------------End of Script----------------

11:22:01 INFO  : Launch script is exported to file 'C:\Users\nc1220\xilinx_workspace\dvd_firmware\dvd_firmware.sdk\.sdk\launch_scripts\single_application_debug\debugger_dvd_firmware-default.tcl'
11:23:47 INFO  : Checking for BSP changes to sync application flags for project 'dvd_firmware'...
11:24:44 INFO  : Disconnected from the channel tcfchan#2.
11:24:45 INFO  : Connected to target on host '127.0.0.1' and port '3121'.
11:24:46 INFO  : Jtag cable 'Digilent Zybo Z7 210351AB7633A' is selected.
11:24:46 INFO  : 'jtag frequency' command is executed.
11:24:46 INFO  : Context for 'APU' is selected.
11:24:46 INFO  : System reset is completed.
11:24:49 INFO  : 'after 3000' command is executed.
11:24:49 INFO  : 'targets -set -filter {jtag_cable_name =~ "Digilent Zybo Z7 210351AB7633A" && level==0} -index 1' command is executed.
11:24:50 INFO  : FPGA configured successfully with bitstream "C:/Users/nc1220/xilinx_workspace/dvd_firmware/dvd_firmware.sdk/dvd_firmware/_ide/bitstream/system_wrapper.bit"
11:24:51 INFO  : Context for 'APU' is selected.
11:24:57 INFO  : Hardware design information is loaded from 'C:/Users/nc1220/xilinx_workspace/dvd_firmware/dvd_firmware.sdk/def/export/def/hw/system_wrapper.xsa'.
11:24:57 INFO  : 'configparams force-mem-access 1' command is executed.
11:24:57 INFO  : Context for 'APU' is selected.
11:24:57 INFO  : Sourcing of 'C:/Users/nc1220/xilinx_workspace/dvd_firmware/dvd_firmware.sdk/dvd_firmware/_ide/psinit/ps7_init.tcl' is done.
11:24:57 INFO  : 'ps7_init' command is executed.
11:24:57 INFO  : 'ps7_post_config' command is executed.
11:24:57 INFO  : Context for processor 'ps7_cortexa9_0' is selected.
11:24:58 INFO  : The application 'C:/Users/nc1220/xilinx_workspace/dvd_firmware/dvd_firmware.sdk/dvd_firmware/Debug/dvd_firmware.elf' is downloaded to processor 'ps7_cortexa9_0'.
11:24:58 INFO  : 'configparams force-mem-access 0' command is executed.
11:24:58 INFO  : ----------------XSDB Script----------------
connect -url tcp:127.0.0.1:3121
targets -set -nocase -filter {name =~"APU*"}
rst -system
after 3000
targets -set -filter {jtag_cable_name =~ "Digilent Zybo Z7 210351AB7633A" && level==0} -index 1
fpga -file C:/Users/nc1220/xilinx_workspace/dvd_firmware/dvd_firmware.sdk/dvd_firmware/_ide/bitstream/system_wrapper.bit
targets -set -nocase -filter {name =~"APU*"}
loadhw -hw C:/Users/nc1220/xilinx_workspace/dvd_firmware/dvd_firmware.sdk/def/export/def/hw/system_wrapper.xsa -mem-ranges [list {0x40000000 0xbfffffff}]
configparams force-mem-access 1
targets -set -nocase -filter {name =~"APU*"}
source C:/Users/nc1220/xilinx_workspace/dvd_firmware/dvd_firmware.sdk/dvd_firmware/_ide/psinit/ps7_init.tcl
ps7_init
ps7_post_config
targets -set -nocase -filter {name =~ "*A9*#0"}
dow C:/Users/nc1220/xilinx_workspace/dvd_firmware/dvd_firmware.sdk/dvd_firmware/Debug/dvd_firmware.elf
configparams force-mem-access 0
----------------End of Script----------------

11:24:59 INFO  : Memory regions updated for context APU
11:24:59 INFO  : Context for processor 'ps7_cortexa9_0' is selected.
11:24:59 INFO  : 'con' command is executed.
11:24:59 INFO  : ----------------XSDB Script (After Launch)----------------
targets -set -nocase -filter {name =~ "*A9*#0"}
con
----------------End of Script----------------

11:24:59 INFO  : Launch script is exported to file 'C:\Users\nc1220\xilinx_workspace\dvd_firmware\dvd_firmware.sdk\.sdk\launch_scripts\single_application_debug\debugger_dvd_firmware-default.tcl'
11:29:23 INFO  : Checking for BSP changes to sync application flags for project 'dvd_firmware'...
11:29:54 INFO  : Disconnected from the channel tcfchan#4.
11:29:55 INFO  : Connected to target on host '127.0.0.1' and port '3121'.
11:29:55 INFO  : Jtag cable 'Digilent Zybo Z7 210351AB7633A' is selected.
11:29:55 INFO  : 'jtag frequency' command is executed.
11:29:55 INFO  : Context for 'APU' is selected.
11:29:55 INFO  : System reset is completed.
11:29:58 INFO  : 'after 3000' command is executed.
11:29:59 INFO  : 'targets -set -filter {jtag_cable_name =~ "Digilent Zybo Z7 210351AB7633A" && level==0} -index 1' command is executed.
11:30:00 INFO  : FPGA configured successfully with bitstream "C:/Users/nc1220/xilinx_workspace/dvd_firmware/dvd_firmware.sdk/dvd_firmware/_ide/bitstream/system_wrapper.bit"
11:30:00 INFO  : Context for 'APU' is selected.
11:30:00 INFO  : Hardware design information is loaded from 'C:/Users/nc1220/xilinx_workspace/dvd_firmware/dvd_firmware.sdk/def/export/def/hw/system_wrapper.xsa'.
11:30:00 INFO  : 'configparams force-mem-access 1' command is executed.
11:30:00 INFO  : Context for 'APU' is selected.
11:30:00 INFO  : Sourcing of 'C:/Users/nc1220/xilinx_workspace/dvd_firmware/dvd_firmware.sdk/dvd_firmware/_ide/psinit/ps7_init.tcl' is done.
11:30:01 INFO  : 'ps7_init' command is executed.
11:30:01 INFO  : 'ps7_post_config' command is executed.
11:30:01 INFO  : Context for processor 'ps7_cortexa9_0' is selected.
11:30:02 INFO  : The application 'C:/Users/nc1220/xilinx_workspace/dvd_firmware/dvd_firmware.sdk/dvd_firmware/Debug/dvd_firmware.elf' is downloaded to processor 'ps7_cortexa9_0'.
11:30:02 INFO  : 'configparams force-mem-access 0' command is executed.
11:30:02 INFO  : ----------------XSDB Script----------------
connect -url tcp:127.0.0.1:3121
targets -set -nocase -filter {name =~"APU*"}
rst -system
after 3000
targets -set -filter {jtag_cable_name =~ "Digilent Zybo Z7 210351AB7633A" && level==0} -index 1
fpga -file C:/Users/nc1220/xilinx_workspace/dvd_firmware/dvd_firmware.sdk/dvd_firmware/_ide/bitstream/system_wrapper.bit
targets -set -nocase -filter {name =~"APU*"}
loadhw -hw C:/Users/nc1220/xilinx_workspace/dvd_firmware/dvd_firmware.sdk/def/export/def/hw/system_wrapper.xsa -mem-ranges [list {0x40000000 0xbfffffff}]
configparams force-mem-access 1
targets -set -nocase -filter {name =~"APU*"}
source C:/Users/nc1220/xilinx_workspace/dvd_firmware/dvd_firmware.sdk/dvd_firmware/_ide/psinit/ps7_init.tcl
ps7_init
ps7_post_config
targets -set -nocase -filter {name =~ "*A9*#0"}
dow C:/Users/nc1220/xilinx_workspace/dvd_firmware/dvd_firmware.sdk/dvd_firmware/Debug/dvd_firmware.elf
configparams force-mem-access 0
----------------End of Script----------------

11:30:02 INFO  : Memory regions updated for context APU
11:30:02 INFO  : Context for processor 'ps7_cortexa9_0' is selected.
11:30:02 INFO  : 'con' command is executed.
11:30:02 INFO  : ----------------XSDB Script (After Launch)----------------
targets -set -nocase -filter {name =~ "*A9*#0"}
con
----------------End of Script----------------

11:30:02 INFO  : Launch script is exported to file 'C:\Users\nc1220\xilinx_workspace\dvd_firmware\dvd_firmware.sdk\.sdk\launch_scripts\single_application_debug\debugger_dvd_firmware-default.tcl'
11:31:16 INFO  : Disconnected from the channel tcfchan#6.
11:31:17 INFO  : Connected to target on host '127.0.0.1' and port '3121'.
11:31:18 INFO  : Jtag cable 'Digilent Zybo Z7 210351AB7633A' is selected.
11:31:18 INFO  : 'jtag frequency' command is executed.
11:31:18 INFO  : Context for 'APU' is selected.
11:31:18 INFO  : System reset is completed.
11:31:21 INFO  : 'after 3000' command is executed.
11:31:21 INFO  : 'targets -set -filter {jtag_cable_name =~ "Digilent Zybo Z7 210351AB7633A" && level==0} -index 1' command is executed.
11:31:23 INFO  : FPGA configured successfully with bitstream "C:/Users/nc1220/xilinx_workspace/dvd_firmware/dvd_firmware.sdk/dvd_firmware/_ide/bitstream/system_wrapper.bit"
11:31:23 INFO  : Context for 'APU' is selected.
11:31:23 INFO  : Hardware design information is loaded from 'C:/Users/nc1220/xilinx_workspace/dvd_firmware/dvd_firmware.sdk/def/export/def/hw/system_wrapper.xsa'.
11:31:23 INFO  : 'configparams force-mem-access 1' command is executed.
11:31:23 INFO  : Context for 'APU' is selected.
11:31:23 INFO  : Sourcing of 'C:/Users/nc1220/xilinx_workspace/dvd_firmware/dvd_firmware.sdk/dvd_firmware/_ide/psinit/ps7_init.tcl' is done.
11:31:23 INFO  : 'ps7_init' command is executed.
11:31:23 INFO  : 'ps7_post_config' command is executed.
11:31:23 INFO  : Context for processor 'ps7_cortexa9_0' is selected.
11:31:25 INFO  : The application 'C:/Users/nc1220/xilinx_workspace/dvd_firmware/dvd_firmware.sdk/dvd_firmware/Debug/dvd_firmware.elf' is downloaded to processor 'ps7_cortexa9_0'.
11:31:25 INFO  : 'configparams force-mem-access 0' command is executed.
11:31:25 INFO  : ----------------XSDB Script----------------
connect -url tcp:127.0.0.1:3121
targets -set -nocase -filter {name =~"APU*"}
rst -system
after 3000
targets -set -filter {jtag_cable_name =~ "Digilent Zybo Z7 210351AB7633A" && level==0} -index 1
fpga -file C:/Users/nc1220/xilinx_workspace/dvd_firmware/dvd_firmware.sdk/dvd_firmware/_ide/bitstream/system_wrapper.bit
targets -set -nocase -filter {name =~"APU*"}
loadhw -hw C:/Users/nc1220/xilinx_workspace/dvd_firmware/dvd_firmware.sdk/def/export/def/hw/system_wrapper.xsa -mem-ranges [list {0x40000000 0xbfffffff}]
configparams force-mem-access 1
targets -set -nocase -filter {name =~"APU*"}
source C:/Users/nc1220/xilinx_workspace/dvd_firmware/dvd_firmware.sdk/dvd_firmware/_ide/psinit/ps7_init.tcl
ps7_init
ps7_post_config
targets -set -nocase -filter {name =~ "*A9*#0"}
dow C:/Users/nc1220/xilinx_workspace/dvd_firmware/dvd_firmware.sdk/dvd_firmware/Debug/dvd_firmware.elf
configparams force-mem-access 0
----------------End of Script----------------

11:31:25 INFO  : Memory regions updated for context APU
11:31:25 INFO  : Context for processor 'ps7_cortexa9_0' is selected.
11:31:25 INFO  : 'con' command is executed.
11:31:25 INFO  : ----------------XSDB Script (After Launch)----------------
targets -set -nocase -filter {name =~ "*A9*#0"}
con
----------------End of Script----------------

11:31:25 INFO  : Launch script is exported to file 'C:\Users\nc1220\xilinx_workspace\dvd_firmware\dvd_firmware.sdk\.sdk\launch_scripts\single_application_debug\debugger_dvd_firmware-default.tcl'
11:32:25 INFO  : Checking for BSP changes to sync application flags for project 'dvd_firmware'...
11:33:00 INFO  : Disconnected from the channel tcfchan#7.
11:33:01 INFO  : Connected to target on host '127.0.0.1' and port '3121'.
11:33:01 INFO  : Jtag cable 'Digilent Zybo Z7 210351AB7633A' is selected.
11:33:01 INFO  : 'jtag frequency' command is executed.
11:33:01 INFO  : Context for 'APU' is selected.
11:33:01 INFO  : System reset is completed.
11:33:04 INFO  : 'after 3000' command is executed.
11:33:04 INFO  : 'targets -set -filter {jtag_cable_name =~ "Digilent Zybo Z7 210351AB7633A" && level==0} -index 1' command is executed.
11:33:06 INFO  : FPGA configured successfully with bitstream "C:/Users/nc1220/xilinx_workspace/dvd_firmware/dvd_firmware.sdk/dvd_firmware/_ide/bitstream/system_wrapper.bit"
11:33:06 INFO  : Context for 'APU' is selected.
11:33:06 INFO  : Hardware design information is loaded from 'C:/Users/nc1220/xilinx_workspace/dvd_firmware/dvd_firmware.sdk/def/export/def/hw/system_wrapper.xsa'.
11:33:06 INFO  : 'configparams force-mem-access 1' command is executed.
11:33:06 INFO  : Context for 'APU' is selected.
11:33:06 INFO  : Sourcing of 'C:/Users/nc1220/xilinx_workspace/dvd_firmware/dvd_firmware.sdk/dvd_firmware/_ide/psinit/ps7_init.tcl' is done.
11:33:06 INFO  : 'ps7_init' command is executed.
11:33:06 INFO  : 'ps7_post_config' command is executed.
11:33:06 INFO  : Context for processor 'ps7_cortexa9_0' is selected.
11:33:07 INFO  : The application 'C:/Users/nc1220/xilinx_workspace/dvd_firmware/dvd_firmware.sdk/dvd_firmware/Debug/dvd_firmware.elf' is downloaded to processor 'ps7_cortexa9_0'.
11:33:08 INFO  : 'configparams force-mem-access 0' command is executed.
11:33:08 INFO  : ----------------XSDB Script----------------
connect -url tcp:127.0.0.1:3121
targets -set -nocase -filter {name =~"APU*"}
rst -system
after 3000
targets -set -filter {jtag_cable_name =~ "Digilent Zybo Z7 210351AB7633A" && level==0} -index 1
fpga -file C:/Users/nc1220/xilinx_workspace/dvd_firmware/dvd_firmware.sdk/dvd_firmware/_ide/bitstream/system_wrapper.bit
targets -set -nocase -filter {name =~"APU*"}
loadhw -hw C:/Users/nc1220/xilinx_workspace/dvd_firmware/dvd_firmware.sdk/def/export/def/hw/system_wrapper.xsa -mem-ranges [list {0x40000000 0xbfffffff}]
configparams force-mem-access 1
targets -set -nocase -filter {name =~"APU*"}
source C:/Users/nc1220/xilinx_workspace/dvd_firmware/dvd_firmware.sdk/dvd_firmware/_ide/psinit/ps7_init.tcl
ps7_init
ps7_post_config
targets -set -nocase -filter {name =~ "*A9*#0"}
dow C:/Users/nc1220/xilinx_workspace/dvd_firmware/dvd_firmware.sdk/dvd_firmware/Debug/dvd_firmware.elf
configparams force-mem-access 0
----------------End of Script----------------

11:33:08 INFO  : Memory regions updated for context APU
11:33:08 INFO  : Context for processor 'ps7_cortexa9_0' is selected.
11:33:08 INFO  : 'con' command is executed.
11:33:08 INFO  : ----------------XSDB Script (After Launch)----------------
targets -set -nocase -filter {name =~ "*A9*#0"}
con
----------------End of Script----------------

11:33:08 INFO  : Launch script is exported to file 'C:\Users\nc1220\xilinx_workspace\dvd_firmware\dvd_firmware.sdk\.sdk\launch_scripts\single_application_debug\systemdebugger_dvd_firmware_system_standalone.tcl'
11:35:42 INFO  : Checking for BSP changes to sync application flags for project 'dvd_firmware'...
11:37:23 INFO  : Checking for BSP changes to sync application flags for project 'dvd_firmware'...
11:37:38 INFO  : Disconnected from the channel tcfchan#10.
11:37:38 INFO  : Connected to target on host '127.0.0.1' and port '3121'.
11:37:38 INFO  : Jtag cable 'Digilent Zybo Z7 210351AB7633A' is selected.
11:37:38 INFO  : 'jtag frequency' command is executed.
11:37:38 INFO  : Context for 'APU' is selected.
11:37:38 INFO  : System reset is completed.
11:37:41 INFO  : 'after 3000' command is executed.
11:37:42 INFO  : 'targets -set -filter {jtag_cable_name =~ "Digilent Zybo Z7 210351AB7633A" && level==0} -index 1' command is executed.
11:37:43 INFO  : FPGA configured successfully with bitstream "C:/Users/nc1220/xilinx_workspace/dvd_firmware/dvd_firmware.sdk/dvd_firmware/_ide/bitstream/system_wrapper.bit"
11:37:43 INFO  : Context for 'APU' is selected.
11:37:43 INFO  : Hardware design information is loaded from 'C:/Users/nc1220/xilinx_workspace/dvd_firmware/dvd_firmware.sdk/def/export/def/hw/system_wrapper.xsa'.
11:37:43 INFO  : 'configparams force-mem-access 1' command is executed.
11:37:43 INFO  : Context for 'APU' is selected.
11:37:43 INFO  : Sourcing of 'C:/Users/nc1220/xilinx_workspace/dvd_firmware/dvd_firmware.sdk/dvd_firmware/_ide/psinit/ps7_init.tcl' is done.
11:37:43 INFO  : 'ps7_init' command is executed.
11:37:43 INFO  : 'ps7_post_config' command is executed.
11:37:43 INFO  : Context for processor 'ps7_cortexa9_0' is selected.
11:37:45 INFO  : The application 'C:/Users/nc1220/xilinx_workspace/dvd_firmware/dvd_firmware.sdk/dvd_firmware/Debug/dvd_firmware.elf' is downloaded to processor 'ps7_cortexa9_0'.
11:37:45 INFO  : 'configparams force-mem-access 0' command is executed.
11:37:45 INFO  : ----------------XSDB Script----------------
connect -url tcp:127.0.0.1:3121
targets -set -nocase -filter {name =~"APU*"}
rst -system
after 3000
targets -set -filter {jtag_cable_name =~ "Digilent Zybo Z7 210351AB7633A" && level==0} -index 1
fpga -file C:/Users/nc1220/xilinx_workspace/dvd_firmware/dvd_firmware.sdk/dvd_firmware/_ide/bitstream/system_wrapper.bit
targets -set -nocase -filter {name =~"APU*"}
loadhw -hw C:/Users/nc1220/xilinx_workspace/dvd_firmware/dvd_firmware.sdk/def/export/def/hw/system_wrapper.xsa -mem-ranges [list {0x40000000 0xbfffffff}]
configparams force-mem-access 1
targets -set -nocase -filter {name =~"APU*"}
source C:/Users/nc1220/xilinx_workspace/dvd_firmware/dvd_firmware.sdk/dvd_firmware/_ide/psinit/ps7_init.tcl
ps7_init
ps7_post_config
targets -set -nocase -filter {name =~ "*A9*#0"}
dow C:/Users/nc1220/xilinx_workspace/dvd_firmware/dvd_firmware.sdk/dvd_firmware/Debug/dvd_firmware.elf
configparams force-mem-access 0
----------------End of Script----------------

11:37:45 INFO  : Memory regions updated for context APU
11:37:45 INFO  : Context for processor 'ps7_cortexa9_0' is selected.
11:37:45 INFO  : 'con' command is executed.
11:37:45 INFO  : ----------------XSDB Script (After Launch)----------------
targets -set -nocase -filter {name =~ "*A9*#0"}
con
----------------End of Script----------------

11:37:45 INFO  : Launch script is exported to file 'C:\Users\nc1220\xilinx_workspace\dvd_firmware\dvd_firmware.sdk\.sdk\launch_scripts\single_application_debug\systemdebugger_dvd_firmware_system_standalone.tcl'
11:40:02 INFO  : Checking for BSP changes to sync application flags for project 'dvd_firmware'...
11:40:15 INFO  : Checking for BSP changes to sync application flags for project 'dvd_firmware'...
11:42:00 INFO  : Disconnected from the channel tcfchan#13.
11:42:00 INFO  : Connected to target on host '127.0.0.1' and port '3121'.
11:42:00 INFO  : Jtag cable 'Digilent Zybo Z7 210351AB7633A' is selected.
11:42:00 INFO  : 'jtag frequency' command is executed.
11:42:00 INFO  : Context for 'APU' is selected.
11:42:01 INFO  : System reset is completed.
11:42:04 INFO  : 'after 3000' command is executed.
11:42:04 INFO  : 'targets -set -filter {jtag_cable_name =~ "Digilent Zybo Z7 210351AB7633A" && level==0} -index 1' command is executed.
11:42:05 INFO  : FPGA configured successfully with bitstream "C:/Users/nc1220/xilinx_workspace/dvd_firmware/dvd_firmware.sdk/dvd_firmware/_ide/bitstream/system_wrapper.bit"
11:42:05 INFO  : Context for 'APU' is selected.
11:42:05 INFO  : Hardware design information is loaded from 'C:/Users/nc1220/xilinx_workspace/dvd_firmware/dvd_firmware.sdk/def/export/def/hw/system_wrapper.xsa'.
11:42:05 INFO  : 'configparams force-mem-access 1' command is executed.
11:42:05 INFO  : Context for 'APU' is selected.
11:42:05 INFO  : Sourcing of 'C:/Users/nc1220/xilinx_workspace/dvd_firmware/dvd_firmware.sdk/dvd_firmware/_ide/psinit/ps7_init.tcl' is done.
11:42:06 INFO  : 'ps7_init' command is executed.
11:42:06 INFO  : 'ps7_post_config' command is executed.
11:42:06 INFO  : Context for processor 'ps7_cortexa9_0' is selected.
11:42:07 INFO  : The application 'C:/Users/nc1220/xilinx_workspace/dvd_firmware/dvd_firmware.sdk/dvd_firmware/Debug/dvd_firmware.elf' is downloaded to processor 'ps7_cortexa9_0'.
11:42:07 INFO  : 'configparams force-mem-access 0' command is executed.
11:42:07 INFO  : ----------------XSDB Script----------------
connect -url tcp:127.0.0.1:3121
targets -set -nocase -filter {name =~"APU*"}
rst -system
after 3000
targets -set -filter {jtag_cable_name =~ "Digilent Zybo Z7 210351AB7633A" && level==0} -index 1
fpga -file C:/Users/nc1220/xilinx_workspace/dvd_firmware/dvd_firmware.sdk/dvd_firmware/_ide/bitstream/system_wrapper.bit
targets -set -nocase -filter {name =~"APU*"}
loadhw -hw C:/Users/nc1220/xilinx_workspace/dvd_firmware/dvd_firmware.sdk/def/export/def/hw/system_wrapper.xsa -mem-ranges [list {0x40000000 0xbfffffff}]
configparams force-mem-access 1
targets -set -nocase -filter {name =~"APU*"}
source C:/Users/nc1220/xilinx_workspace/dvd_firmware/dvd_firmware.sdk/dvd_firmware/_ide/psinit/ps7_init.tcl
ps7_init
ps7_post_config
targets -set -nocase -filter {name =~ "*A9*#0"}
dow C:/Users/nc1220/xilinx_workspace/dvd_firmware/dvd_firmware.sdk/dvd_firmware/Debug/dvd_firmware.elf
configparams force-mem-access 0
----------------End of Script----------------

11:42:07 INFO  : Memory regions updated for context APU
11:42:07 INFO  : Context for processor 'ps7_cortexa9_0' is selected.
11:42:07 INFO  : 'con' command is executed.
11:42:07 INFO  : ----------------XSDB Script (After Launch)----------------
targets -set -nocase -filter {name =~ "*A9*#0"}
con
----------------End of Script----------------

11:42:07 INFO  : Launch script is exported to file 'C:\Users\nc1220\xilinx_workspace\dvd_firmware\dvd_firmware.sdk\.sdk\launch_scripts\single_application_debug\systemdebugger_dvd_firmware_system_standalone.tcl'
11:44:24 INFO  : Checking for BSP changes to sync application flags for project 'dvd_firmware'...
11:46:38 INFO  : Disconnected from the channel tcfchan#15.
11:46:38 INFO  : Connected to target on host '127.0.0.1' and port '3121'.
11:46:39 INFO  : Jtag cable 'Digilent Zybo Z7 210351AB7633A' is selected.
11:46:39 INFO  : 'jtag frequency' command is executed.
11:46:39 INFO  : Context for 'APU' is selected.
11:46:39 INFO  : System reset is completed.
11:46:42 INFO  : 'after 3000' command is executed.
11:46:42 INFO  : 'targets -set -filter {jtag_cable_name =~ "Digilent Zybo Z7 210351AB7633A" && level==0} -index 1' command is executed.
11:46:43 INFO  : FPGA configured successfully with bitstream "C:/Users/nc1220/xilinx_workspace/dvd_firmware/dvd_firmware.sdk/dvd_firmware/_ide/bitstream/system_wrapper.bit"
11:46:44 INFO  : Context for 'APU' is selected.
11:46:44 INFO  : Hardware design information is loaded from 'C:/Users/nc1220/xilinx_workspace/dvd_firmware/dvd_firmware.sdk/def/export/def/hw/system_wrapper.xsa'.
11:46:44 INFO  : 'configparams force-mem-access 1' command is executed.
11:46:44 INFO  : Context for 'APU' is selected.
11:46:44 INFO  : Sourcing of 'C:/Users/nc1220/xilinx_workspace/dvd_firmware/dvd_firmware.sdk/dvd_firmware/_ide/psinit/ps7_init.tcl' is done.
11:46:44 INFO  : 'ps7_init' command is executed.
11:46:44 INFO  : 'ps7_post_config' command is executed.
11:46:44 INFO  : Context for processor 'ps7_cortexa9_0' is selected.
11:46:45 INFO  : The application 'C:/Users/nc1220/xilinx_workspace/dvd_firmware/dvd_firmware.sdk/dvd_firmware/Debug/dvd_firmware.elf' is downloaded to processor 'ps7_cortexa9_0'.
11:46:45 INFO  : 'configparams force-mem-access 0' command is executed.
11:46:45 INFO  : ----------------XSDB Script----------------
connect -url tcp:127.0.0.1:3121
targets -set -nocase -filter {name =~"APU*"}
rst -system
after 3000
targets -set -filter {jtag_cable_name =~ "Digilent Zybo Z7 210351AB7633A" && level==0} -index 1
fpga -file C:/Users/nc1220/xilinx_workspace/dvd_firmware/dvd_firmware.sdk/dvd_firmware/_ide/bitstream/system_wrapper.bit
targets -set -nocase -filter {name =~"APU*"}
loadhw -hw C:/Users/nc1220/xilinx_workspace/dvd_firmware/dvd_firmware.sdk/def/export/def/hw/system_wrapper.xsa -mem-ranges [list {0x40000000 0xbfffffff}]
configparams force-mem-access 1
targets -set -nocase -filter {name =~"APU*"}
source C:/Users/nc1220/xilinx_workspace/dvd_firmware/dvd_firmware.sdk/dvd_firmware/_ide/psinit/ps7_init.tcl
ps7_init
ps7_post_config
targets -set -nocase -filter {name =~ "*A9*#0"}
dow C:/Users/nc1220/xilinx_workspace/dvd_firmware/dvd_firmware.sdk/dvd_firmware/Debug/dvd_firmware.elf
configparams force-mem-access 0
----------------End of Script----------------

11:46:45 INFO  : Memory regions updated for context APU
11:46:46 INFO  : Context for processor 'ps7_cortexa9_0' is selected.
11:46:46 INFO  : 'con' command is executed.
11:46:46 INFO  : ----------------XSDB Script (After Launch)----------------
targets -set -nocase -filter {name =~ "*A9*#0"}
con
----------------End of Script----------------

11:46:46 INFO  : Launch script is exported to file 'C:\Users\nc1220\xilinx_workspace\dvd_firmware\dvd_firmware.sdk\.sdk\launch_scripts\single_application_debug\systemdebugger_dvd_firmware_system_standalone.tcl'
11:57:43 INFO  : Successfully done sdx_reload_mss "C:/Users/nc1220/xilinx_workspace/dvd_firmware/dvd_firmware.sdk/def/zynq_fsbl/zynq_fsbl_bsp/system.mss"
11:57:44 INFO  : Successfully done sdx_reload_mss "C:/Users/nc1220/xilinx_workspace/dvd_firmware/dvd_firmware.sdk/def/ps7_cortexa9_0/standalone_domain/bsp/system.mss"
22:50:52 WARN  : Unexpected exception occurred.
java.io.IOException: Command [C 1692 xsdb eval "disconnect tcfchan#19"] aborted
	at org.eclipse.tcf.core.AbstractChannel$9.run(AbstractChannel.java:840)
	at org.eclipse.tcf.EventQueue.run(EventQueue.java:96)
	at java.base/java.lang.Thread.run(Unknown Source)
Caused by: java.net.SocketException: Connection reset by peer: socket write error
	at java.base/java.net.SocketOutputStream.socketWrite0(Native Method)
	at java.base/java.net.SocketOutputStream.socketWrite(Unknown Source)
	at java.base/java.net.SocketOutputStream.write(Unknown Source)
	at java.base/java.io.BufferedOutputStream.flushBuffer(Unknown Source)
	at java.base/java.io.BufferedOutputStream.flush(Unknown Source)
	at org.eclipse.tcf.core.ChannelTCP.flush(ChannelTCP.java:216)
	at org.eclipse.tcf.core.AbstractChannel$2.run(AbstractChannel.java:523)
11:29:16 INFO  : Launching XSCT server: xsct.bat -n  -interactive C:\Users\nc1220\xilinx_workspace\dvd_firmware\dvd_firmware.sdk\temp_xsdb_launch_script.tcl
11:29:19 INFO  : XSCT server has started successfully.
11:29:20 INFO  : Successfully done setting XSCT server connection channel  
11:29:20 INFO  : plnx-install-location is set to ''
11:29:20 INFO  : Successfully done setting workspace for the tool. 
11:29:23 INFO  : Registering command handlers for Vitis TCF services
11:29:24 INFO  : Successfully done query RDI_DATADIR 
11:42:59 INFO  : Launching XSCT server: xsct.bat -n  -interactive C:\Users\nc1220\xilinx_workspace\dvd_firmware\dvd_firmware.sdk\temp_xsdb_launch_script.tcl
11:43:02 INFO  : XSCT server has started successfully.
11:43:02 INFO  : plnx-install-location is set to ''
11:43:02 INFO  : Successfully done setting XSCT server connection channel  
11:43:02 INFO  : Successfully done setting workspace for the tool. 
11:43:06 INFO  : Successfully done query RDI_DATADIR 
11:43:06 INFO  : Registering command handlers for Vitis TCF services
11:43:43 INFO  : Connected to target on host '127.0.0.1' and port '3121'.
11:43:44 INFO  : Jtag cable 'Digilent Zybo Z7 210351AB7633A' is selected.
11:43:44 INFO  : 'jtag frequency' command is executed.
11:43:44 INFO  : Context for 'APU' is selected.
11:43:44 INFO  : System reset is completed.
11:43:47 INFO  : 'after 3000' command is executed.
11:43:47 INFO  : 'targets -set -filter {jtag_cable_name =~ "Digilent Zybo Z7 210351AB7633A" && level==0} -index 1' command is executed.
11:43:48 INFO  : FPGA configured successfully with bitstream "C:/Users/nc1220/xilinx_workspace/dvd_firmware/dvd_firmware.sdk/dvd_firmware/_ide/bitstream/system_wrapper.bit"
11:43:49 INFO  : Context for 'APU' is selected.
11:43:49 INFO  : Hardware design information is loaded from 'C:/Users/nc1220/xilinx_workspace/dvd_firmware/dvd_firmware.sdk/def/export/def/hw/system_wrapper.xsa'.
11:43:49 INFO  : 'configparams force-mem-access 1' command is executed.
11:43:49 INFO  : Context for 'APU' is selected.
11:43:49 INFO  : Sourcing of 'C:/Users/nc1220/xilinx_workspace/dvd_firmware/dvd_firmware.sdk/dvd_firmware/_ide/psinit/ps7_init.tcl' is done.
11:43:49 INFO  : 'ps7_init' command is executed.
11:43:49 INFO  : 'ps7_post_config' command is executed.
11:43:49 INFO  : Context for processor 'ps7_cortexa9_0' is selected.
11:43:51 INFO  : The application 'C:/Users/nc1220/xilinx_workspace/dvd_firmware/dvd_firmware.sdk/dvd_firmware/Debug/dvd_firmware.elf' is downloaded to processor 'ps7_cortexa9_0'.
11:43:51 INFO  : 'configparams force-mem-access 0' command is executed.
11:43:51 INFO  : ----------------XSDB Script----------------
connect -url tcp:127.0.0.1:3121
targets -set -nocase -filter {name =~"APU*"}
rst -system
after 3000
targets -set -filter {jtag_cable_name =~ "Digilent Zybo Z7 210351AB7633A" && level==0} -index 1
fpga -file C:/Users/nc1220/xilinx_workspace/dvd_firmware/dvd_firmware.sdk/dvd_firmware/_ide/bitstream/system_wrapper.bit
targets -set -nocase -filter {name =~"APU*"}
loadhw -hw C:/Users/nc1220/xilinx_workspace/dvd_firmware/dvd_firmware.sdk/def/export/def/hw/system_wrapper.xsa -mem-ranges [list {0x40000000 0xbfffffff}]
configparams force-mem-access 1
targets -set -nocase -filter {name =~"APU*"}
source C:/Users/nc1220/xilinx_workspace/dvd_firmware/dvd_firmware.sdk/dvd_firmware/_ide/psinit/ps7_init.tcl
ps7_init
ps7_post_config
targets -set -nocase -filter {name =~ "*A9*#0"}
dow C:/Users/nc1220/xilinx_workspace/dvd_firmware/dvd_firmware.sdk/dvd_firmware/Debug/dvd_firmware.elf
configparams force-mem-access 0
----------------End of Script----------------

11:43:51 INFO  : Memory regions updated for context APU
11:43:51 INFO  : Context for processor 'ps7_cortexa9_0' is selected.
11:43:51 INFO  : 'con' command is executed.
11:43:51 INFO  : ----------------XSDB Script (After Launch)----------------
targets -set -nocase -filter {name =~ "*A9*#0"}
con
----------------End of Script----------------

11:43:51 INFO  : Launch script is exported to file 'C:\Users\nc1220\xilinx_workspace\dvd_firmware\dvd_firmware.sdk\.sdk\launch_scripts\single_application_debug\systemdebugger_dvd_firmware_system_standalone.tcl'
11:46:38 INFO  : Checking for BSP changes to sync application flags for project 'dvd_firmware'...
11:51:37 INFO  : Checking for BSP changes to sync application flags for project 'dvd_firmware'...
11:52:05 INFO  : Disconnected from the channel tcfchan#1.
11:52:06 INFO  : Connected to target on host '127.0.0.1' and port '3121'.
11:52:07 INFO  : Jtag cable 'Digilent Zybo Z7 210351AB7633A' is selected.
11:52:07 INFO  : 'jtag frequency' command is executed.
11:52:07 INFO  : Context for 'APU' is selected.
11:52:07 INFO  : System reset is completed.
11:52:10 INFO  : 'after 3000' command is executed.
11:52:10 INFO  : 'targets -set -filter {jtag_cable_name =~ "Digilent Zybo Z7 210351AB7633A" && level==0} -index 1' command is executed.
11:52:11 INFO  : FPGA configured successfully with bitstream "C:/Users/nc1220/xilinx_workspace/dvd_firmware/dvd_firmware.sdk/dvd_firmware/_ide/bitstream/system_wrapper.bit"
11:52:11 INFO  : Context for 'APU' is selected.
11:52:16 INFO  : Hardware design information is loaded from 'C:/Users/nc1220/xilinx_workspace/dvd_firmware/dvd_firmware.sdk/def/export/def/hw/system_wrapper.xsa'.
11:52:16 INFO  : 'configparams force-mem-access 1' command is executed.
11:52:16 INFO  : Context for 'APU' is selected.
11:52:16 INFO  : Sourcing of 'C:/Users/nc1220/xilinx_workspace/dvd_firmware/dvd_firmware.sdk/dvd_firmware/_ide/psinit/ps7_init.tcl' is done.
11:52:17 INFO  : 'ps7_init' command is executed.
11:52:17 INFO  : 'ps7_post_config' command is executed.
11:52:17 INFO  : Context for processor 'ps7_cortexa9_0' is selected.
11:52:18 INFO  : The application 'C:/Users/nc1220/xilinx_workspace/dvd_firmware/dvd_firmware.sdk/dvd_firmware/Debug/dvd_firmware.elf' is downloaded to processor 'ps7_cortexa9_0'.
11:52:18 INFO  : 'configparams force-mem-access 0' command is executed.
11:52:18 INFO  : ----------------XSDB Script----------------
connect -url tcp:127.0.0.1:3121
targets -set -nocase -filter {name =~"APU*"}
rst -system
after 3000
targets -set -filter {jtag_cable_name =~ "Digilent Zybo Z7 210351AB7633A" && level==0} -index 1
fpga -file C:/Users/nc1220/xilinx_workspace/dvd_firmware/dvd_firmware.sdk/dvd_firmware/_ide/bitstream/system_wrapper.bit
targets -set -nocase -filter {name =~"APU*"}
loadhw -hw C:/Users/nc1220/xilinx_workspace/dvd_firmware/dvd_firmware.sdk/def/export/def/hw/system_wrapper.xsa -mem-ranges [list {0x40000000 0xbfffffff}]
configparams force-mem-access 1
targets -set -nocase -filter {name =~"APU*"}
source C:/Users/nc1220/xilinx_workspace/dvd_firmware/dvd_firmware.sdk/dvd_firmware/_ide/psinit/ps7_init.tcl
ps7_init
ps7_post_config
targets -set -nocase -filter {name =~ "*A9*#0"}
dow C:/Users/nc1220/xilinx_workspace/dvd_firmware/dvd_firmware.sdk/dvd_firmware/Debug/dvd_firmware.elf
configparams force-mem-access 0
----------------End of Script----------------

11:52:18 INFO  : Memory regions updated for context APU
11:52:18 INFO  : Context for processor 'ps7_cortexa9_0' is selected.
11:52:18 INFO  : 'con' command is executed.
11:52:18 INFO  : ----------------XSDB Script (After Launch)----------------
targets -set -nocase -filter {name =~ "*A9*#0"}
con
----------------End of Script----------------

11:52:18 INFO  : Launch script is exported to file 'C:\Users\nc1220\xilinx_workspace\dvd_firmware\dvd_firmware.sdk\.sdk\launch_scripts\single_application_debug\systemdebugger_dvd_firmware_system_standalone.tcl'
11:52:54 INFO  : Checking for BSP changes to sync application flags for project 'dvd_firmware'...
11:53:23 INFO  : Disconnected from the channel tcfchan#5.
11:53:23 INFO  : Connected to target on host '127.0.0.1' and port '3121'.
11:53:24 INFO  : Jtag cable 'Digilent Zybo Z7 210351AB7633A' is selected.
11:53:24 INFO  : 'jtag frequency' command is executed.
11:53:24 INFO  : Context for 'APU' is selected.
11:53:24 INFO  : System reset is completed.
11:53:27 INFO  : 'after 3000' command is executed.
11:53:27 INFO  : 'targets -set -filter {jtag_cable_name =~ "Digilent Zybo Z7 210351AB7633A" && level==0} -index 1' command is executed.
11:53:28 INFO  : FPGA configured successfully with bitstream "C:/Users/nc1220/xilinx_workspace/dvd_firmware/dvd_firmware.sdk/dvd_firmware/_ide/bitstream/system_wrapper.bit"
11:53:29 INFO  : Context for 'APU' is selected.
11:53:29 INFO  : Hardware design information is loaded from 'C:/Users/nc1220/xilinx_workspace/dvd_firmware/dvd_firmware.sdk/def/export/def/hw/system_wrapper.xsa'.
11:53:29 INFO  : 'configparams force-mem-access 1' command is executed.
11:53:29 INFO  : Context for 'APU' is selected.
11:53:29 INFO  : Sourcing of 'C:/Users/nc1220/xilinx_workspace/dvd_firmware/dvd_firmware.sdk/dvd_firmware/_ide/psinit/ps7_init.tcl' is done.
11:53:29 INFO  : 'ps7_init' command is executed.
11:53:29 INFO  : 'ps7_post_config' command is executed.
11:53:29 INFO  : Context for processor 'ps7_cortexa9_0' is selected.
11:53:30 INFO  : The application 'C:/Users/nc1220/xilinx_workspace/dvd_firmware/dvd_firmware.sdk/dvd_firmware/Debug/dvd_firmware.elf' is downloaded to processor 'ps7_cortexa9_0'.
11:53:30 INFO  : 'configparams force-mem-access 0' command is executed.
11:53:30 INFO  : ----------------XSDB Script----------------
connect -url tcp:127.0.0.1:3121
targets -set -nocase -filter {name =~"APU*"}
rst -system
after 3000
targets -set -filter {jtag_cable_name =~ "Digilent Zybo Z7 210351AB7633A" && level==0} -index 1
fpga -file C:/Users/nc1220/xilinx_workspace/dvd_firmware/dvd_firmware.sdk/dvd_firmware/_ide/bitstream/system_wrapper.bit
targets -set -nocase -filter {name =~"APU*"}
loadhw -hw C:/Users/nc1220/xilinx_workspace/dvd_firmware/dvd_firmware.sdk/def/export/def/hw/system_wrapper.xsa -mem-ranges [list {0x40000000 0xbfffffff}]
configparams force-mem-access 1
targets -set -nocase -filter {name =~"APU*"}
source C:/Users/nc1220/xilinx_workspace/dvd_firmware/dvd_firmware.sdk/dvd_firmware/_ide/psinit/ps7_init.tcl
ps7_init
ps7_post_config
targets -set -nocase -filter {name =~ "*A9*#0"}
dow C:/Users/nc1220/xilinx_workspace/dvd_firmware/dvd_firmware.sdk/dvd_firmware/Debug/dvd_firmware.elf
configparams force-mem-access 0
----------------End of Script----------------

11:53:30 INFO  : Memory regions updated for context APU
11:53:31 INFO  : Context for processor 'ps7_cortexa9_0' is selected.
11:53:31 INFO  : 'con' command is executed.
11:53:31 INFO  : ----------------XSDB Script (After Launch)----------------
targets -set -nocase -filter {name =~ "*A9*#0"}
con
----------------End of Script----------------

11:53:31 INFO  : Launch script is exported to file 'C:\Users\nc1220\xilinx_workspace\dvd_firmware\dvd_firmware.sdk\.sdk\launch_scripts\single_application_debug\systemdebugger_dvd_firmware_system_standalone.tcl'
12:05:52 INFO  : Checking for BSP changes to sync application flags for project 'dvd_firmware'...
12:06:10 INFO  : Disconnected from the channel tcfchan#7.
12:06:10 INFO  : Connected to target on host '127.0.0.1' and port '3121'.
12:06:10 INFO  : Jtag cable 'Digilent Zybo Z7 210351AB7633A' is selected.
12:06:10 INFO  : 'jtag frequency' command is executed.
12:06:10 INFO  : Context for 'APU' is selected.
12:06:10 INFO  : System reset is completed.
12:06:13 INFO  : 'after 3000' command is executed.
12:06:13 INFO  : 'targets -set -filter {jtag_cable_name =~ "Digilent Zybo Z7 210351AB7633A" && level==0} -index 1' command is executed.
12:06:15 INFO  : FPGA configured successfully with bitstream "C:/Users/nc1220/xilinx_workspace/dvd_firmware/dvd_firmware.sdk/dvd_firmware/_ide/bitstream/system_wrapper.bit"
12:06:15 INFO  : Context for 'APU' is selected.
12:06:15 INFO  : Hardware design information is loaded from 'C:/Users/nc1220/xilinx_workspace/dvd_firmware/dvd_firmware.sdk/def/export/def/hw/system_wrapper.xsa'.
12:06:15 INFO  : 'configparams force-mem-access 1' command is executed.
12:06:15 INFO  : Context for 'APU' is selected.
12:06:15 INFO  : Sourcing of 'C:/Users/nc1220/xilinx_workspace/dvd_firmware/dvd_firmware.sdk/dvd_firmware/_ide/psinit/ps7_init.tcl' is done.
12:06:15 INFO  : 'ps7_init' command is executed.
12:06:15 INFO  : 'ps7_post_config' command is executed.
12:06:15 INFO  : Context for processor 'ps7_cortexa9_0' is selected.
12:06:16 INFO  : The application 'C:/Users/nc1220/xilinx_workspace/dvd_firmware/dvd_firmware.sdk/dvd_firmware/Debug/dvd_firmware.elf' is downloaded to processor 'ps7_cortexa9_0'.
12:06:16 INFO  : 'configparams force-mem-access 0' command is executed.
12:06:16 INFO  : ----------------XSDB Script----------------
connect -url tcp:127.0.0.1:3121
targets -set -nocase -filter {name =~"APU*"}
rst -system
after 3000
targets -set -filter {jtag_cable_name =~ "Digilent Zybo Z7 210351AB7633A" && level==0} -index 1
fpga -file C:/Users/nc1220/xilinx_workspace/dvd_firmware/dvd_firmware.sdk/dvd_firmware/_ide/bitstream/system_wrapper.bit
targets -set -nocase -filter {name =~"APU*"}
loadhw -hw C:/Users/nc1220/xilinx_workspace/dvd_firmware/dvd_firmware.sdk/def/export/def/hw/system_wrapper.xsa -mem-ranges [list {0x40000000 0xbfffffff}]
configparams force-mem-access 1
targets -set -nocase -filter {name =~"APU*"}
source C:/Users/nc1220/xilinx_workspace/dvd_firmware/dvd_firmware.sdk/dvd_firmware/_ide/psinit/ps7_init.tcl
ps7_init
ps7_post_config
targets -set -nocase -filter {name =~ "*A9*#0"}
dow C:/Users/nc1220/xilinx_workspace/dvd_firmware/dvd_firmware.sdk/dvd_firmware/Debug/dvd_firmware.elf
configparams force-mem-access 0
----------------End of Script----------------

12:06:16 INFO  : Memory regions updated for context APU
12:06:17 INFO  : Context for processor 'ps7_cortexa9_0' is selected.
12:06:17 INFO  : 'con' command is executed.
12:06:17 INFO  : ----------------XSDB Script (After Launch)----------------
targets -set -nocase -filter {name =~ "*A9*#0"}
con
----------------End of Script----------------

12:06:17 INFO  : Launch script is exported to file 'C:\Users\nc1220\xilinx_workspace\dvd_firmware\dvd_firmware.sdk\.sdk\launch_scripts\single_application_debug\systemdebugger_dvd_firmware_system_standalone.tcl'
12:06:42 INFO  : Checking for BSP changes to sync application flags for project 'dvd_firmware'...
12:07:14 INFO  : Disconnected from the channel tcfchan#9.
12:07:14 INFO  : Connected to target on host '127.0.0.1' and port '3121'.
12:07:14 INFO  : Jtag cable 'Digilent Zybo Z7 210351AB7633A' is selected.
12:07:14 INFO  : 'jtag frequency' command is executed.
12:07:14 INFO  : Context for 'APU' is selected.
12:07:14 INFO  : System reset is completed.
12:07:17 INFO  : 'after 3000' command is executed.
12:07:18 INFO  : 'targets -set -filter {jtag_cable_name =~ "Digilent Zybo Z7 210351AB7633A" && level==0} -index 1' command is executed.
12:07:19 INFO  : FPGA configured successfully with bitstream "C:/Users/nc1220/xilinx_workspace/dvd_firmware/dvd_firmware.sdk/dvd_firmware/_ide/bitstream/system_wrapper.bit"
12:07:19 INFO  : Context for 'APU' is selected.
12:07:19 INFO  : Hardware design information is loaded from 'C:/Users/nc1220/xilinx_workspace/dvd_firmware/dvd_firmware.sdk/def/export/def/hw/system_wrapper.xsa'.
12:07:19 INFO  : 'configparams force-mem-access 1' command is executed.
12:07:19 INFO  : Context for 'APU' is selected.
12:07:19 INFO  : Sourcing of 'C:/Users/nc1220/xilinx_workspace/dvd_firmware/dvd_firmware.sdk/dvd_firmware/_ide/psinit/ps7_init.tcl' is done.
12:07:19 INFO  : 'ps7_init' command is executed.
12:07:19 INFO  : 'ps7_post_config' command is executed.
12:07:19 INFO  : Context for processor 'ps7_cortexa9_0' is selected.
12:07:21 INFO  : The application 'C:/Users/nc1220/xilinx_workspace/dvd_firmware/dvd_firmware.sdk/dvd_firmware/Debug/dvd_firmware.elf' is downloaded to processor 'ps7_cortexa9_0'.
12:07:21 INFO  : 'configparams force-mem-access 0' command is executed.
12:07:21 INFO  : ----------------XSDB Script----------------
connect -url tcp:127.0.0.1:3121
targets -set -nocase -filter {name =~"APU*"}
rst -system
after 3000
targets -set -filter {jtag_cable_name =~ "Digilent Zybo Z7 210351AB7633A" && level==0} -index 1
fpga -file C:/Users/nc1220/xilinx_workspace/dvd_firmware/dvd_firmware.sdk/dvd_firmware/_ide/bitstream/system_wrapper.bit
targets -set -nocase -filter {name =~"APU*"}
loadhw -hw C:/Users/nc1220/xilinx_workspace/dvd_firmware/dvd_firmware.sdk/def/export/def/hw/system_wrapper.xsa -mem-ranges [list {0x40000000 0xbfffffff}]
configparams force-mem-access 1
targets -set -nocase -filter {name =~"APU*"}
source C:/Users/nc1220/xilinx_workspace/dvd_firmware/dvd_firmware.sdk/dvd_firmware/_ide/psinit/ps7_init.tcl
ps7_init
ps7_post_config
targets -set -nocase -filter {name =~ "*A9*#0"}
dow C:/Users/nc1220/xilinx_workspace/dvd_firmware/dvd_firmware.sdk/dvd_firmware/Debug/dvd_firmware.elf
configparams force-mem-access 0
----------------End of Script----------------

12:07:21 INFO  : Memory regions updated for context APU
12:07:21 INFO  : Context for processor 'ps7_cortexa9_0' is selected.
12:07:21 INFO  : 'con' command is executed.
12:07:21 INFO  : ----------------XSDB Script (After Launch)----------------
targets -set -nocase -filter {name =~ "*A9*#0"}
con
----------------End of Script----------------

12:07:21 INFO  : Launch script is exported to file 'C:\Users\nc1220\xilinx_workspace\dvd_firmware\dvd_firmware.sdk\.sdk\launch_scripts\single_application_debug\systemdebugger_dvd_firmware_system_standalone.tcl'
10:57:16 INFO  : Checking for BSP changes to sync application flags for project 'dvd_firmware'...
10:59:20 INFO  : Checking for BSP changes to sync application flags for project 'dvd_firmware'...
10:59:48 INFO  : Checking for BSP changes to sync application flags for project 'dvd_firmware'...
11:06:34 INFO  : Successfully done sdx_reload_mss "C:/Users/nc1220/xilinx_workspace/dvd_firmware/dvd_firmware.sdk/def/zynq_fsbl/zynq_fsbl_bsp/system.mss"
11:06:35 INFO  : Successfully done sdx_reload_mss "C:/Users/nc1220/xilinx_workspace/dvd_firmware/dvd_firmware.sdk/def/ps7_cortexa9_0/standalone_domain/bsp/system.mss"
11:14:43 INFO  : Checking for BSP changes to sync application flags for project 'axi_test'...
11:14:43 ERROR : Failed to get platform details for the project 'axi_test'. Cannot sync application flags.
11:16:47 INFO  : Checking for BSP changes to sync application flags for project 'dvd_firmware'...
12:05:24 INFO  : Checking for BSP changes to sync application flags for project 'dvd_firmware'...
12:07:01 INFO  : Checking for BSP changes to sync application flags for project 'dvd_firmware'...
12:08:53 INFO  : Checking for BSP changes to sync application flags for project 'dvd_firmware'...
12:09:42 INFO  : Disconnected from the channel tcfchan#11.
12:09:49 INFO  : Checking for BSP changes to sync application flags for project 'dvd_firmware'...
12:11:50 INFO  : Checking for BSP changes to sync application flags for project 'dvd_firmware'...
12:14:49 INFO  : Checking for BSP changes to sync application flags for project 'dvd_firmware'...
11:14:41 INFO  : Checking for BSP changes to sync application flags for project 'dvd_firmware'...
11:20:33 INFO  : Checking for BSP changes to sync application flags for project 'dvd_firmware'...
11:23:29 INFO  : Checking for BSP changes to sync application flags for project 'dvd_firmware'...
11:24:02 INFO  : Checking for BSP changes to sync application flags for project 'dvd_firmware'...
11:26:06 INFO  : Successfully done sdx_reload_mss "C:/Users/nc1220/xilinx_workspace/dvd_firmware/dvd_firmware.sdk/def/zynq_fsbl/zynq_fsbl_bsp/system.mss"
11:26:06 INFO  : Successfully done sdx_reload_mss "C:/Users/nc1220/xilinx_workspace/dvd_firmware/dvd_firmware.sdk/def/ps7_cortexa9_0/standalone_domain/bsp/system.mss"
11:27:43 INFO  : (SwPlatform)  Successfully done add_library 
11:27:49 INFO  : (SwPlatform) Successfully done update_mss 
11:27:49 INFO  : Successfully done sdx_reload_mss "C:/Users/nc1220/xilinx_workspace/dvd_firmware/dvd_firmware.sdk/def/ps7_cortexa9_0/standalone_domain/bsp/system.mss"
11:28:58 INFO  : Checking for BSP changes to sync application flags for project 'dvd_firmware'...
11:28:58 INFO  : Updating application flags with new BSP settings...
11:28:59 INFO  : Successfully updated application flags for project dvd_firmware.
11:33:16 INFO  : Checking for BSP changes to sync application flags for project 'dvd_firmware'...
11:35:28 INFO  : Checking for BSP changes to sync application flags for project 'dvd_firmware'...
11:38:37 INFO  : Checking for BSP changes to sync application flags for project 'dvd_firmware'...
11:40:37 INFO  : Checking for BSP changes to sync application flags for project 'dvd_firmware'...
11:40:51 INFO  : Connected to target on host '127.0.0.1' and port '3121'.
11:40:51 INFO  : Jtag cable 'Digilent Zybo Z7 210351AB7633A' is selected.
11:40:51 INFO  : 'jtag frequency' command is executed.
11:40:51 INFO  : Context for 'APU' is selected.
11:40:52 INFO  : System reset is completed.
11:40:55 INFO  : 'after 3000' command is executed.
11:40:55 INFO  : 'targets -set -filter {jtag_cable_name =~ "Digilent Zybo Z7 210351AB7633A" && level==0} -index 1' command is executed.
11:40:56 INFO  : FPGA configured successfully with bitstream "C:/Users/nc1220/xilinx_workspace/dvd_firmware/dvd_firmware.sdk/dvd_firmware/_ide/bitstream/system_wrapper.bit"
11:40:56 INFO  : Context for 'APU' is selected.
11:40:56 INFO  : Hardware design information is loaded from 'C:/Users/nc1220/xilinx_workspace/dvd_firmware/dvd_firmware.sdk/def/export/def/hw/system_wrapper.xsa'.
11:40:56 INFO  : 'configparams force-mem-access 1' command is executed.
11:40:56 INFO  : Context for 'APU' is selected.
11:40:56 INFO  : Sourcing of 'C:/Users/nc1220/xilinx_workspace/dvd_firmware/dvd_firmware.sdk/dvd_firmware/_ide/psinit/ps7_init.tcl' is done.
11:40:57 INFO  : 'ps7_init' command is executed.
11:40:57 INFO  : 'ps7_post_config' command is executed.
11:40:57 INFO  : Context for processor 'ps7_cortexa9_0' is selected.
11:40:58 INFO  : The application 'C:/Users/nc1220/xilinx_workspace/dvd_firmware/dvd_firmware.sdk/dvd_firmware/Debug/dvd_firmware.elf' is downloaded to processor 'ps7_cortexa9_0'.
11:40:58 INFO  : 'configparams force-mem-access 0' command is executed.
11:40:58 INFO  : ----------------XSDB Script----------------
connect -url tcp:127.0.0.1:3121
targets -set -nocase -filter {name =~"APU*"}
rst -system
after 3000
targets -set -filter {jtag_cable_name =~ "Digilent Zybo Z7 210351AB7633A" && level==0} -index 1
fpga -file C:/Users/nc1220/xilinx_workspace/dvd_firmware/dvd_firmware.sdk/dvd_firmware/_ide/bitstream/system_wrapper.bit
targets -set -nocase -filter {name =~"APU*"}
loadhw -hw C:/Users/nc1220/xilinx_workspace/dvd_firmware/dvd_firmware.sdk/def/export/def/hw/system_wrapper.xsa -mem-ranges [list {0x40000000 0xbfffffff}]
configparams force-mem-access 1
targets -set -nocase -filter {name =~"APU*"}
source C:/Users/nc1220/xilinx_workspace/dvd_firmware/dvd_firmware.sdk/dvd_firmware/_ide/psinit/ps7_init.tcl
ps7_init
ps7_post_config
targets -set -nocase -filter {name =~ "*A9*#0"}
dow C:/Users/nc1220/xilinx_workspace/dvd_firmware/dvd_firmware.sdk/dvd_firmware/Debug/dvd_firmware.elf
configparams force-mem-access 0
----------------End of Script----------------

11:40:58 INFO  : Memory regions updated for context APU
11:40:58 INFO  : Context for processor 'ps7_cortexa9_0' is selected.
11:40:58 INFO  : 'con' command is executed.
11:40:58 INFO  : ----------------XSDB Script (After Launch)----------------
targets -set -nocase -filter {name =~ "*A9*#0"}
con
----------------End of Script----------------

11:40:58 INFO  : Launch script is exported to file 'C:\Users\nc1220\xilinx_workspace\dvd_firmware\dvd_firmware.sdk\.sdk\launch_scripts\single_application_debug\debugger_dvd_firmware-default.tcl'
