#-----------------------------------------------------------
# Webtalk v2019.2 (64-bit)
# SW Build 2708876 on Wed Nov  6 21:40:23 MST 2019
# 
# Start of session at: Mon Dec  2 22:07:13 2019
# Process ID: 2828
# Current directory: C:/Users/nc1220/xilinx_workspace/dvd_firmware/webtalk
# Command line: wbtcv.exe -mode batch -source vitis_webtalk.tcl
# Log file: C:/Users/nc1220/xilinx_workspace/dvd_firmware/webtalk/webtalk.log
# Journal file: C:/Users/nc1220/xilinx_workspace/dvd_firmware/webtalk\webtalk.jou
#-----------------------------------------------------------
source vitis_webtalk.tcl
# webtalk_init -webtalk_dir C:\\Users\\nc1220\\xilinx_workspace\\dvd_firmware\\webtalk
# webtalk_register_client -client project
# webtalk_add_data -client project -key date_generated -value "2019-12-02 22:07:11" -context "software_version_and_target_device"
# webtalk_add_data -client project -key product_version -value "Vitis v2019.2" -context "software_version_and_target_device"
# webtalk_add_data -client project -key build_version -value "2019.2" -context "software_version_and_target_device"
# webtalk_add_data -client project -key os_platform -value "amd64" -context "software_version_and_target_device"
# webtalk_add_data -client project -key registration_id -value "NA" -context "software_version_and_target_device"
# webtalk_add_data -client project -key tool_flow -value "Vitis" -context "software_version_and_target_device"
# webtalk_add_data -client project -key beta -value "false" -context "software_version_and_target_device"
# webtalk_add_data -client project -key route_design -value "NA" -context "software_version_and_target_device"
# webtalk_add_data -client project -key target_family -value "NA" -context "software_version_and_target_device"
# webtalk_add_data -client project -key target_device -value "NA" -context "software_version_and_target_device"
# webtalk_add_data -client project -key target_package -value "NA" -context "software_version_and_target_device"
# webtalk_add_data -client project -key target_speed -value "NA" -context "software_version_and_target_device"
# webtalk_add_data -client project -key random_id -value "lu6v7e5ejq4kjpspojphagmg01" -context "software_version_and_target_device"
# webtalk_add_data -client project -key project_id -value "2019.2_3" -context "software_version_and_target_device"
# webtalk_add_data -client project -key project_iteration -value "3" -context "software_version_and_target_device"
# webtalk_add_data -client project -key os_name -value "Microsoft Windows 8 or later , 64-bit" -context "user_environment"
# webtalk_add_data -client project -key os_release -value "major release  (build 9200)" -context "user_environment"
# webtalk_add_data -client project -key cpu_name -value "Intel(R) Xeon(R) Silver 4112 CPU @ 2.60GHz" -context "user_environment"
# webtalk_add_data -client project -key cpu_speed -value "2594 MHz" -context "user_environment"
# webtalk_add_data -client project -key total_processors -value "1" -context "user_environment"
# webtalk_add_data -client project -key system_ram -value "68.299 GB" -context "user_environment"
# webtalk_register_client -client vitis
# webtalk_add_data -client vitis -key uid -value "1575342016792" -context "vitis\\\\application/1575342016792"
# webtalk_add_data -client vitis -key project_type -value "sdk" -context "vitis\\\\application/1575342016792"
# webtalk_add_data -client vitis -key os -value "standalone" -context "vitis\\\\application/1575342016792"
# webtalk_add_data -client vitis -key processor -value "cortex-a9" -context "vitis\\\\application/1575342016792"
# webtalk_add_data -client vitis -key runtime -value "C/C++" -context "vitis\\\\application/1575342016792"
# webtalk_add_data -client vitis -key template -value "sdk" -context "vitis\\\\application/1575342016792"
# webtalk_add_data -client vitis -key platform -value "custom" -context "vitis\\\\application/1575342016792"
# webtalk_add_data -client vitis -key platform_type -value "fixed" -context "vitis\\\\application/1575342016792"
# webtalk_add_data -client vitis -key application_type -value "application" -context "vitis\\\\application/1575342016792"
# webtalk_add_data -client vitis -key platform_source -value "platform" -context "vitis\\\\application/1575342016792"
# webtalk_add_data -client vitis -key device_family -value "zynq" -context "vitis\\\\application/1575342016792"
# webtalk_add_data -client vitis -key fpga -value "xc7z010" -context "vitis\\\\application/1575342016792"
# webtalk_transmit -clientid 858592268 -regid "" -xml C:\\Users\\nc1220\\xilinx_workspace\\dvd_firmware\\webtalk\\usage_statistics_ext_vitis.xml -html C:\\Users\\nc1220\\xilinx_workspace\\dvd_firmware\\webtalk\\usage_statistics_ext_vitis.html -wdm C:\\Users\\nc1220\\xilinx_workspace\\dvd_firmware\\webtalk\\vitis_webtalk.wdm -intro "<H3>Vitis Usage Report</H3><BR>"
INFO: [Common 17-186] 'C:\Users\nc1220\xilinx_workspace\dvd_firmware\webtalk\usage_statistics_ext_vitis.xml' has been successfully sent to Xilinx on Mon Dec  2 22:07:17 2019. For additional details about this file, please refer to the WebTalk help file at C:/Vitis/Vitis/2019.2/doc/webtalk_introduction.html.
# webtalk_terminate
INFO: [Common 17-206] Exiting Webtalk at Mon Dec  2 22:07:17 2019...
